Experiment 1:
Initializing MAG_T with beta_shift:1 hidden_prob:0.5
Initializing MAG_A with beta_shift:1 hidden_prob:0.5
Initializing MAG_V with beta_shift:1 hidden_prob:0.5
epoch:0, train_loss:2.406972783583182, valid_loss:2.663261890411377,
 test_acc_7:0.15474452554744525
 test_acc:0.42442748091603055
 f_score:0.26253180036386137
 test_mae:1.4884551340863392
 test_corr:0.313815522705414
epoch:1, train_loss:2.239577191847342, valid_loss:2.581936001777649,
 test_acc_7:0.1591240875912409
 test_acc:0.48091603053435117
 f_score:0.37853371117061124
 test_mae:1.4576348032296693
 test_corr:0.405124203756279
epoch:2, train_loss:2.064499501828794, valid_loss:2.252257466316223,
 test_acc_7:0.18394160583941604
 test_acc:0.6580152671755726
 f_score:0.6507816173131641
 test_mae:1.3298505956030677
 test_corr:0.5181078100348667
epoch:3, train_loss:1.6417639917797513, valid_loss:1.600716471672058,
 test_acc_7:0.28905109489051095
 test_acc:0.8122137404580153
 f_score:0.8109190040698849
 test_mae:0.9913508980933093
 test_corr:0.6859781728622893
epoch:4, train_loss:1.231731324284165, valid_loss:1.298864483833313,
 test_acc_7:0.3284671532846715
 test_acc:0.8396946564885496
 f_score:0.8388131462486796
 test_mae:0.8964481453404172
 test_corr:0.757469736763558
epoch:5, train_loss:0.9755337260387562, valid_loss:1.2083969712257385,
 test_acc_7:0.37518248175182484
 test_acc:0.8412213740458016
 f_score:0.8397063108210479
 test_mae:0.836792659493988
 test_corr:0.7712541072424142
epoch:6, train_loss:0.7926325301329294, valid_loss:1.1858054995536804,
 test_acc_7:0.4029197080291971
 test_acc:0.8259541984732824
 f_score:0.8265701715897209
 test_mae:0.8348060897758536
 test_corr:0.7708546835338459
epoch:7, train_loss:0.7229393257035149, valid_loss:1.2036993503570557,
 test_acc_7:0.4306569343065693
 test_acc:0.8473282442748091
 f_score:0.8467370910119001
 test_mae:0.7791249055905936
 test_corr:0.7758756167574697
epoch:8, train_loss:0.6093936639803427, valid_loss:1.2641338109970093,
 test_acc_7:0.4321167883211679
 test_acc:0.8320610687022901
 f_score:0.831892326235436
 test_mae:0.7977880018041646
 test_corr:0.7801130446622195
epoch:9, train_loss:0.5704639355341593, valid_loss:1.1843770742416382,
 test_acc_7:0.4321167883211679
 test_acc:0.833587786259542
 f_score:0.8340396831467005
 test_mae:0.7941355723717058
 test_corr:0.7785132367556031
epoch:10, train_loss:0.4702893749431328, valid_loss:1.2535215020179749,
 test_acc_7:0.41605839416058393
 test_acc:0.850381679389313
 f_score:0.8502313451915702
 test_mae:0.7861033590794861
 test_corr:0.7794974256137672
epoch:11, train_loss:0.4519929438829422, valid_loss:1.2727298140525818,
 test_acc_7:0.4248175182481752
 test_acc:0.8534351145038168
 f_score:0.852957663164418
 test_mae:0.7912929944135959
 test_corr:0.7781535840021834
epoch:12, train_loss:0.4288415754282916, valid_loss:1.2774471938610077,
 test_acc_7:0.4306569343065693
 test_acc:0.8412213740458016
 f_score:0.8416802413211807
 test_mae:0.7890500055661581
 test_corr:0.7792681806360465
epoch:13, train_loss:0.3953669634130266, valid_loss:1.2514756917953491,
 test_acc_7:0.4233576642335766
 test_acc:0.8381679389312977
 f_score:0.8388747895015111
 test_mae:0.7986338769746874
 test_corr:0.776756223290503
epoch:14, train_loss:0.3692137863900926, valid_loss:1.2230461239814758,
 test_acc_7:0.42627737226277373
 test_acc:0.8549618320610687
 f_score:0.8544451696051208
 test_mae:0.762930104083858
 test_corr:0.7763868363523199
epoch:15, train_loss:0.3266111733736815, valid_loss:1.2542504668235779,
 test_acc_7:0.4116788321167883
 test_acc:0.8442748091603054
 f_score:0.843767517112194
 test_mae:0.7737905065479284
 test_corr:0.7772523472815653
epoch:16, train_loss:0.3283412263349251, valid_loss:1.2287452816963196,
 test_acc_7:0.4321167883211679
 test_acc:0.8442748091603054
 f_score:0.8444188012245875
 test_mae:0.7781826053358586
 test_corr:0.7785224988434084
epoch:17, train_loss:0.31262317465411293, valid_loss:1.1947327852249146,
 test_acc_7:0.42773722627737226
 test_acc:0.8564885496183207
 f_score:0.8564178941969729
 test_mae:0.7760741030598302
 test_corr:0.7769099546812659
epoch:18, train_loss:0.2747587103534628, valid_loss:1.2137576937675476,
 test_acc_7:0.40145985401459855
 test_acc:0.8412213740458016
 f_score:0.8413681894838931
 test_mae:0.7966301503847175
 test_corr:0.7776379697660578
epoch:19, train_loss:0.26676805041454454, valid_loss:1.188136339187622,
 test_acc_7:0.4233576642335766
 test_acc:0.8580152671755725
 f_score:0.8575952595621646
 test_mae:0.7607294567867773
 test_corr:0.7789231383499972
epoch:20, train_loss:0.2606714483764436, valid_loss:1.1966685056686401,
 test_acc_7:0.41605839416058393
 test_acc:0.8564885496183207
 f_score:0.8566212481873648
 test_mae:0.7828302905518021
 test_corr:0.7781532997958857
epoch:21, train_loss:0.24645839521178492, valid_loss:1.2366186380386353,
 test_acc_7:0.4145985401459854
 test_acc:0.8473282442748091
 f_score:0.8474694129652819
 test_mae:0.7915503474378972
 test_corr:0.7773508105344423
epoch:22, train_loss:0.228640572892295, valid_loss:1.2236642837524414,
 test_acc_7:0.4072992700729927
 test_acc:0.8549618320610687
 f_score:0.8546991126048621
 test_mae:0.7835580196843006
 test_corr:0.7777766048864697
epoch:23, train_loss:0.2360434134801229, valid_loss:1.269447237253189,
 test_acc_7:0.4116788321167883
 test_acc:0.8412213740458016
 f_score:0.8414368593238822
 test_mae:0.7890640852681382
 test_corr:0.7768629778471104
epoch:24, train_loss:0.2157583507122817, valid_loss:1.2280728220939636,
 test_acc_7:0.4043795620437956
 test_acc:0.8549618320610687
 f_score:0.8549264924743547
 test_mae:0.7858507296521899
 test_corr:0.7762182239747725
epoch:25, train_loss:0.2081506892486855, valid_loss:1.2376753091812134,
 test_acc_7:0.41897810218978104
 test_acc:0.8549618320610687
 f_score:0.8546174349002855
 test_mae:0.7712179849414157
 test_corr:0.7756595421472422
epoch:26, train_loss:0.20137665779502303, valid_loss:1.2210883498191833,
 test_acc_7:0.39416058394160586
 test_acc:0.8549618320610687
 f_score:0.8546174349002855
 test_mae:0.7823107765262364
 test_corr:0.7735912191238747
epoch:27, train_loss:0.19996591133100014, valid_loss:1.1875517666339874,
 test_acc_7:0.40145985401459855
 test_acc:0.8427480916030534
 f_score:0.8429278898351793
 test_mae:0.8028360439791479
 test_corr:0.772525040272036
epoch:28, train_loss:0.21143805180434827, valid_loss:1.2754681706428528,
 test_acc_7:0.39124087591240875
 test_acc:0.8366412213740458
 f_score:0.8372439028195058
 test_mae:0.8083976679588206
 test_corr:0.7712659365142556
epoch:29, train_loss:0.19579268026131172, valid_loss:1.2177457213401794,
 test_acc_7:0.3897810218978102
 test_acc:0.8473282442748091
 f_score:0.8473282442748091
 test_mae:0.7915872265421252
 test_corr:0.770011335966559
epoch:30, train_loss:0.19585358655011212, valid_loss:1.256271481513977,
 test_acc_7:0.4058394160583942
 test_acc:0.8488549618320611
 f_score:0.8485811805040142
 test_mae:0.7828879647312387
 test_corr:0.770352049580982
epoch:31, train_loss:0.18720512754387325, valid_loss:1.2211758494377136,
 test_acc_7:0.3927007299270073
 test_acc:0.8534351145038168
 f_score:0.853044700629938
 test_mae:0.785131373961513
 test_corr:0.7701130018009414
epoch:32, train_loss:0.18535189275388364, valid_loss:1.2179696559906006,
 test_acc_7:0.3970802919708029
 test_acc:0.8564885496183207
 f_score:0.8563443515102817
 test_mae:0.7857198276080704
 test_corr:0.7714084972741831
epoch:33, train_loss:0.1894692196338265, valid_loss:1.21448814868927,
 test_acc_7:0.40145985401459855
 test_acc:0.8534351145038168
 f_score:0.8533629557756318
 test_mae:0.7858632062967043
 test_corr:0.7714915875440295
epoch:34, train_loss:0.19638222538762623, valid_loss:1.2325719594955444,
 test_acc_7:0.4029197080291971
 test_acc:0.8534351145038168
 f_score:0.853287848350926
 test_mae:0.7846064117936176
 test_corr:0.7722251083354663
epoch:35, train_loss:0.16607150463042436, valid_loss:1.2124572396278381,
 test_acc_7:0.4058394160583942
 test_acc:0.8549618320610687
 f_score:0.854853628009035
 test_mae:0.7851693437679894
 test_corr:0.7723565685502503
epoch:36, train_loss:0.17455600616004732, valid_loss:1.212485134601593,
 test_acc_7:0.39854014598540144
 test_acc:0.8564885496183207
 f_score:0.8564885496183207
 test_mae:0.7880306566276282
 test_corr:0.7722211846048521
epoch:37, train_loss:0.16209514687458673, valid_loss:1.2001863718032837,
 test_acc_7:0.3970802919708029
 test_acc:0.8534351145038168
 f_score:0.8535706364466705
 test_mae:0.791190948396324
 test_corr:0.7720817860094678
epoch:38, train_loss:0.15893502285083136, valid_loss:1.2185343503952026,
 test_acc_7:0.39854014598540144
 test_acc:0.8534351145038168
 f_score:0.8535706364466705
 test_mae:0.7905717964248575
 test_corr:0.772053869461785
epoch:39, train_loss:0.17252285695738262, valid_loss:1.1999204754829407,
 test_acc_7:0.39854014598540144
 test_acc:0.8534351145038168
 f_score:0.8535706364466705
 test_mae:0.7905730195570994
 test_corr:0.7720536605259385

Experiment 2:
Initializing MAG_T with beta_shift:1 hidden_prob:0.5
Initializing MAG_A with beta_shift:1 hidden_prob:0.5
Initializing MAG_V with beta_shift:1 hidden_prob:0.5
epoch:0, train_loss:2.3484652351450035, valid_loss:2.7466208934783936,
 test_acc_7:0.1562043795620438
 test_acc:0.42900763358778626
 f_score:0.2866046472611358
 test_mae:1.5128513493610702
 test_corr:-0.0488219499723086
epoch:1, train_loss:2.272148600331059, valid_loss:2.6595412492752075,
 test_acc_7:0.15474452554744525
 test_acc:0.5694656488549619
 f_score:0.5458408782776314
 test_mae:1.4619199782564174
 test_corr:0.24691179336391414
epoch:2, train_loss:2.0888190887592457, valid_loss:2.2868595123291016,
 test_acc_7:0.17664233576642335
 test_acc:0.6152671755725191
 f_score:0.5889761685815265
 test_mae:1.382558761116558
 test_corr:0.4917153686829069
epoch:3, train_loss:1.652784784634908, valid_loss:1.45869779586792,
 test_acc_7:0.291970802919708
 test_acc:0.7725190839694657
 f_score:0.7738672090208402
 test_mae:1.031929676641376
 test_corr:0.6860749681591148
epoch:4, train_loss:1.2415563309634174, valid_loss:1.3326997756958008,
 test_acc_7:0.30802919708029197
 test_acc:0.8015267175572519
 f_score:0.8027054438590833
 test_mae:0.9521301748047988
 test_corr:0.7540329066071906
epoch:5, train_loss:0.9570192473906057, valid_loss:1.224922776222229,
 test_acc_7:0.35912408759124087
 test_acc:0.8137404580152672
 f_score:0.8148466473139088
 test_mae:0.8987894643293622
 test_corr:0.76761720682449
epoch:6, train_loss:0.8036955418410124, valid_loss:1.2652755379676819,
 test_acc_7:0.3956204379562044
 test_acc:0.833587786259542
 f_score:0.8342936613377453
 test_mae:0.8402991820588879
 test_corr:0.770119425375772
epoch:7, train_loss:0.719342483414544, valid_loss:1.2767143249511719,
 test_acc_7:0.4408759124087591
 test_acc:0.850381679389313
 f_score:0.8488336126688726
 test_mae:0.7711390419518361
 test_corr:0.77205156855048
epoch:8, train_loss:0.6380316902090002, valid_loss:1.2390159964561462,
 test_acc_7:0.4321167883211679
 test_acc:0.8366412213740458
 f_score:0.8362533214140058
 test_mae:0.7872124135743948
 test_corr:0.7677303826554396
epoch:9, train_loss:0.5309301129093876, valid_loss:1.2989797592163086,
 test_acc_7:0.42773722627737226
 test_acc:0.8519083969465648
 f_score:0.8507792920724919
 test_mae:0.7573044527734395
 test_corr:0.7744463215023315
epoch:10, train_loss:0.5230945790255511, valid_loss:1.2956211566925049,
 test_acc_7:0.45255474452554745
 test_acc:0.8473282442748091
 f_score:0.846830899129602
 test_mae:0.763463050797084
 test_corr:0.7805936087432592
epoch:11, train_loss:0.48882927497227985, valid_loss:1.2250227332115173,
 test_acc_7:0.4467153284671533
 test_acc:0.8473282442748091
 f_score:0.847093519896072
 test_mae:0.7689237741656594
 test_corr:0.7779892559211731
epoch:12, train_loss:0.422158263347767, valid_loss:1.2720865607261658,
 test_acc_7:0.4408759124087591
 test_acc:0.8442748091603054
 f_score:0.8440353902939934
 test_mae:0.7724727945210312
 test_corr:0.7734297208766021
epoch:13, train_loss:0.41242509418063694, valid_loss:1.244611918926239,
 test_acc_7:0.43795620437956206
 test_acc:0.8442748091603054
 f_score:0.8440353902939934
 test_mae:0.7616793190099775
 test_corr:0.7769869604293685
epoch:14, train_loss:0.35540850791666245, valid_loss:1.2652151584625244,
 test_acc_7:0.4131386861313869
 test_acc:0.8396946564885496
 f_score:0.8402860728602628
 test_mae:0.7942391817334449
 test_corr:0.7761414114764243
epoch:15, train_loss:0.3298450631124002, valid_loss:1.3149978518486023,
 test_acc_7:0.44233576642335765
 test_acc:0.850381679389313
 f_score:0.8503080173542908
 test_mae:0.7565418347371529
 test_corr:0.7805723668112273
epoch:16, train_loss:0.32009956682169877, valid_loss:1.240903913974762,
 test_acc_7:0.41021897810218977
 test_acc:0.850381679389313
 f_score:0.8507611399653517
 test_mae:0.7884437727038073
 test_corr:0.7791782049046679
epoch:17, train_loss:0.29263001018100315, valid_loss:1.2634887099266052,
 test_acc_7:0.4394160583941606
 test_acc:0.8488549618320611
 f_score:0.8483165451674418
 test_mae:0.748500378948871
 test_corr:0.7811918152666937
epoch:18, train_loss:0.2834708894844408, valid_loss:1.3079485297203064,
 test_acc_7:0.40145985401459855
 test_acc:0.850381679389313
 f_score:0.8510707576254746
 test_mae:0.8145101799658065
 test_corr:0.7802578762310378
epoch:19, train_loss:0.2599249266915851, valid_loss:1.2737969756126404,
 test_acc_7:0.42773722627737226
 test_acc:0.8519083969465648
 f_score:0.8523105437177061
 test_mae:0.7821637228611175
 test_corr:0.776920180135047
epoch:20, train_loss:0.2425888732627586, valid_loss:1.1996231079101562,
 test_acc_7:0.43503649635036495
 test_acc:0.8442748091603054
 f_score:0.8440353902939934
 test_mae:0.7609183702891593
 test_corr:0.7809009145840038
epoch:21, train_loss:0.2305103838443756, valid_loss:1.2174679636955261,
 test_acc_7:0.4043795620437956
 test_acc:0.8458015267175573
 f_score:0.8464144895927173
 test_mae:0.7920992895711981
 test_corr:0.7791111478928004
epoch:22, train_loss:0.23009932123952442, valid_loss:1.2038518190383911,
 test_acc_7:0.41751824817518246
 test_acc:0.8473282442748091
 f_score:0.847658448146308
 test_mae:0.784755790453557
 test_corr:0.777012460212047
epoch:23, train_loss:0.2212553956994304, valid_loss:1.2587584257125854,
 test_acc_7:0.4321167883211679
 test_acc:0.8534351145038168
 f_score:0.8533629557756318
 test_mae:0.7687913665341797
 test_corr:0.7760640572168509
epoch:24, train_loss:0.20742596520317924, valid_loss:1.2874351143836975,
 test_acc_7:0.44233576642335765
 test_acc:0.8488549618320611
 f_score:0.8485811805040142
 test_mae:0.7642323793187997
 test_corr:0.7748307228481643
epoch:25, train_loss:0.2198134771099797, valid_loss:1.249810516834259,
 test_acc_7:0.4291970802919708
 test_acc:0.8442748091603054
 f_score:0.8445504184766905
 test_mae:0.7798343091674356
 test_corr:0.7747817561679037
epoch:26, train_loss:0.20319808274507523, valid_loss:1.2148791551589966,
 test_acc_7:0.4248175182481752
 test_acc:0.8442748091603054
 f_score:0.8441183388728587
 test_mae:0.7756719558896987
 test_corr:0.7748716181625106
epoch:27, train_loss:0.20518307277449854, valid_loss:1.242096483707428,
 test_acc_7:0.4248175182481752
 test_acc:0.8381679389312977
 f_score:0.8384543564561685
 test_mae:0.7761419952040154
 test_corr:0.7752213343581204
epoch:28, train_loss:0.17736032053276343, valid_loss:1.2038471698760986,
 test_acc_7:0.4291970802919708
 test_acc:0.8412213740458016
 f_score:0.8413681894838931
 test_mae:0.7781347557206065
 test_corr:0.7758151645644759
epoch:29, train_loss:0.18763751177876084, valid_loss:1.2107385993003845,
 test_acc_7:0.4306569343065693
 test_acc:0.8351145038167939
 f_score:0.8354711239980127
 test_mae:0.7815112120151975
 test_corr:0.7763081670198863
epoch:30, train_loss:0.18207173021855177, valid_loss:1.2429179549217224,
 test_acc_7:0.4291970802919708
 test_acc:0.8366412213740458
 f_score:0.837025435167096
 test_mae:0.7851220776319845
 test_corr:0.7766039449317548
epoch:31, train_loss:0.18676385228280667, valid_loss:1.2383705973625183,
 test_acc_7:0.42043795620437957
 test_acc:0.8381679389312977
 f_score:0.8386356305773572
 test_mae:0.7853897510771818
 test_corr:0.7764019961806422
epoch:32, train_loss:0.1833968217726107, valid_loss:1.2434600591659546,
 test_acc_7:0.4248175182481752
 test_acc:0.833587786259542
 f_score:0.8337780581750925
 test_mae:0.776407624368435
 test_corr:0.7760833282490937
epoch:33, train_loss:0.16451773682126292, valid_loss:1.1993544697761536,
 test_acc_7:0.42627737226277373
 test_acc:0.8366412213740458
 f_score:0.8367557303779249
 test_mae:0.7766539681725958
 test_corr:0.7761207410179238
epoch:34, train_loss:0.1695537277393871, valid_loss:1.241491675376892,
 test_acc_7:0.4335766423357664
 test_acc:0.8381679389312977
 f_score:0.8381679389312977
 test_mae:0.7730330428022373
 test_corr:0.7756591481639908
epoch:35, train_loss:0.17305519735371624, valid_loss:1.2150164246559143,
 test_acc_7:0.4321167883211679
 test_acc:0.8412213740458016
 f_score:0.8411432020902679
 test_mae:0.7743146112018073
 test_corr:0.7756743933512192
epoch:36, train_loss:0.1648521246733489, valid_loss:1.2792607843875885,
 test_acc_7:0.4218978102189781
 test_acc:0.8381679389312977
 f_score:0.8382443724086073
 test_mae:0.7795991406839995
 test_corr:0.7751415620061791
epoch:37, train_loss:0.16748268653949103, valid_loss:1.2295952439308167,
 test_acc_7:0.4248175182481752
 test_acc:0.8366412213740458
 f_score:0.8368970350110899
 test_mae:0.7806470002488496
 test_corr:0.7750101513166042
epoch:38, train_loss:0.16571908057839782, valid_loss:1.2319555282592773,
 test_acc_7:0.4248175182481752
 test_acc:0.8366412213740458
 f_score:0.8368970350110899
 test_mae:0.7806504210645603
 test_corr:0.7750193916251216
epoch:39, train_loss:0.16335694215915822, valid_loss:1.2617917656898499,
 test_acc_7:0.4248175182481752
 test_acc:0.8366412213740458
 f_score:0.8368970350110899
 test_mae:0.7806512700482663
 test_corr:0.7750193459068783

Experiment 3:
Initializing MAG_T with beta_shift:1 hidden_prob:0.5
Initializing MAG_A with beta_shift:1 hidden_prob:0.5
Initializing MAG_V with beta_shift:1 hidden_prob:0.5
epoch:0, train_loss:2.2979561267075717, valid_loss:2.67047655582428,
 test_acc_7:0.1562043795620438
 test_acc:0.4488549618320611
 f_score:0.3294410175935911
 test_mae:1.4956755475624544
 test_corr:0.15718605411048314
epoch:1, train_loss:2.214594946967231, valid_loss:2.5929514169692993,
 test_acc_7:0.1591240875912409
 test_acc:0.5801526717557252
 f_score:0.5593860146156725
 test_mae:1.4485549023238948
 test_corr:0.27125682646195404
epoch:2, train_loss:2.0880775628266512, valid_loss:2.3214778900146484,
 test_acc_7:0.20437956204379562
 test_acc:0.6061068702290077
 f_score:0.5902895594829034
 test_mae:1.3600097683231696
 test_corr:0.4007502855557068
epoch:3, train_loss:1.8091235160827637, valid_loss:1.9113517999649048,
 test_acc_7:0.24233576642335766
 test_acc:0.6320610687022901
 f_score:0.6121619464621865
 test_mae:1.262433000676732
 test_corr:0.5958551318633031
epoch:4, train_loss:1.4218918923978452, valid_loss:1.5868284106254578,
 test_acc_7:0.3051094890510949
 test_acc:0.749618320610687
 f_score:0.7508392839034883
 test_mae:1.0583951750702227
 test_corr:0.659470661032142
epoch:5, train_loss:1.1385543920375683, valid_loss:1.3805503249168396,
 test_acc_7:0.34744525547445254
 test_acc:0.8305343511450382
 f_score:0.8309329280705388
 test_mae:0.9034327542533714
 test_corr:0.7422901920750035
epoch:6, train_loss:0.9374798425921688, valid_loss:1.3411717414855957,
 test_acc_7:0.34306569343065696
 test_acc:0.8045801526717558
 f_score:0.8057181087507497
 test_mae:0.9471915140538298
 test_corr:0.7602730134004427
epoch:7, train_loss:0.7590905339629562, valid_loss:1.3631051182746887,
 test_acc_7:0.38394160583941606
 test_acc:0.8244274809160306
 f_score:0.8252156405720712
 test_mae:0.8640547512420844
 test_corr:0.7644187527067122
epoch:8, train_loss:0.6878039020079153, valid_loss:1.2701720595359802,
 test_acc_7:0.4043795620437956
 test_acc:0.8442748091603054
 f_score:0.8440353902939934
 test_mae:0.8056470285077358
 test_corr:0.7707507380325174
epoch:9, train_loss:0.5987704263793098, valid_loss:1.3412929773330688,
 test_acc_7:0.4072992700729927
 test_acc:0.8320610687022901
 f_score:0.8329622052030727
 test_mae:0.8366655443075205
 test_corr:0.7735574488293003
epoch:10, train_loss:0.5478497059256943, valid_loss:1.3626699447631836,
 test_acc_7:0.41021897810218977
 test_acc:0.8381679389312977
 f_score:0.8390101626194723
 test_mae:0.8473633247306783
 test_corr:0.7747216182021144
epoch:11, train_loss:0.48684752980868023, valid_loss:1.3389254808425903,
 test_acc_7:0.41021897810218977
 test_acc:0.8351145038167939
 f_score:0.8356980572955253
 test_mae:0.8050722122562068
 test_corr:0.773172710401897
epoch:12, train_loss:0.44420779192889176, valid_loss:1.2799654603004456,
 test_acc_7:0.4131386861313869
 test_acc:0.8259541984732824
 f_score:0.8269527119030297
 test_mae:0.8344001686794129
 test_corr:0.7754978213813892
epoch:13, train_loss:0.4228081460352297, valid_loss:1.306619644165039,
 test_acc_7:0.4131386861313869
 test_acc:0.8381679389312977
 f_score:0.8388332056446487
 test_mae:0.7917351557268896
 test_corr:0.7759416567904207
epoch:14, train_loss:0.34941517699647834, valid_loss:1.2963922619819641,
 test_acc_7:0.4131386861313869
 test_acc:0.8534351145038168
 f_score:0.8535043372757197
 test_mae:0.7663604418100178
 test_corr:0.7753431696446534
epoch:15, train_loss:0.3672478563255734, valid_loss:1.2730246782302856,
 test_acc_7:0.4043795620437956
 test_acc:0.8488549618320611
 f_score:0.8494125829825334
 test_mae:0.7839045710891454
 test_corr:0.7745681363047802
epoch:16, train_loss:0.3247341690240083, valid_loss:1.291251003742218,
 test_acc_7:0.4218978102189781
 test_acc:0.8534351145038168
 f_score:0.8534351145038168
 test_mae:0.760587238956186
 test_corr:0.7803426423723462
epoch:17, train_loss:0.3083831447142142, valid_loss:1.3089174032211304,
 test_acc_7:0.4
 test_acc:0.833587786259542
 f_score:0.8344676828847468
 test_mae:0.8215958105824988
 test_corr:0.7764490304157744
epoch:18, train_loss:0.32197249542783807, valid_loss:1.27504563331604,
 test_acc_7:0.41897810218978104
 test_acc:0.8458015267175573
 f_score:0.8461641958119318
 test_mae:0.7784510884014534
 test_corr:0.7794634366805268
epoch:19, train_loss:0.28887926042079926, valid_loss:1.2931110262870789,
 test_acc_7:0.3956204379562044
 test_acc:0.8366412213740458
 f_score:0.8374770328673988
 test_mae:0.814697242359709
 test_corr:0.7751601366095318
epoch:20, train_loss:0.2639449481610899, valid_loss:1.2994309067726135,
 test_acc_7:0.4233576642335766
 test_acc:0.8412213740458016
 f_score:0.8417333203030268
 test_mae:0.7731223216206582
 test_corr:0.7754590895570554
epoch:21, train_loss:0.26059611362439616, valid_loss:1.2524770498275757,
 test_acc_7:0.40875912408759124
 test_acc:0.8351145038167939
 f_score:0.8359099466677968
 test_mae:0.8027095831504966
 test_corr:0.7745875953747711
epoch:22, train_loss:0.22154509441720116, valid_loss:1.3124233484268188,
 test_acc_7:0.4116788321167883
 test_acc:0.8381679389312977
 f_score:0.8388747895015111
 test_mae:0.7907256316848611
 test_corr:0.7730419864527038
epoch:23, train_loss:0.2357822463468269, valid_loss:1.3368351459503174,
 test_acc_7:0.4043795620437956
 test_acc:0.8427480916030534
 f_score:0.8434540085123767
 test_mae:0.7970116213746085
 test_corr:0.7719655886804186
epoch:24, train_loss:0.24640965792867872, valid_loss:1.3139135241508484,
 test_acc_7:0.4
 test_acc:0.8412213740458016
 f_score:0.8419873560504709
 test_mae:0.8138175945170935
 test_corr:0.7699799197127694
epoch:25, train_loss:0.2371197254569442, valid_loss:1.3365841209888458,
 test_acc_7:0.4248175182481752
 test_acc:0.8473282442748091
 f_score:0.847658448146308
 test_mae:0.772426335788012
 test_corr:0.7717059783582785
epoch:26, train_loss:0.2251509196228451, valid_loss:1.333891361951828,
 test_acc_7:0.4306569343065693
 test_acc:0.8473282442748091
 f_score:0.8477694628088277
 test_mae:0.7761869131029363
 test_corr:0.7741271559316614
epoch:27, train_loss:0.2090340742358455, valid_loss:1.2719871401786804,
 test_acc_7:0.41751824817518246
 test_acc:0.8442748091603054
 f_score:0.8447248520650043
 test_mae:0.7730460864068756
 test_corr:0.774511933372684
epoch:28, train_loss:0.20799270272254944, valid_loss:1.300461232662201,
 test_acc_7:0.4058394160583942
 test_acc:0.8442748091603054
 f_score:0.8449149714693789
 test_mae:0.7894668381007118
 test_corr:0.7741096805008146
epoch:29, train_loss:0.19363453873881586, valid_loss:1.302942931652069,
 test_acc_7:0.4029197080291971
 test_acc:0.8412213740458016
 f_score:0.841874088557014
 test_mae:0.7875516368552531
 test_corr:0.774034259830788
epoch:30, train_loss:0.1777905167804824, valid_loss:1.2949178814888,
 test_acc_7:0.4116788321167883
 test_acc:0.8442748091603054
 f_score:0.8449920130387593
 test_mae:0.7936364630128805
 test_corr:0.77415258811705
epoch:31, train_loss:0.1720620835268939, valid_loss:1.2867465615272522,
 test_acc_7:0.41897810218978104
 test_acc:0.8412213740458016
 f_score:0.842019042055166
 test_mae:0.7948246058531506
 test_corr:0.7751937143920898
epoch:32, train_loss:0.18432337818322359, valid_loss:1.2730117440223694,
 test_acc_7:0.41897810218978104
 test_acc:0.8442748091603054
 f_score:0.8449549861240955
 test_mae:0.7893658816306105
 test_corr:0.7761288045938011
epoch:33, train_loss:0.19269419378704494, valid_loss:1.291189432144165,
 test_acc_7:0.41897810218978104
 test_acc:0.8458015267175573
 f_score:0.8464144895927173
 test_mae:0.7826461386291012
 test_corr:0.7768787599389142
epoch:34, train_loss:0.1970809946457545, valid_loss:1.2979764342308044,
 test_acc_7:0.41605839416058393
 test_acc:0.8458015267175573
 f_score:0.8464144895927173
 test_mae:0.7862465378691714
 test_corr:0.7764294819723866
epoch:35, train_loss:0.18656125030031911, valid_loss:1.2822020053863525,
 test_acc_7:0.41751824817518246
 test_acc:0.8488549618320611
 f_score:0.8492654002892052
 test_mae:0.7714170110541687
 test_corr:0.7765349811046101
epoch:36, train_loss:0.17812622200559686, valid_loss:1.2923376560211182,
 test_acc_7:0.41605839416058393
 test_acc:0.8473282442748091
 f_score:0.8479136864527812
 test_mae:0.7776571535199653
 test_corr:0.7759911512445056
epoch:37, train_loss:0.1760015305545595, valid_loss:1.271437644958496,
 test_acc_7:0.42043795620437957
 test_acc:0.8442748091603054
 f_score:0.8449149714693789
 test_mae:0.782544338623531
 test_corr:0.7755123341548699
epoch:38, train_loss:0.19939369680704894, valid_loss:1.2670138478279114,
 test_acc_7:0.4218978102189781
 test_acc:0.8442748091603054
 f_score:0.8449149714693789
 test_mae:0.782752158957043
 test_corr:0.7754955951454443
epoch:39, train_loss:0.18367813417205103, valid_loss:1.2384196817874908,
 test_acc_7:0.4218978102189781
 test_acc:0.8442748091603054
 f_score:0.8449149714693789
 test_mae:0.7827522001044384
 test_corr:0.7754955735005981

Experiment 4:
Initializing MAG_T with beta_shift:1 hidden_prob:0.5
Initializing MAG_A with beta_shift:1 hidden_prob:0.5
Initializing MAG_V with beta_shift:1 hidden_prob:0.5
epoch:0, train_loss:2.359853470766986, valid_loss:2.7348374128341675,
 test_acc_7:0.15474452554744525
 test_acc:0.4198473282442748
 f_score:0.28656943668673324
 test_mae:1.5067052295730086
 test_corr:0.033791167686061094
epoch:1, train_loss:2.2379688642643116, valid_loss:2.6078577041625977,
 test_acc_7:0.15766423357664233
 test_acc:0.5129770992366413
 f_score:0.4557254717666412
 test_mae:1.4669025554333703
 test_corr:0.24806060844110012
epoch:2, train_loss:2.1226958566241794, valid_loss:2.4793670177459717,
 test_acc_7:0.1781021897810219
 test_acc:0.583206106870229
 f_score:0.5586510438322901
 test_mae:1.4134926460739998
 test_corr:0.3598162607748376
epoch:3, train_loss:1.8398456794244271, valid_loss:2.00368732213974,
 test_acc_7:0.24963503649635035
 test_acc:0.6763358778625954
 f_score:0.6746143565814211
 test_mae:1.1937552470912915
 test_corr:0.5247794032748826
epoch:4, train_loss:1.4077002030831796, valid_loss:1.5888731479644775,
 test_acc_7:0.3124087591240876
 test_acc:0.7633587786259542
 f_score:0.7646533844581874
 test_mae:1.046088734026003
 test_corr:0.6656335657076249
epoch:5, train_loss:1.100030764385506, valid_loss:1.4700246453285217,
 test_acc_7:0.35036496350364965
 test_acc:0.8213740458015267
 f_score:0.8197400273670027
 test_mae:0.8736113836775526
 test_corr:0.7329118647481548
epoch:6, train_loss:0.9194188228359929, valid_loss:1.3849841952323914,
 test_acc_7:0.35036496350364965
 test_acc:0.8076335877862595
 f_score:0.8085195455184674
 test_mae:0.9516307016237433
 test_corr:0.7449449565744777
epoch:7, train_loss:0.8036745168544628, valid_loss:1.307633101940155,
 test_acc_7:0.4029197080291971
 test_acc:0.8305343511450382
 f_score:0.8306531408593428
 test_mae:0.8206153173156026
 test_corr:0.764364318881752
epoch:8, train_loss:0.7025239445545055, valid_loss:1.3259719014167786,
 test_acc_7:0.40145985401459855
 test_acc:0.8396946564885496
 f_score:0.8394042823527423
 test_mae:0.7999194615556083
 test_corr:0.763614637975212
epoch:9, train_loss:0.5978755873662455, valid_loss:1.3181659579277039,
 test_acc_7:0.41897810218978104
 test_acc:0.8427480916030534
 f_score:0.8413095967418912
 test_mae:0.7758707258850336
 test_corr:0.7673313223457023
epoch:10, train_loss:0.5761727238142932, valid_loss:1.2747080624103546,
 test_acc_7:0.41897810218978104
 test_acc:0.833587786259542
 f_score:0.833627500408755
 test_mae:0.7921191723860858
 test_corr:0.7666350406962694
epoch:11, train_loss:0.4835242783581769, valid_loss:1.3380481600761414,
 test_acc_7:0.41751824817518246
 test_acc:0.8305343511450382
 f_score:0.8310528417778525
 test_mae:0.8267767065247336
 test_corr:0.7646145497024774
epoch:12, train_loss:0.45318040362110845, valid_loss:1.313194215297699,
 test_acc_7:0.4072992700729927
 test_acc:0.8366412213740458
 f_score:0.8371410276597319
 test_mae:0.8152148434394644
 test_corr:0.7627634283596895
epoch:13, train_loss:0.44234750557828834, valid_loss:1.1913237571716309,
 test_acc_7:0.4306569343065693
 test_acc:0.8320610687022901
 f_score:0.8324242929609388
 test_mae:0.7963864809823692
 test_corr:0.7700873640161561
epoch:14, train_loss:0.4024967551231384, valid_loss:1.2716829776763916,
 test_acc_7:0.41897810218978104
 test_acc:0.8366412213740458
 f_score:0.837411830771529
 test_mae:0.8183656583732094
 test_corr:0.7703888398003502
epoch:15, train_loss:0.3559064981010225, valid_loss:1.291404902935028,
 test_acc_7:0.44525547445255476
 test_acc:0.8320610687022901
 f_score:0.832288985823337
 test_mae:0.7957417239374588
 test_corr:0.766142687828401
epoch:16, train_loss:0.298588353726599, valid_loss:1.2507429718971252,
 test_acc_7:0.4116788321167883
 test_acc:0.8259541984732824
 f_score:0.8265701715897209
 test_mae:0.789259651822317
 test_corr:0.7670565112099325
epoch:17, train_loss:0.303498653350053, valid_loss:1.2799863815307617,
 test_acc_7:0.41897810218978104
 test_acc:0.8427480916030534
 f_score:0.8426307756308486
 test_mae:0.7780248493651098
 test_corr:0.7690685140013656
epoch:18, train_loss:0.28305261113025526, valid_loss:1.2303428649902344,
 test_acc_7:0.4291970802919708
 test_acc:0.8427480916030534
 f_score:0.842374692576099
 test_mae:0.7646971856364767
 test_corr:0.7708108902960671
epoch:19, train_loss:0.2608932085611202, valid_loss:1.2183457612991333,
 test_acc_7:0.4248175182481752
 test_acc:0.8351145038167939
 f_score:0.8357923227322835
 test_mae:0.8003186524806558
 test_corr:0.7710664315009212
epoch:20, train_loss:0.29190076390902203, valid_loss:1.2373223304748535,
 test_acc_7:0.41605839416058393
 test_acc:0.8396946564885496
 f_score:0.8401851206006714
 test_mae:0.7772653092925912
 test_corr:0.7717735168021483
epoch:21, train_loss:0.2573457244369719, valid_loss:1.2699649930000305,
 test_acc_7:0.42627737226277373
 test_acc:0.8381679389312977
 f_score:0.8389132684520438
 test_mae:0.806524035290687
 test_corr:0.7734290224196729
epoch:22, train_loss:0.24421189421856845, valid_loss:1.2466471791267395,
 test_acc_7:0.40875912408759124
 test_acc:0.8519083969465648
 f_score:0.8523105437177061
 test_mae:0.7865552594844352
 test_corr:0.7766117270222525
epoch:23, train_loss:0.23613145975051103, valid_loss:1.2588462233543396,
 test_acc_7:0.41605839416058393
 test_acc:0.850381679389313
 f_score:0.8505200247059761
 test_mae:0.7717969015283326
 test_corr:0.7736128823527365
epoch:24, train_loss:0.2301100961588047, valid_loss:1.235965609550476,
 test_acc_7:0.41751824817518246
 test_acc:0.8427480916030534
 f_score:0.8432802532670403
 test_mae:0.7959046079261755
 test_corr:0.7699124061728386
epoch:25, train_loss:0.21225567162036896, valid_loss:1.261687994003296,
 test_acc_7:0.41751824817518246
 test_acc:0.8458015267175573
 f_score:0.8458383260668282
 test_mae:0.7811731110831709
 test_corr:0.7696077888710369
epoch:26, train_loss:0.2261237496579135, valid_loss:1.2609163522720337,
 test_acc_7:0.4131386861313869
 test_acc:0.8442748091603054
 f_score:0.8443483583554522
 test_mae:0.7773545189246976
 test_corr:0.7710219031274077
epoch:27, train_loss:0.2194982369740804, valid_loss:1.2609431147575378,
 test_acc_7:0.4145985401459854
 test_acc:0.8458015267175573
 f_score:0.8461051124896043
 test_mae:0.7859980285843081
 test_corr:0.7720976736053811
epoch:28, train_loss:0.2141017378480346, valid_loss:1.2763444185256958,
 test_acc_7:0.4145985401459854
 test_acc:0.8458015267175573
 f_score:0.8462202568607042
 test_mae:0.7845593657586297
 test_corr:0.7719683696114898
epoch:29, train_loss:0.19597324508207817, valid_loss:1.2240784168243408,
 test_acc_7:0.4291970802919708
 test_acc:0.8473282442748091
 f_score:0.8471748420322145
 test_mae:0.765610805375658
 test_corr:0.7744916207810866
epoch:30, train_loss:0.20650988072156906, valid_loss:1.2398873567581177,
 test_acc_7:0.4131386861313869
 test_acc:0.8442748091603054
 f_score:0.8446116171092342
 test_mae:0.779690948552061
 test_corr:0.7736356533492851
epoch:31, train_loss:0.185339426000913, valid_loss:1.293929636478424,
 test_acc_7:0.4116788321167883
 test_acc:0.8473282442748091
 f_score:0.8475984494869516
 test_mae:0.7773488040562037
 test_corr:0.7736216247477828
epoch:32, train_loss:0.1754077532225185, valid_loss:1.237679660320282,
 test_acc_7:0.4131386861313869
 test_acc:0.850381679389313
 f_score:0.8507052791833818
 test_mae:0.7827762470815245
 test_corr:0.7726444602298915
epoch:33, train_loss:0.1921729412343767, valid_loss:1.2617398500442505,
 test_acc_7:0.41751824817518246
 test_acc:0.8458015267175573
 f_score:0.8460429956646734
 test_mae:0.7787688332481865
 test_corr:0.7729508945585811
epoch:34, train_loss:0.17558805258185775, valid_loss:1.2583401203155518,
 test_acc_7:0.41751824817518246
 test_acc:0.8458015267175573
 f_score:0.8459778337218749
 test_mae:0.7722193365873954
 test_corr:0.773593546534288
epoch:35, train_loss:0.1790209757509055, valid_loss:1.2310941815376282,
 test_acc_7:0.41021897810218977
 test_acc:0.8458015267175573
 f_score:0.8462202568607042
 test_mae:0.7878811555136109
 test_corr:0.7720374503859028
epoch:36, train_loss:0.19041060904661813, valid_loss:1.2221853733062744,
 test_acc_7:0.41751824817518246
 test_acc:0.8427480916030534
 f_score:0.8430576889745468
 test_mae:0.7758015097863616
 test_corr:0.7725404871730585
epoch:37, train_loss:0.1722354248717979, valid_loss:1.2361010909080505,
 test_acc_7:0.4116788321167883
 test_acc:0.8442748091603054
 f_score:0.8446697579231213
 test_mae:0.7869640120226918
 test_corr:0.7717668925636184
epoch:38, train_loss:0.1806557727632699, valid_loss:1.2561241388320923,
 test_acc_7:0.4131386861313869
 test_acc:0.8458015267175573
 f_score:0.8461641958119318
 test_mae:0.7853953935220155
 test_corr:0.771794773600968
epoch:39, train_loss:0.17297047266253718, valid_loss:1.2535054087638855,
 test_acc_7:0.4131386861313869
 test_acc:0.8458015267175573
 f_score:0.8461641958119318
 test_mae:0.7853937809120949
 test_corr:0.7717951831913831

Experiment 5:
Initializing MAG_T with beta_shift:1 hidden_prob:0.5
Initializing MAG_A with beta_shift:1 hidden_prob:0.5
Initializing MAG_V with beta_shift:1 hidden_prob:0.5
epoch:0, train_loss:2.298436023570873, valid_loss:2.6705031394958496,
 test_acc_7:0.1562043795620438
 test_acc:0.4488549618320611
 f_score:0.3294410175935911
 test_mae:1.4956786551384365
 test_corr:0.1572043308845281
epoch:1, train_loss:2.2150351206461587, valid_loss:2.592886209487915,
 test_acc_7:0.15766423357664233
 test_acc:0.5770992366412214
 f_score:0.556813322093136
 test_mae:1.4483787815862517
 test_corr:0.27142757199667467
epoch:2, train_loss:2.0879178444544473, valid_loss:2.3194847106933594,
 test_acc_7:0.20437956204379562
 test_acc:0.6061068702290077
 f_score:0.5902895594829034
 test_mae:1.359361459749981
 test_corr:0.4012532231915087
epoch:3, train_loss:1.807366653724953, valid_loss:1.9065160751342773,
 test_acc_7:0.24525547445255474
 test_acc:0.6320610687022901
 f_score:0.6121619464621865
 test_mae:1.2594923853762234
 test_corr:0.5971392381442518
epoch:4, train_loss:1.4161255293422275, valid_loss:1.5805357694625854,
 test_acc_7:0.3094890510948905
 test_acc:0.7465648854961832
 f_score:0.747849633100451
 test_mae:1.054570173363571
 test_corr:0.6607639331058098
epoch:5, train_loss:1.130700363053216, valid_loss:1.3721352815628052,
 test_acc_7:0.34744525547445254
 test_acc:0.8320610687022901
 f_score:0.8323582944356467
 test_mae:0.8983167429090272
 test_corr:0.7431684092015818
epoch:6, train_loss:0.9308182862069871, valid_loss:1.3105410635471344,
 test_acc_7:0.34014598540145985
 test_acc:0.8091603053435115
 f_score:0.8101983836931356
 test_mae:0.9354188729306854
 test_corr:0.7597004962087306
epoch:7, train_loss:0.7612934531988921, valid_loss:1.3437374234199524,
 test_acc_7:0.3781021897810219
 test_acc:0.8244274809160306
 f_score:0.8252156405720712
 test_mae:0.8655340109759843
 test_corr:0.7650643236503741
epoch:8, train_loss:0.682191323350977, valid_loss:1.2723061442375183,
 test_acc_7:0.40875912408759124
 test_acc:0.8381679389312977
 f_score:0.8381679389312977
 test_mae:0.8075586086635848
 test_corr:0.7710119970483776
epoch:9, train_loss:0.5952619590141155, valid_loss:1.335085690021515,
 test_acc_7:0.4029197080291971
 test_acc:0.8366412213740458
 f_score:0.8374770328673988
 test_mae:0.8303837645614079
 test_corr:0.7744378144792566
epoch:10, train_loss:0.5491479889110282, valid_loss:1.347484827041626,
 test_acc_7:0.40875912408759124
 test_acc:0.8366412213740458
 f_score:0.837504973107045
 test_mae:0.8456785504087692
 test_corr:0.7727790891718648
epoch:11, train_loss:0.47878284255663556, valid_loss:1.3416168093681335,
 test_acc_7:0.41021897810218977
 test_acc:0.8366412213740458
 f_score:0.8371940495104205
 test_mae:0.8040744371506037
 test_corr:0.7717972468778337
epoch:12, train_loss:0.44001689553260803, valid_loss:1.2730337977409363,
 test_acc_7:0.4029197080291971
 test_acc:0.833587786259542
 f_score:0.8344392203976305
 test_mae:0.8285778017103217
 test_corr:0.7757578142954648
epoch:13, train_loss:0.4190929863188002, valid_loss:1.3119595050811768,
 test_acc_7:0.4043795620437956
 test_acc:0.8412213740458016
 f_score:0.8417833144327279
 test_mae:0.7890406006298433
 test_corr:0.7761425257695559
epoch:14, train_loss:0.35334155680956664, valid_loss:1.2927947044372559,
 test_acc_7:0.4058394160583942
 test_acc:0.8458015267175573
 f_score:0.8461051124896043
 test_mae:0.7678262150608259
 test_corr:0.7753037529125653
epoch:15, train_loss:0.37411009051181654, valid_loss:1.2705885171890259,
 test_acc_7:0.41605839416058393
 test_acc:0.8473282442748091
 f_score:0.8479136864527812
 test_mae:0.783007551059269
 test_corr:0.77515206938854
epoch:16, train_loss:0.3308440066046185, valid_loss:1.2860048413276672,
 test_acc_7:0.4218978102189781
 test_acc:0.8610687022900764
 f_score:0.8606577270984621
 test_mae:0.7516570976618961
 test_corr:0.7799373842422906
epoch:17, train_loss:0.31111316272506007, valid_loss:1.3028925657272339,
 test_acc_7:0.3970802919708029
 test_acc:0.8381679389312977
 f_score:0.8390101626194723
 test_mae:0.8215110038300507
 test_corr:0.7759385891113189
epoch:18, train_loss:0.3198182792575271, valid_loss:1.2701916098594666,
 test_acc_7:0.42627737226277373
 test_acc:0.850381679389313
 f_score:0.8507052791833818
 test_mae:0.776292653813361
 test_corr:0.7789593527402177
epoch:19, train_loss:0.29733531563370313, valid_loss:1.2787224054336548,
 test_acc_7:0.4029197080291971
 test_acc:0.8381679389312977
 f_score:0.8390363068320519
 test_mae:0.810181252339869
 test_corr:0.7754990647000795
epoch:20, train_loss:0.27111507179560485, valid_loss:1.2847643494606018,
 test_acc_7:0.4306569343065693
 test_acc:0.8473282442748091
 f_score:0.8478205002913722
 test_mae:0.7720467232464535
 test_corr:0.7758525394706451
epoch:21, train_loss:0.26400660033579226, valid_loss:1.232199490070343,
 test_acc_7:0.40875912408759124
 test_acc:0.8351145038167939
 f_score:0.8359099466677968
 test_mae:0.8019651375860261
 test_corr:0.7741008820445574
epoch:22, train_loss:0.22452224045991898, valid_loss:1.3035197854042053,
 test_acc_7:0.4029197080291971
 test_acc:0.8427480916030534
 f_score:0.8434151111723647
 test_mae:0.7916235843090383
 test_corr:0.7728241445881309
epoch:23, train_loss:0.2347228968584979, valid_loss:1.3343167304992676,
 test_acc_7:0.4072992700729927
 test_acc:0.8442748091603054
 f_score:0.8449549861240955
 test_mae:0.7961139612513921
 test_corr:0.772240029108558
epoch:24, train_loss:0.2462968373740161, valid_loss:1.3111891746520996,
 test_acc_7:0.4043795620437956
 test_acc:0.8412213740458016
 f_score:0.8419873560504709
 test_mae:0.8150968965910773
 test_corr:0.7701148099605836
epoch:25, train_loss:0.23627654766594922, valid_loss:1.3368155658245087,
 test_acc_7:0.42043795620437957
 test_acc:0.8366412213740458
 f_score:0.837025435167096
 test_mae:0.7744611464639883
 test_corr:0.7714732779973874
epoch:26, train_loss:0.22589214477274153, valid_loss:1.3323967158794403,
 test_acc_7:0.4218978102189781
 test_acc:0.8396946564885496
 f_score:0.8401299700037024
 test_mae:0.7736990468391708
 test_corr:0.774090635469646
epoch:27, train_loss:0.20996169911490548, valid_loss:1.2717235684394836,
 test_acc_7:0.4116788321167883
 test_acc:0.8427480916030534
 f_score:0.8432802532670403
 test_mae:0.7751913445258783
 test_corr:0.7740931076851577
epoch:28, train_loss:0.21029725008540684, valid_loss:1.3018952012062073,
 test_acc_7:0.4058394160583942
 test_acc:0.8427480916030534
 f_score:0.8433731923569293
 test_mae:0.7899325024748918
 test_corr:0.7738366050317286
epoch:29, train_loss:0.19633629035066674, valid_loss:1.304137408733368,
 test_acc_7:0.4058394160583942
 test_acc:0.8427480916030534
 f_score:0.8434151111723647
 test_mae:0.7855396328721451
 test_corr:0.7738758416092948
epoch:30, train_loss:0.18076041009691027, valid_loss:1.2908667922019958,
 test_acc_7:0.4131386861313869
 test_acc:0.8427480916030534
 f_score:0.8434540085123767
 test_mae:0.7926468088513752
 test_corr:0.7735473181298521
epoch:31, train_loss:0.1712736023796929, valid_loss:1.2848208546638489,
 test_acc_7:0.4145985401459854
 test_acc:0.8396946564885496
 f_score:0.8404843808362458
 test_mae:0.7959856215448968
 test_corr:0.7742999902306097
epoch:32, train_loss:0.18665487236446804, valid_loss:1.2678433060646057,
 test_acc_7:0.4218978102189781
 test_acc:0.8427480916030534
 f_score:0.8434540085123767
 test_mae:0.7879570474356719
 test_corr:0.7754135409186239
epoch:33, train_loss:0.19704937189817429, valid_loss:1.2871896028518677,
 test_acc_7:0.41751824817518246
 test_acc:0.8473282442748091
 f_score:0.8479136864527812
 test_mae:0.7817570851689191
 test_corr:0.7763332018562086
epoch:34, train_loss:0.19525407861780236, valid_loss:1.2928169965744019,
 test_acc_7:0.41751824817518246
 test_acc:0.8473282442748091
 f_score:0.8479558543817441
 test_mae:0.7848957394967779
 test_corr:0.7758738757339397
epoch:35, train_loss:0.18863898239753865, valid_loss:1.2767630815505981,
 test_acc_7:0.41751824817518246
 test_acc:0.8442748091603054
 f_score:0.8447248520650043
 test_mae:0.7739872982426909
 test_corr:0.7760778823476544
epoch:36, train_loss:0.1781799398638584, valid_loss:1.2893294095993042,
 test_acc_7:0.42043795620437957
 test_acc:0.8473282442748091
 f_score:0.8479136864527812
 test_mae:0.7774007977882244
 test_corr:0.7758319750582772
epoch:37, train_loss:0.17559874885612065, valid_loss:1.2680286765098572,
 test_acc_7:0.42043795620437957
 test_acc:0.8473282442748091
 f_score:0.8479558543817441
 test_mae:0.7836979942835618
 test_corr:0.7752707040142103
epoch:38, train_loss:0.2004466614237538, valid_loss:1.2676949501037598,
 test_acc_7:0.42043795620437957
 test_acc:0.8488549618320611
 f_score:0.8494557868285051
 test_mae:0.783462721410826
 test_corr:0.7752702736758156
epoch:39, train_loss:0.18141363892290327, valid_loss:1.236860603094101,
 test_acc_7:0.42043795620437957
 test_acc:0.8488549618320611
 f_score:0.8494557868285051
 test_mae:0.7834627516397084
 test_corr:0.7752700845875288
