Experiment 1
epoch:0, train_loss:3.146708506124991, valid_loss:3.2275246381759644,
 test_acc_7:0.16496350364963502
 test_acc:0.4213740458015267
 f_score:0.26370865219849837
 test_mae:1.7252201588835054
 test_corr:0.10151548799174094
epoch:1, train_loss:2.501331192475778, valid_loss:2.800526738166809,
 test_acc_7:0.16204379562043797
 test_acc:0.4259541984732824
 f_score:0.2632058595617694
 test_mae:1.5679825157160827
 test_corr:0.12550363057760583
epoch:2, train_loss:2.3594831625620523, valid_loss:2.6784188747406006,
 test_acc_7:0.15036496350364964
 test_acc:0.48854961832061067
 f_score:0.4151814030423048
 test_mae:1.4934734740298514
 test_corr:0.1996422848330927
epoch:3, train_loss:2.292904023770933, valid_loss:2.5128486156463623,
 test_acc_7:0.15328467153284672
 test_acc:0.5755725190839694
 f_score:0.5618233863731068
 test_mae:1.4418077857042522
 test_corr:0.2885639283037881
epoch:4, train_loss:2.165995469799748, valid_loss:2.1329216957092285,
 test_acc_7:0.19562043795620437
 test_acc:0.6427480916030535
 f_score:0.6302816858653154
 test_mae:1.3302795962402767
 test_corr:0.4789044737591522
epoch:5, train_loss:1.8821694012041446, valid_loss:1.679415762424469,
 test_acc_7:0.25401459854014596
 test_acc:0.7358778625954199
 f_score:0.7351943501573034
 test_mae:1.1902520145128974
 test_corr:0.6248175647745113
epoch:6, train_loss:1.5595708401114852, valid_loss:1.26833176612854,
 test_acc_7:0.3167883211678832
 test_acc:0.7877862595419848
 f_score:0.7889977037174951
 test_mae:1.0487927387088167
 test_corr:0.7281137193879824
epoch:7, train_loss:1.3681492341889276, valid_loss:1.1998397707939148,
 test_acc_7:0.31532846715328466
 test_acc:0.8274809160305343
 f_score:0.828363595458094
 test_mae:0.93177055814339
 test_corr:0.7599436520735042
epoch:8, train_loss:1.2048358100431937, valid_loss:1.105711966753006,
 test_acc_7:0.3562043795620438
 test_acc:0.8549618320610687
 f_score:0.854853628009035
 test_mae:0.8250937521557202
 test_corr:0.7782659197099255
epoch:9, train_loss:1.0844710778307032, valid_loss:1.1144024729728699,
 test_acc_7:0.3970802919708029
 test_acc:0.8473282442748091
 f_score:0.847535441657579
 test_mae:0.8103326437127499
 test_corr:0.7942224777650277
epoch:10, train_loss:1.0210190415382385, valid_loss:1.095525324344635,
 test_acc_7:0.4145985401459854
 test_acc:0.8519083969465648
 f_score:0.8523105437177061
 test_mae:0.7979801935477907
 test_corr:0.7970738755105228
epoch:11, train_loss:1.0093357850004125, valid_loss:1.0569119453430176,
 test_acc_7:0.38686131386861317
 test_acc:0.8442748091603054
 f_score:0.8449149714693789
 test_mae:0.8536863535216064
 test_corr:0.791126557429279
epoch:12, train_loss:0.9122319949997796, valid_loss:1.0467655658721924,
 test_acc_7:0.4116788321167883
 test_acc:0.8580152671755725
 f_score:0.8577580786552861
 test_mae:0.7242191189125123
 test_corr:0.801107535332287
epoch:13, train_loss:0.920664025677575, valid_loss:0.962856650352478,
 test_acc_7:0.4233576642335766
 test_acc:0.8519083969465648
 f_score:0.8520777214952661
 test_mae:0.7437597563227226
 test_corr:0.8015374293198657
epoch:14, train_loss:0.8107467989126841, valid_loss:1.0602791905403137,
 test_acc_7:0.4394160583941606
 test_acc:0.8549618320610687
 f_score:0.8546991126048621
 test_mae:0.7205578686431307
 test_corr:0.8020137569000686
epoch:15, train_loss:0.851885093583001, valid_loss:1.0624951720237732,
 test_acc_7:0.4583941605839416
 test_acc:0.8595419847328244
 f_score:0.8595419847328244
 test_mae:0.7235010223704895
 test_corr:0.8047510260412021
epoch:16, train_loss:0.7815630446981501, valid_loss:1.0737813115119934,
 test_acc_7:0.4554744525547445
 test_acc:0.8641221374045801
 f_score:0.8639497650654915
 test_mae:0.7220287667430995
 test_corr:0.8113254710255525
epoch:17, train_loss:0.7386445800463358, valid_loss:1.0618921518325806,
 test_acc_7:0.4686131386861314
 test_acc:0.8610687022900764
 f_score:0.8604869927351884
 test_mae:0.7063455927462978
 test_corr:0.8120951738148575
epoch:18, train_loss:0.7208682894706726, valid_loss:1.1233750581741333,
 test_acc_7:0.454014598540146
 test_acc:0.8564885496183207
 f_score:0.8567425425177344
 test_mae:0.7432470376212292
 test_corr:0.8042397807470549
epoch:19, train_loss:0.7480166929739492, valid_loss:1.2039120495319366,
 test_acc_7:0.4408759124087591
 test_acc:0.8625954198473282
 f_score:0.8615982893672655
 test_mae:0.7012621711569887
 test_corr:0.8042800451632985
epoch:20, train_loss:0.6903586442823764, valid_loss:1.1236926317214966,
 test_acc_7:0.4481751824817518
 test_acc:0.8381679389312977
 f_score:0.8389486513591338
 test_mae:0.7767707677614939
 test_corr:0.7975542504509227
epoch:21, train_loss:0.6643750601344638, valid_loss:1.1458942294120789,
 test_acc_7:0.4510948905109489
 test_acc:0.8534351145038168
 f_score:0.852957663164418
 test_mae:0.6948494527915506
 test_corr:0.8043105047808886
epoch:22, train_loss:0.627388209104538, valid_loss:1.0123478412628174,
 test_acc_7:0.47007299270072994
 test_acc:0.8749618320610687
 f_score:0.8746174349002855
 test_mae:0.6850110678975862
 test_corr:0.8169796478496527
epoch:23, train_loss:0.5952504453835664, valid_loss:1.1516245603561401,
 test_acc_7:0.4686131386861314
 test_acc:0.8412213740458016
 f_score:0.8414368593238822
 test_mae:0.7280289393814124
 test_corr:0.8026475536923243
epoch:24, train_loss:0.5710436182993429, valid_loss:1.1130529642105103,
 test_acc_7:0.47007299270072994
 test_acc:0.8519083969465648
 f_score:0.8520777214952661
 test_mae:0.7162480987013026
 test_corr:0.8050296913964899
epoch:25, train_loss:0.6011135390511265, valid_loss:1.1534498929977417,
 test_acc_7:0.4802919708029197
 test_acc:0.8549618320610687
 f_score:0.8540645826067537
 test_mae:0.6898865909521816
 test_corr:0.8125802120257308
epoch:26, train_loss:0.5318878580022741, valid_loss:1.1108814179897308,
 test_acc_7:0.4686131386861314
 test_acc:0.8442748091603054
 f_score:0.8445504184766905
 test_mae:0.7260942334890408
 test_corr:0.8030458597564658
epoch:27, train_loss:0.5494852032926347, valid_loss:1.2015847563743591,
 test_acc_7:0.46277372262773725
 test_acc:0.8488549618320611
 f_score:0.8490277776085704
 test_mae:0.7325121694166242
 test_corr:0.8044557854251697
epoch:28, train_loss:0.5566953652434878, valid_loss:1.229864239692688,
 test_acc_7:0.4642335766423358
 test_acc:0.8549618320610687
 f_score:0.8551889563182573
 test_mae:0.7439015743852315
 test_corr:0.8038151363949451
epoch:29, train_loss:0.5304102687923996, valid_loss:1.1177136898040771,
 test_acc_7:0.47007299270072994
 test_acc:0.850381679389313
 f_score:0.8505847328244276
 test_mae:0.7130991539199844
 test_corr:0.804941521566513
epoch:30, train_loss:0.49092181192504036, valid_loss:1.1581262946128845,
 test_acc_7:0.47737226277372263
 test_acc:0.8519083969465648
 f_score:0.8520777214952661
 test_mae:0.7150067508200455
 test_corr:0.8069355290790592
epoch:31, train_loss:0.45642807086308795, valid_loss:1.2075925469398499,
 test_acc_7:0.4744525547445255
 test_acc:0.8595419847328244
 f_score:0.8594008546696372
 test_mae:0.701276021662616
 test_corr:0.8083033651538528
epoch:32, train_loss:0.5284993218051063, valid_loss:1.152721643447876,
 test_acc_7:0.4802919708029197
 test_acc:0.8564885496183207
 f_score:0.8562679087023076
 test_mae:0.6911507796780415
 test_corr:0.8088598037315472
epoch:33, train_loss:0.45816031208744756, valid_loss:1.151623547077179,
 test_acc_7:0.47883211678832116
 test_acc:0.8534351145038168
 f_score:0.8535706364466705
 test_mae:0.7039744636484685
 test_corr:0.8073224444563711
epoch:34, train_loss:0.5018876724772983, valid_loss:1.1238330602645874,
 test_acc_7:0.4802919708029197
 test_acc:0.850381679389313
 f_score:0.8505847328244276
 test_mae:0.709778895103977
 test_corr:0.8073955263447128
epoch:35, train_loss:0.46357356287814955, valid_loss:1.1548942923545837,
 test_acc_7:0.4744525547445255
 test_acc:0.8534351145038168
 f_score:0.8533629557756318
 test_mae:0.7024129591470999
 test_corr:0.8081831396913411
epoch:36, train_loss:0.4681241324654332, valid_loss:1.1602261662483215,
 test_acc_7:0.4759124087591241
 test_acc:0.8564885496183207
 f_score:0.8563443515102817
 test_mae:0.6989783310224764
 test_corr:0.808926026997413
epoch:37, train_loss:0.4581019679705302, valid_loss:1.1278229653835297,
 test_acc_7:0.4744525547445255
 test_acc:0.8549618320610687
 f_score:0.854853628009035
 test_mae:0.7029738341170214
 test_corr:0.8081130903016027
epoch:38, train_loss:0.4697601596514384, valid_loss:1.1705368757247925,
 test_acc_7:0.472992700729927
 test_acc:0.8534351145038168
 f_score:0.8533629557756318
 test_mae:0.7037441419382431
 test_corr:0.8079736412613696
epoch:39, train_loss:0.4690505862236023, valid_loss:1.1529862582683563,
 test_acc_7:0.472992700729927
 test_acc:0.8519083969465648
 f_score:0.8518723133685516
 test_mae:0.7037748217229013
 test_corr:0.8080959614901188

Experiment 2
epoch:0, train_loss:3.4648192679440535, valid_loss:3.0633124113082886,
 test_acc_7:0.15474452554744525
 test_acc:0.43206106870229005
 f_score:0.2710440950983463
 test_mae:1.7025027916035331
 test_corr:0.011135567633755615
epoch:1, train_loss:2.5320330725775824, valid_loss:2.9229542016983032,
 test_acc_7:0.15766423357664233
 test_acc:0.42900763358778626
 f_score:0.26712497733005786
 test_mae:1.6007820979750693
 test_corr:0.08104189320365765
epoch:2, train_loss:2.4042343740110046, valid_loss:2.852955937385559,
 test_acc_7:0.15766423357664233
 test_acc:0.42442748091603055
 f_score:0.25469631615227833
 test_mae:1.58806873606589
 test_corr:0.1588214166434642
epoch:3, train_loss:2.274677219214263, valid_loss:2.9043534994125366,
 test_acc_7:0.16934306569343066
 test_acc:0.4259541984732824
 f_score:0.2579962588075705
 test_mae:1.6090512676432884
 test_corr:0.2655539431613923
epoch:4, train_loss:2.165735646530434, valid_loss:2.190944254398346,
 test_acc_7:0.1927007299270073
 test_acc:0.6091603053435114
 f_score:0.5918330788804071
 test_mae:1.3634384627794343
 test_corr:0.45724797266374356
epoch:5, train_loss:1.9118730315455683, valid_loss:1.591076374053955,
 test_acc_7:0.2832116788321168
 test_acc:0.7618320610687023
 f_score:0.762993465176489
 test_mae:1.1001099632612166
 test_corr:0.652450068693892
epoch:6, train_loss:1.5842139500158805, valid_loss:1.236106276512146,
 test_acc_7:0.33284671532846716
 test_acc:0.8488549618320611
 f_score:0.8477025764451209
 test_mae:0.9114984194111818
 test_corr:0.7520816943735333
epoch:7, train_loss:1.414371179209815, valid_loss:1.0551573038101196,
 test_acc_7:0.3343065693430657
 test_acc:0.8290076335877863
 f_score:0.829897530314914
 test_mae:0.8803443123654014
 test_corr:0.7702989176047448
epoch:8, train_loss:1.158838693742399, valid_loss:1.1215676665306091,
 test_acc_7:0.37518248175182484
 test_acc:0.8396946564885496
 f_score:0.8401299700037024
 test_mae:0.8074381781044818
 test_corr:0.7721460290190727
epoch:9, train_loss:1.0329912746394123, valid_loss:1.1890636682510376,
 test_acc_7:0.3897810218978102
 test_acc:0.8534351145038168
 f_score:0.852036594604044
 test_mae:0.7819756235932676
 test_corr:0.7923287084381109
epoch:10, train_loss:0.9974688622686598, valid_loss:1.063205897808075,
 test_acc_7:0.4145985401459854
 test_acc:0.8534351145038168
 f_score:0.853287848350926
 test_mae:0.7498448511397195
 test_corr:0.7941614437036854
epoch:11, train_loss:0.9503067820160477, valid_loss:1.03280109167099,
 test_acc_7:0.40145985401459855
 test_acc:0.8549618320610687
 f_score:0.8552473830347762
 test_mae:0.7737788558646127
 test_corr:0.7896328899325963
epoch:12, train_loss:0.8622457296759994, valid_loss:1.0742228031158447,
 test_acc_7:0.4248175182481752
 test_acc:0.8396946564885496
 f_score:0.8404508619720614
 test_mae:0.7816639975797499
 test_corr:0.8044238552909477
epoch:13, train_loss:0.8298668530252244, valid_loss:1.1281129717826843,
 test_acc_7:0.4248175182481752
 test_acc:0.8488549618320611
 f_score:0.8491525360046615
 test_mae:0.7716766927760976
 test_corr:0.8116826047835308
epoch:14, train_loss:0.7842496147862187, valid_loss:1.1396026015281677,
 test_acc_7:0.43795620437956206
 test_acc:0.8458015267175573
 f_score:0.8463233551453501
 test_mae:0.7702837581233519
 test_corr:0.8068571337536534
epoch:15, train_loss:0.7578343605553662, valid_loss:1.1018273830413818,
 test_acc_7:0.4335766423357664
 test_acc:0.8290076335877863
 f_score:0.8299886292380642
 test_mae:0.789866807469956
 test_corr:0.8049016951826895
epoch:16, train_loss:0.742781823432004, valid_loss:1.1089359521865845,
 test_acc_7:0.4408759124087591
 test_acc:0.850381679389313
 f_score:0.8503080173542908
 test_mae:0.7176194297505244
 test_corr:0.810374522750351
epoch:17, train_loss:0.6532740526729159, valid_loss:1.105697214603424,
 test_acc_7:0.44963503649635034
 test_acc:0.8610687022900764
 f_score:0.8612275531553525
 test_mae:0.7296064766507795
 test_corr:0.807362801391871
epoch:18, train_loss:0.6694822852258329, valid_loss:1.117340862751007,
 test_acc_7:0.454014598540146
 test_acc:0.850381679389313
 f_score:0.8508640902855447
 test_mae:0.7528268266199085
 test_corr:0.8029866651530037
epoch:19, train_loss:0.5863003918418178, valid_loss:1.1967427730560303,
 test_acc_7:0.4364963503649635
 test_acc:0.8442748091603054
 f_score:0.8450260607418079
 test_mae:0.785714158877901
 test_corr:0.8054178833861123
epoch:20, train_loss:0.5818178002481107, valid_loss:1.2077722549438477,
 test_acc_7:0.4408759124087591
 test_acc:0.8519083969465648
 f_score:0.8522567029084889
 test_mae:0.7462487658699051
 test_corr:0.8070930907862404
epoch:21, train_loss:0.5281269671740355, valid_loss:1.180243819952011,
 test_acc_7:0.4321167883211679
 test_acc:0.8396946564885496
 f_score:0.8404142805223259
 test_mae:0.7733757530140001
 test_corr:0.8020691426938374
epoch:22, train_loss:0.5495210278917242, valid_loss:1.1758734285831451,
 test_acc_7:0.42773722627737226
 test_acc:0.8473282442748091
 f_score:0.8478685715699307
 test_mae:0.7789789669613801
 test_corr:0.801148738247202
epoch:23, train_loss:0.5781657298405966, valid_loss:1.1113763749599457,
 test_acc_7:0.4306569343065693
 test_acc:0.8412213740458016
 f_score:0.8417833144327279
 test_mae:0.7481499174161892
 test_corr:0.7979391723715618
epoch:24, train_loss:0.5266776747173734, valid_loss:1.0884946882724762,
 test_acc_7:0.454014598540146
 test_acc:0.8580152671755725
 f_score:0.8575952595621646
 test_mae:0.6893316348829798
 test_corr:0.8095570900591529
epoch:25, train_loss:0.49366340041160583, valid_loss:1.0303637027740479,
 test_acc_7:0.454014598540146
 test_acc:0.8687022900763359
 f_score:0.8685004271106219
 test_mae:0.6911507796780415
 test_corr:0.8161578498552605
epoch:26, train_loss:0.5115969379742941, valid_loss:1.1058668494224548,
 test_acc_7:0.4554744525547445
 test_acc:0.8534351145038168
 f_score:0.8536945115074732
 test_mae:0.7304135004413946
 test_corr:0.8063899650223272
epoch:27, train_loss:0.5168442328770956, valid_loss:1.1396948993206024,
 test_acc_7:0.4394160583941606
 test_acc:0.8381679389312977
 f_score:0.8389486513591338
 test_mae:0.7634527128633247
 test_corr:0.8021475049260631
epoch:28, train_loss:0.47618010419386403, valid_loss:1.2198654413223267,
 test_acc_7:0.4394160583941606
 test_acc:0.8458015267175573
 f_score:0.8463704129417765
 test_mae:0.751891419379652
 test_corr:0.7993964175898941
epoch:29, train_loss:0.48990540482379774, valid_loss:1.1604562401771545,
 test_acc_7:0.4554744525547445
 test_acc:0.8549618320610687
 f_score:0.8549264924743547
 test_mae:0.7221813944061749
 test_corr:0.805630118409928
epoch:30, train_loss:0.4430663386980693, valid_loss:1.2405592799186707,
 test_acc_7:0.41751824817518246
 test_acc:0.8442748091603054
 f_score:0.8450260607418079
 test_mae:0.7893989474278029
 test_corr:0.7970103979956311
epoch:31, train_loss:0.4751892586549123, valid_loss:1.11161270737648,
 test_acc_7:0.4554744525547445
 test_acc:0.8458015267175573
 f_score:0.8460429956646734
 test_mae:0.7301832376474529
 test_corr:0.8046359393529736
epoch:32, train_loss:0.4521632851273925, valid_loss:1.1719954013824463,
 test_acc_7:0.45255474452554745
 test_acc:0.8488549618320611
 f_score:0.8491525360046615
 test_mae:0.7360126054438741
 test_corr:0.8070470269056035
epoch:33, train_loss:0.4130273389595526, valid_loss:1.1326524913311005,
 test_acc_7:0.4291970802919708
 test_acc:0.8473282442748091
 f_score:0.8480313853321171
 test_mae:0.7545010139895532
 test_corr:0.8039422765488371
epoch:34, train_loss:0.46133421306256894, valid_loss:1.09812992811203,
 test_acc_7:0.4364963503649635
 test_acc:0.8488549618320611
 f_score:0.8494557868285051
 test_mae:0.7465323611379437
 test_corr:0.8060015082232367
epoch:35, train_loss:0.45158647497495014, valid_loss:1.1274169385433197,
 test_acc_7:0.44233576642335765
 test_acc:0.8488549618320611
 f_score:0.8494557868285051
 test_mae:0.7427812196598486
 test_corr:0.8057585565883933
epoch:36, train_loss:0.4399758919521614, valid_loss:1.1223423480987549,
 test_acc_7:0.4481751824817518
 test_acc:0.8534351145038168
 f_score:0.853806830986467
 test_mae:0.7311722264120369
 test_corr:0.8077299426809099
epoch:37, train_loss:0.4435515779036063, valid_loss:1.1525318026542664,
 test_acc_7:0.43795620437956206
 test_acc:0.8534351145038168
 f_score:0.8539076802797171
 test_mae:0.7404426323229497
 test_corr:0.8065686671864607
epoch:38, train_loss:0.48007899798728804, valid_loss:1.1838318407535553,
 test_acc_7:0.4394160583941606
 test_acc:0.8534351145038168
 f_score:0.8539538287071335
 test_mae:0.7427248009441435
 test_corr:0.8061180600804341
epoch:39, train_loss:0.43142348527908325, valid_loss:1.1758392453193665,
 test_acc_7:0.43795620437956206
 test_acc:0.8519083969465648
 f_score:0.8524547530232903
 test_mae:0.7425839354650239
 test_corr:0.8061396017658112

Experiment 3
epoch:0, train_loss:2.454678177833557, valid_loss:2.77180278301239,
 test_acc_7:0.1591240875912409
 test_acc:0.5206106870229008
 f_score:0.5234720681353267
 test_mae:1.472232113142528
 test_corr:0.016773675159066925
epoch:1, train_loss:2.311666241398564, valid_loss:2.623401641845703,
 test_acc_7:0.15474452554744525
 test_acc:0.4961832061068702
 f_score:0.44571630635655096
 test_mae:1.4861381191419054
 test_corr:0.12403018679391588
epoch:2, train_loss:2.3132080413677074, valid_loss:2.6449161767959595,
 test_acc_7:0.1635036496350365
 test_acc:0.44274809160305345
 f_score:0.29568706452337945
 test_mae:1.50811885546836
 test_corr:0.15191349093141815
epoch:3, train_loss:2.2493645968260587, valid_loss:2.555392026901245,
 test_acc_7:0.16058394160583941
 test_acc:0.549618320610687
 f_score:0.5215799314986911
 test_mae:1.4505013674558034
 test_corr:0.25604102022718755
epoch:4, train_loss:2.2487021993707725, valid_loss:2.4905762672424316,
 test_acc_7:0.1897810218978102
 test_acc:0.45648854961832064
 f_score:0.32313008719726516
 test_mae:1.4853051159555761
 test_corr:0.5295373425331177
epoch:5, train_loss:2.0248368272074946, valid_loss:1.741741120815277,
 test_acc_7:0.2686131386861314
 test_acc:0.6961832061068702
 f_score:0.6946651887182497
 test_mae:1.1646171974274153
 test_corr:0.6048160939297104
epoch:6, train_loss:1.6115649232157954, valid_loss:1.5014300346374512,
 test_acc_7:0.28175182481751826
 test_acc:0.7603053435114504
 f_score:0.7608138756263996
 test_mae:1.1216095903504442
 test_corr:0.723434297363262
epoch:7, train_loss:1.3132070457493816, valid_loss:1.0840997695922852,
 test_acc_7:0.33284671532846716
 test_acc:0.8244274809160306
 f_score:0.8248404209739819
 test_mae:0.8749061344660648
 test_corr:0.7564400028088787
epoch:8, train_loss:1.2863739088729575, valid_loss:1.1669464111328125,
 test_acc_7:0.3372262773722628
 test_acc:0.8549618320610687
 f_score:0.8535199109209205
 test_mae:0.8459864530157838
 test_corr:0.7700750313706933
epoch:9, train_loss:1.1340277923478022, valid_loss:1.1440483331680298,
 test_acc_7:0.35766423357664234
 test_acc:0.8122137404580153
 f_score:0.8133140031818676
 test_mae:0.9021792683679297
 test_corr:0.7793974974177864
epoch:10, train_loss:1.0053903217668887, valid_loss:1.127880334854126,
 test_acc_7:0.3883211678832117
 test_acc:0.8290076335877863
 f_score:0.8297544945676342
 test_mae:0.8564601310472162
 test_corr:0.7811268275334746
epoch:11, train_loss:0.974352686493485, valid_loss:1.1917952299118042,
 test_acc_7:0.40875912408759124
 test_acc:0.8213740458015267
 f_score:0.8222540243603883
 test_mae:0.8287834722285677
 test_corr:0.7891184557524489
epoch:12, train_loss:0.8276793316558555, valid_loss:1.1037158966064453,
 test_acc_7:0.43795620437956206
 test_acc:0.8442748091603054
 f_score:0.8443483583554522
 test_mae:0.7512205992974625
 test_corr:0.793561262948297
epoch:13, train_loss:0.8281645598234953, valid_loss:1.1331652402877808,
 test_acc_7:0.4218978102189781
 test_acc:0.8290076335877863
 f_score:0.8297544945676342
 test_mae:0.8019473075615207
 test_corr:0.7784756494654952
epoch:14, train_loss:0.7967025549323471, valid_loss:1.1122502088546753,
 test_acc_7:0.4408759124087591
 test_acc:0.8488549618320611
 f_score:0.8490277776085704
 test_mae:0.7408986077082294
 test_corr:0.801960943513964
epoch:15, train_loss:0.7335260918846837, valid_loss:1.1680089831352234,
 test_acc_7:0.4394160583941606
 test_acc:0.8580152671755725
 f_score:0.8572345009631162
 test_mae:0.7168531889906367
 test_corr:0.8075610204932877
epoch:16, train_loss:0.668270253472858, valid_loss:1.1396400332450867,
 test_acc_7:0.4233576642335766
 test_acc:0.8381679389312977
 f_score:0.8390363068320519
 test_mae:0.7819046858406647
 test_corr:0.7888054515111782
epoch:17, train_loss:0.6531959021532977, valid_loss:1.1986262202262878,
 test_acc_7:0.44233576642335765
 test_acc:0.8473282442748091
 f_score:0.847658448146308
 test_mae:0.7473405267303909
 test_corr:0.8015686195198064
epoch:18, train_loss:0.6186267214792746, valid_loss:1.1835744082927704,
 test_acc_7:0.44233576642335765
 test_acc:0.8412213740458016
 f_score:0.8415647860721603
 test_mae:0.7421670938138175
 test_corr:0.8058538046102551
epoch:19, train_loss:0.633477665759899, valid_loss:1.2558414936065674,
 test_acc_7:0.43503649635036495
 test_acc:0.8488549618320611
 f_score:0.8491525360046615
 test_mae:0.7551788948814008
 test_corr:0.8064471351642171
epoch:20, train_loss:0.6247819750397293, valid_loss:1.1011205613613129,
 test_acc_7:0.4364963503649635
 test_acc:0.8412213740458016
 f_score:0.8419526407454015
 test_mae:0.7628411438149038
 test_corr:0.802306674151602
epoch:21, train_loss:0.5775568496297907, valid_loss:1.0273446440696716,
 test_acc_7:0.46277372262773725
 test_acc:0.8725854198473282
 f_score:0.8722294068405669
 test_mae:0.7000023684997595
 test_corr:0.8138309543478583
epoch:22, train_loss:0.6193619657445837, valid_loss:1.2293205857276917,
 test_acc_7:0.44963503649635034
 test_acc:0.8442748091603054
 f_score:0.8449149714693789
 test_mae:0.7349189011081484
 test_corr:0.8068044791155673
epoch:23, train_loss:0.5543288798243912, valid_loss:1.1459089517593384,
 test_acc_7:0.45985401459854014
 test_acc:0.8519083969465648
 f_score:0.8521403027670627
 test_mae:0.7150606067836968
 test_corr:0.8075758772126915
epoch:24, train_loss:0.5555146137873331, valid_loss:1.1922120451927185,
 test_acc_7:0.4394160583941606
 test_acc:0.8442748091603054
 f_score:0.8446116171092342
 test_mae:0.7323082659134058
 test_corr:0.8044634162012587
epoch:25, train_loss:0.5030694775007389, valid_loss:1.1025501191616058,
 test_acc_7:0.4583941605839416
 test_acc:0.8473282442748091
 f_score:0.8475984494869516
 test_mae:0.716231094726596
 test_corr:0.8070089813762008
epoch:26, train_loss:0.5212835614328031, valid_loss:1.1304412186145782,
 test_acc_7:0.4583941605839416
 test_acc:0.850381679389313
 f_score:0.8504523443022972
 test_mae:0.7179647139195381
 test_corr:0.8051551396713573
epoch:27, train_loss:0.514032980910054, valid_loss:1.1251948475837708,
 test_acc_7:0.4467153284671533
 test_acc:0.8412213740458016
 f_score:0.8416802413211807
 test_mae:0.748050754320766
 test_corr:0.801032443733209
epoch:28, train_loss:0.47204799894933347, valid_loss:1.1283918917179108,
 test_acc_7:0.45985401459854014
 test_acc:0.8396946564885496
 f_score:0.8401851206006714
 test_mae:0.743296613039463
 test_corr:0.7961092978455587
epoch:29, train_loss:0.5068768318052645, valid_loss:1.103171706199646,
 test_acc_7:0.4642335766423358
 test_acc:0.8442748091603054
 f_score:0.8441183388728587
 test_mae:0.7204997426282813
 test_corr:0.800146973767427
epoch:30, train_loss:0.46031919508068647, valid_loss:1.1867918372154236,
 test_acc_7:0.454014598540146
 test_acc:0.8427480916030534
 f_score:0.8428583198965073
 test_mae:0.730810000473022
 test_corr:0.7984630359149073
epoch:31, train_loss:0.4735443481692561, valid_loss:1.1043355464935303,
 test_acc_7:0.4583941605839416
 test_acc:0.8412213740458016
 f_score:0.8413681894838931
 test_mae:0.7232677610434649
 test_corr:0.7976923630299408
epoch:32, train_loss:0.447250728253965, valid_loss:1.1705251932144165,
 test_acc_7:0.454014598540146
 test_acc:0.8412213740458016
 f_score:0.8412213740458016
 test_mae:0.7257292457237726
 test_corr:0.8015680727426794
epoch:33, train_loss:0.4204378232911781, valid_loss:1.1495074033737183,
 test_acc_7:0.4481751824817518
 test_acc:0.8412213740458016
 f_score:0.8414368593238822
 test_mae:0.7375456853506674
 test_corr:0.8005559367948354
epoch:34, train_loss:0.44209134689083807, valid_loss:1.1703019738197327,
 test_acc_7:0.4510948905109489
 test_acc:0.8412213740458016
 f_score:0.8412963653820298
 test_mae:0.7295941486272193
 test_corr:0.8009436379937384
epoch:35, train_loss:0.44704323565518417, valid_loss:1.1372090578079224,
 test_acc_7:0.44963503649635034
 test_acc:0.8412213740458016
 f_score:0.8412963653820298
 test_mae:0.7251286693813123
 test_corr:0.8004122204533635
epoch:36, train_loss:0.4144879143547129, valid_loss:1.1900420784950256,
 test_acc_7:0.44379562043795623
 test_acc:0.8366412213740458
 f_score:0.8368970350110899
 test_mae:0.7407576936375321
 test_corr:0.7980429840575481
epoch:37, train_loss:0.4586428685320748, valid_loss:1.1952025890350342,
 test_acc_7:0.45255474452554745
 test_acc:0.8412213740458016
 f_score:0.8412963653820298
 test_mae:0.7322115991463642
 test_corr:0.7992511063531934
epoch:38, train_loss:0.4179806102205206, valid_loss:1.1326528489589691,
 test_acc_7:0.4481751824817518
 test_acc:0.8396946564885496
 f_score:0.8398070251372163
 test_mae:0.7343951511306986
 test_corr:0.798779326407218
epoch:39, train_loss:0.421660253295192, valid_loss:1.171220064163208,
 test_acc_7:0.4467153284671533
 test_acc:0.8396946564885496
 f_score:0.8398070251372163
 test_mae:0.7343434203700483
 test_corr:0.7989032782860165

Experiment 4
epoch:0, train_loss:2.6031583150227866, valid_loss:2.805419445037842,
 test_acc_7:0.15036496350364964
 test_acc:0.42290076335877863
 f_score:0.2618565115618472
 test_mae:1.5674861754240994
 test_corr:0.040485654088549296
epoch:1, train_loss:2.404466840955946, valid_loss:2.700545310974121,
 test_acc_7:0.15182481751824817
 test_acc:0.4778625954198473
 f_score:0.42082772561640563
 test_mae:1.4842882847502288
 test_corr:0.15261186372818927
epoch:2, train_loss:2.308598209310461, valid_loss:2.6523072719573975,
 test_acc_7:0.16058394160583941
 test_acc:0.5511450381679389
 f_score:0.5220484949019517
 test_mae:1.4500901843499363
 test_corr:0.24082156010262645
epoch:3, train_loss:2.1785308299241244, valid_loss:2.3578858375549316,
 test_acc_7:0.181021897810219
 test_acc:0.5389312977099237
 f_score:0.48748841838796136
 test_mae:1.4134864708835273
 test_corr:0.40916937765074696
epoch:4, train_loss:2.0023266032890037, valid_loss:2.1051779985427856,
 test_acc_7:0.2321167883211679
 test_acc:0.5709923664122137
 f_score:0.5265842142683804
 test_mae:1.3573948821263524
 test_corr:0.5635435788781668
epoch:5, train_loss:1.7254983098418624, valid_loss:1.3228240013122559,
 test_acc_7:0.3124087591240876
 test_acc:0.7969465648854962
 f_score:0.798120711798305
 test_mae:1.0068831908816955
 test_corr:0.7017907272033995
epoch:6, train_loss:1.348146469504745, valid_loss:1.1783133745193481,
 test_acc_7:0.34744525547445254
 test_acc:0.8320610687022901
 f_score:0.8324242929609388
 test_mae:0.9240654850577694
 test_corr:0.7528007668540039
epoch:7, train_loss:1.2246958171879803, valid_loss:1.0949302017688751,
 test_acc_7:0.3678832116788321
 test_acc:0.8381679389312977
 f_score:0.8384543564561685
 test_mae:0.8582854033573992
 test_corr:0.7678840684970265
epoch:8, train_loss:1.0943180499253449, valid_loss:1.1845831274986267,
 test_acc_7:0.36496350364963503
 test_acc:0.8351145038167939
 f_score:0.8355910198335339
 test_mae:0.8812918310032318
 test_corr:0.7734797303443712
epoch:9, train_loss:0.9722404347525703, valid_loss:1.2046313881874084,
 test_acc_7:0.4145985401459854
 test_acc:0.850381679389313
 f_score:0.8500689164691402
 test_mae:0.7938674070865257
 test_corr:0.7938761123988052
epoch:10, train_loss:0.9565168928217005, valid_loss:1.2421613335609436,
 test_acc_7:0.39124087591240875
 test_acc:0.8412213740458016
 f_score:0.8412213740458016
 test_mae:0.8109335311386336
 test_corr:0.8046543975099719
epoch:11, train_loss:0.8635862337218391, valid_loss:1.2189846336841583,
 test_acc_7:0.38686131386861317
 test_acc:0.8473282442748091
 f_score:0.847658448146308
 test_mae:0.832093288519114
 test_corr:0.807141499620909
epoch:12, train_loss:0.7825566353621306, valid_loss:1.0665299892425537,
 test_acc_7:0.4131386861313869
 test_acc:0.8519083969465648
 f_score:0.8523614923644297
 test_mae:0.7869833984561548
 test_corr:0.8018261876267905
epoch:13, train_loss:0.738835448468173, valid_loss:1.1233667135238647,
 test_acc_7:0.44963503649635034
 test_acc:0.8564885496183207
 f_score:0.8560210451818258
 test_mae:0.7156086847726398
 test_corr:0.8086350164021822
epoch:14, train_loss:0.7436862267829754, valid_loss:1.024559497833252,
 test_acc_7:0.44525547445255476
 test_acc:0.8458015267175573
 f_score:0.8461641958119318
 test_mae:0.7411857697984758
 test_corr:0.8079588777281378
epoch:15, train_loss:0.6983279607914112, valid_loss:1.0767048299312592,
 test_acc_7:0.43503649635036495
 test_acc:0.8534351145038168
 f_score:0.8537521102204556
 test_mae:0.7561883108523312
 test_corr:0.8109329444262265
epoch:16, train_loss:0.6276491394749394, valid_loss:1.1780385375022888,
 test_acc_7:0.43795620437956206
 test_acc:0.8488549618320611
 f_score:0.8488910324813465
 test_mae:0.7525110793026264
 test_corr:0.811884407855813
epoch:17, train_loss:0.6419472120426319, valid_loss:1.1640977263450623,
 test_acc_7:0.4408759124087591
 test_acc:0.850381679389313
 f_score:0.8502313451915702
 test_mae:0.7343937567257471
 test_corr:0.8147902683513895
epoch:18, train_loss:0.5578311107776783, valid_loss:1.1657364964485168,
 test_acc_7:0.4058394160583942
 test_acc:0.8473282442748091
 f_score:0.8478685715699307
 test_mae:0.7740105231413404
 test_corr:0.8058571542734689
epoch:19, train_loss:0.6407873807130037, valid_loss:1.0793489813804626,
 test_acc_7:0.4467153284671533
 test_acc:0.8488549618320611
 f_score:0.8490916492158681
 test_mae:0.7166799102618381
 test_corr:0.8108870444137747
epoch:20, train_loss:0.5671157307094998, valid_loss:1.0113447260856628,
 test_acc_7:0.46131386861313867
 test_acc:0.8641221374045801
 f_score:0.864020767292675
 test_mae:0.7006512140453516
 test_corr:0.81271482932839
epoch:21, train_loss:0.541734207559515, valid_loss:1.1643964648246765,
 test_acc_7:0.44233576642335765
 test_acc:0.8488549618320611
 f_score:0.8485811805040142
 test_mae:0.7181842595580539
 test_corr:0.8104408422425599
epoch:22, train_loss:0.5264125322854077, valid_loss:1.1254538297653198,
 test_acc_7:0.4554744525547445
 test_acc:0.8473282442748091
 f_score:0.8473282442748091
 test_mae:0.708281828895325
 test_corr:0.8146468007005497
epoch:23, train_loss:0.5288726532900775, valid_loss:1.1029394567012787,
 test_acc_7:0.4408759124087591
 test_acc:0.8549618320610687
 f_score:0.8551276653819614
 test_mae:0.7137357068887933
 test_corr:0.8106038540003906
epoch:24, train_loss:0.487509634759691, valid_loss:1.1316532492637634,
 test_acc_7:0.44233576642335765
 test_acc:0.8519083969465648
 f_score:0.8519437388958647
 test_mae:0.7086001512864676
 test_corr:0.8088655553073675
epoch:25, train_loss:0.4758111845563959, valid_loss:1.1431871056556702,
 test_acc_7:0.4321167883211679
 test_acc:0.8366412213740458
 f_score:0.8374459880902696
 test_mae:0.7727675297944486
 test_corr:0.8021830633474666
epoch:26, train_loss:0.447315792242686, valid_loss:1.1720951795578003,
 test_acc_7:0.42627737226277373
 test_acc:0.8442748091603054
 f_score:0.8448259430013294
 test_mae:0.7685738130383734
 test_corr:0.8027062556627114
epoch:27, train_loss:0.4769822248706111, valid_loss:1.154219627380371,
 test_acc_7:0.4481751824817518
 test_acc:0.8519083969465648
 f_score:0.8521999595197188
 test_mae:0.7379988186573254
 test_corr:0.8087225723501972
epoch:28, train_loss:0.4432095498950393, valid_loss:1.1490018963813782,
 test_acc_7:0.4583941605839416
 test_acc:0.8519083969465648
 f_score:0.8517979149144884
 test_mae:0.7095269367386514
 test_corr:0.8102791345215633
epoch:29, train_loss:0.4336730617064017, valid_loss:1.2003885209560394,
 test_acc_7:0.4467153284671533
 test_acc:0.8519083969465648
 f_score:0.8521403027670627
 test_mae:0.7356501955794924
 test_corr:0.8075758144719419
epoch:30, train_loss:0.41998812225129867, valid_loss:1.1635940074920654,
 test_acc_7:0.4131386861313869
 test_acc:0.8473282442748091
 f_score:0.8479950844353876
 test_mae:0.7675585024965259
 test_corr:0.8030808131486716
epoch:31, train_loss:0.400124611126052, valid_loss:1.1844438910484314,
 test_acc_7:0.41751824817518246
 test_acc:0.8519083969465648
 f_score:0.8524547530232903
 test_mae:0.7605176761746406
 test_corr:0.8048246260596111
epoch:32, train_loss:0.4560432158134602, valid_loss:1.09257972240448,
 test_acc_7:0.4291970802919708
 test_acc:0.8519083969465648
 f_score:0.8524970840642928
 test_mae:0.7425164127075433
 test_corr:0.8042189077143855
epoch:33, train_loss:0.4135394184677689, valid_loss:1.1661885976791382,
 test_acc_7:0.41897810218978104
 test_acc:0.8488549618320611
 f_score:0.8494125829825334
 test_mae:0.7718948350515472
 test_corr:0.8030329419986091
epoch:34, train_loss:0.42929460384227613, valid_loss:1.1173710525035858,
 test_acc_7:0.4291970802919708
 test_acc:0.8534351145038168
 f_score:0.8539076802797171
 test_mae:0.747672510346156
 test_corr:0.8040353592780016
epoch:35, train_loss:0.37711344714517947, valid_loss:1.1258867979049683,
 test_acc_7:0.4218978102189781
 test_acc:0.8473282442748091
 f_score:0.8479136864527812
 test_mae:0.7523383437659421
 test_corr:0.8034229495024306
epoch:36, train_loss:0.39801086650954354, valid_loss:1.1455898880958557,
 test_acc_7:0.42627737226277373
 test_acc:0.8519083969465648
 f_score:0.8523105437177061
 test_mae:0.7420798207899797
 test_corr:0.8056851646015156
epoch:37, train_loss:0.417470454065888, valid_loss:1.1615192890167236,
 test_acc_7:0.4306569343065693
 test_acc:0.8488549618320611
 f_score:0.8494125829825334
 test_mae:0.7519023391012927
 test_corr:0.8039849041173306
epoch:38, train_loss:0.4088505605856578, valid_loss:1.1400740146636963,
 test_acc_7:0.4321167883211679
 test_acc:0.8488549618320611
 f_score:0.8494125829825334
 test_mae:0.7498169811087028
 test_corr:0.8041345024186701
epoch:39, train_loss:0.4020699488895911, valid_loss:1.1523341536521912,
 test_acc_7:0.4321167883211679
 test_acc:0.8488549618320611
 f_score:0.8494125829825334
 test_mae:0.7498990256737434
 test_corr:0.8040931536982823

Experiment 5
epoch:0, train_loss:2.417968025913945, valid_loss:2.810930848121643,
 test_acc_7:0.15182481751824817
 test_acc:0.46259541984732827
 f_score:0.4099430402412591
 test_mae:1.498969195623845
 test_corr:0.049743888004120676
epoch:1, train_loss:2.338725315199958, valid_loss:2.752462387084961,
 test_acc_7:0.1591240875912409
 test_acc:0.4580152671755725
 f_score:0.36605703401128503
 test_mae:1.49777040145898
 test_corr:0.12438693716318969
epoch:2, train_loss:2.3025980569698192, valid_loss:2.726661443710327,
 test_acc_7:0.1591240875912409
 test_acc:0.5251908396946565
 f_score:0.4964305226758073
 test_mae:1.4739852766831625
 test_corr:0.17299488304121707
epoch:3, train_loss:2.284587347948993, valid_loss:2.5770065784454346,
 test_acc_7:0.1591240875912409
 test_acc:0.4961832061068702
 f_score:0.4067649381416162
 test_mae:1.4610420421395052
 test_corr:0.34323609885226064
epoch:4, train_loss:2.041837224253902, valid_loss:1.688478171825409,
 test_acc_7:0.23941605839416058
 test_acc:0.7190839694656489
 f_score:0.7179440583342828
 test_mae:1.1926565332185364
 test_corr:0.6096635262824374
epoch:5, train_loss:1.69300467438168, valid_loss:1.4023581743240356,
 test_acc_7:0.28175182481751826
 test_acc:0.7633587786259542
 f_score:0.7644360552897946
 test_mae:1.0539211859683086
 test_corr:0.688615655326411
epoch:6, train_loss:1.5259365836779277, valid_loss:1.2739586234092712,
 test_acc_7:0.3021897810218978
 test_acc:0.8030534351145038
 f_score:0.8042275794876861
 test_mae:1.0363952916591848
 test_corr:0.7351785771411153
epoch:7, train_loss:1.2975142840985898, valid_loss:1.203293800354004,
 test_acc_7:0.3051094890510949
 test_acc:0.7984732824427481
 f_score:0.7994560089954909
 test_mae:1.0501076512984249
 test_corr:0.7547439032527606
epoch:8, train_loss:1.143823175518601, valid_loss:1.1054774284362793,
 test_acc_7:0.3708029197080292
 test_acc:0.8213740458015267
 f_score:0.8222879705185575
 test_mae:0.8508159703873667
 test_corr:0.7870531900924913
epoch:9, train_loss:1.0371710547694453, valid_loss:1.2796292304992676,
 test_acc_7:0.32992700729927005
 test_acc:0.8244274809160306
 f_score:0.8254771495724145
 test_mae:0.9797065234536
 test_corr:0.7921446134038859
epoch:10, train_loss:1.0279312707759716, valid_loss:1.082533836364746,
 test_acc_7:0.35474452554744523
 test_acc:0.8381679389312977
 f_score:0.8391290542235602
 test_mae:0.9092122296457897
 test_corr:0.7933045995339837
epoch:11, train_loss:0.9148231259098759, valid_loss:1.0610881447792053,
 test_acc_7:0.44963503649635034
 test_acc:0.8580152671755725
 f_score:0.8571369071834534
 test_mae:0.7296074540276108
 test_corr:0.808633245054333
epoch:12, train_loss:0.8330991665522257, valid_loss:1.0890082716941833,
 test_acc_7:0.43795620437956206
 test_acc:0.8534351145038168
 f_score:0.8533629557756318
 test_mae:0.7363028869829105
 test_corr:0.8120389807804005
epoch:13, train_loss:0.7943320881437372, valid_loss:1.060322880744934,
 test_acc_7:0.42043795620437957
 test_acc:0.8320610687022901
 f_score:0.8330245465730989
 test_mae:0.7958821303324902
 test_corr:0.7984892760382178
epoch:14, train_loss:0.7869232639118477, valid_loss:1.0613960027694702,
 test_acc_7:0.42773722627737226
 test_acc:0.8473282442748091
 f_score:0.8478205002913722
 test_mae:0.7491321482816498
 test_corr:0.8115284875648788
epoch:15, train_loss:0.7315205732981364, valid_loss:1.105019986629486,
 test_acc_7:0.3897810218978102
 test_acc:0.8442748091603054
 f_score:0.8451682159132371
 test_mae:0.8343233443099476
 test_corr:0.8100546543686149
epoch:16, train_loss:0.7125364277097914, valid_loss:1.085380620956421,
 test_acc_7:0.4394160583941606
 test_acc:0.8473282442748091
 f_score:0.8479558543817441
 test_mae:0.7547282395137026
 test_corr:0.806105623329655
epoch:17, train_loss:0.6471960610813565, valid_loss:1.0673518478870392,
 test_acc_7:0.42043795620437957
 test_acc:0.8458015267175573
 f_score:0.8462733064825505
 test_mae:0.7657679007475741
 test_corr:0.807762852608058
epoch:18, train_loss:0.6271025350800267, valid_loss:1.141856074333191,
 test_acc_7:0.4335766423357664
 test_acc:0.8580152671755725
 f_score:0.8580491517249013
 test_mae:0.7362841323311334
 test_corr:0.8150610807429282
epoch:19, train_loss:0.6159302029344771, valid_loss:1.1131806373596191,
 test_acc_7:0.44525547445255476
 test_acc:0.8610687022900764
 f_score:0.8612862634206466
 test_mae:0.7518980921302986
 test_corr:0.8149926094516313
epoch:20, train_loss:0.5761393231374247, valid_loss:1.1138653755187988,
 test_acc_7:0.4233576642335766
 test_acc:0.8580152671755725
 f_score:0.858400830574708
 test_mae:0.7753780973037235
 test_corr:0.8048265317748162
epoch:21, train_loss:0.6015900627330497, valid_loss:1.023586893081665,
 test_acc_7:0.4554744525547445
 test_acc:0.8687022900763359
 f_score:0.8681938982702341
 test_mae:0.7013888716697693
 test_corr:0.8192099758026347
epoch:22, train_loss:0.5431742546734987, valid_loss:1.1599416136741638,
 test_acc_7:0.4335766423357664
 test_acc:0.8580152671755725
 f_score:0.8581147936929628
 test_mae:0.7347395034012818
 test_corr:0.8140689262519503
epoch:23, train_loss:0.5350026411038858, valid_loss:1.1296686232089996,
 test_acc_7:0.4394160583941606
 test_acc:0.8610687022900764
 f_score:0.8611018581394194
 test_mae:0.7194707276740374
 test_corr:0.8159159314408364
epoch:24, train_loss:0.5210904434875205, valid_loss:1.1027003526687622,
 test_acc_7:0.43795620437956206
 test_acc:0.850381679389313
 f_score:0.8507052791833818
 test_mae:0.7515395826482363
 test_corr:0.8028225457761495
epoch:25, train_loss:0.4892506566312578, valid_loss:1.0361416339874268,
 test_acc_7:0.4467153284671533
 test_acc:0.8519083969465648
 f_score:0.8522567029084889
 test_mae:0.7304165701275223
 test_corr:0.801150989371864
epoch:26, train_loss:0.468999280973717, valid_loss:1.1226635575294495,
 test_acc_7:0.4233576642335766
 test_acc:0.8549618320610687
 f_score:0.8554969230640473
 test_mae:0.7488637796601366
 test_corr:0.8098907174978641
epoch:27, train_loss:0.45946188657372083, valid_loss:1.084915280342102,
 test_acc_7:0.4481751824817518
 test_acc:0.8549618320610687
 f_score:0.8552473830347762
 test_mae:0.7382412679052649
 test_corr:0.806481038200212
epoch:28, train_loss:0.4459977282418145, valid_loss:1.1128610372543335,
 test_acc_7:0.454014598540146
 test_acc:0.8549618320610687
 f_score:0.854996445310383
 test_mae:0.7005367955036518
 test_corr:0.8151286957277125
epoch:29, train_loss:0.45638397998279995, valid_loss:1.114791601896286,
 test_acc_7:0.4408759124087591
 test_acc:0.8595419847328244
 f_score:0.8596083232225648
 test_mae:0.721577884845848
 test_corr:0.8139906260219086
epoch:30, train_loss:0.45430504392694543, valid_loss:1.1120962500572205,
 test_acc_7:0.4569343065693431
 test_acc:0.8564885496183207
 f_score:0.8566212481873648
 test_mae:0.7153804144761632
 test_corr:0.8102943647429062
epoch:31, train_loss:0.4190433969100316, valid_loss:1.0859041512012482,
 test_acc_7:0.45255474452554745
 test_acc:0.8549618320610687
 f_score:0.8550634989336717
 test_mae:0.7118584589421294
 test_corr:0.8125664370155666
epoch:32, train_loss:0.4272270522735737, valid_loss:1.1329176425933838,
 test_acc_7:0.44233576642335765
 test_acc:0.8519083969465648
 f_score:0.8520777214952661
 test_mae:0.7282241286375766
 test_corr:0.8071282735635678
epoch:33, train_loss:0.45800472188878943, valid_loss:1.0729005336761475,
 test_acc_7:0.44379562043795623
 test_acc:0.8473282442748091
 f_score:0.847658448146308
 test_mae:0.7251016522132088
 test_corr:0.8074371940192601
epoch:34, train_loss:0.4230688942803277, valid_loss:1.1189072132110596,
 test_acc_7:0.45255474452554745
 test_acc:0.850381679389313
 f_score:0.8506464804972126
 test_mae:0.7227255234860936
 test_corr:0.8080920844011309
epoch:35, train_loss:0.40528129869037205, valid_loss:1.119469940662384,
 test_acc_7:0.44525547445255476
 test_acc:0.8519083969465648
 f_score:0.8521403027670627
 test_mae:0.7255294111939431
 test_corr:0.8079942523586585
epoch:36, train_loss:0.42896434554347285, valid_loss:1.1583072543144226,
 test_acc_7:0.4467153284671533
 test_acc:0.8473282442748091
 f_score:0.847658448146308
 test_mae:0.7292552031256714
 test_corr:0.8081518608317477
epoch:37, train_loss:0.4060771310770953, valid_loss:1.0902475714683533,
 test_acc_7:0.44525547445255476
 test_acc:0.8534351145038168
 f_score:0.8535706364466705
 test_mae:0.7238392774555974
 test_corr:0.80919820333109
epoch:38, train_loss:0.41444881867479394, valid_loss:1.1091400980949402,
 test_acc_7:0.44525547445255476
 test_acc:0.8534351145038168
 f_score:0.8535706364466705
 test_mae:0.7237180277818942
 test_corr:0.8091799502260382
epoch:39, train_loss:0.4143465956052144, valid_loss:1.114183247089386,
 test_acc_7:0.44963503649635034
 test_acc:0.8534351145038168
 f_score:0.8535706364466705
 test_mae:0.7234760979247343
 test_corr:0.8093127290635566

-------------------Final Result-------------------
test_acc_7_all:[0.47007299270072994, 0.454014598540146, 0.46277372262773725, 0.46131386861313867, 0.4554744525547445]
test_acc_all:[0.8747557251908397, 0.8687022900763359, 0.8725854198473282, 0.8641221374045801, 0.8687022900763359]
test_f_score_all:[0.8746174349002855, 0.8685004271106219, 0.8722294068405669, 0.864020767292675, 0.8681938982702341]
test_mae_all:[0.6850110678975862, 0.6911507796780415, 0.7000023684997595, 0.7006512140453516, 0.7013888716697693]
test_corr_all:[0.8169796478496527, 0.8161578498552605, 0.8138309543478583, 0.81271482932839, 0.8192099758026347]

-------------------Average-------------------
test_acc_7_ave 0.46072992700729926
test_acc_ave 0.869773572519084
test_f_score_ave 0.8695123868828766
test_mae_ave 0.6956408603581017
test_corr_ave 0.8157786514367593
