Experiment 1
epoch:0, train_loss:2.422433513182181, valid_loss:2.707532286643982,
 test_acc_7:0.15474452554744525
 test_acc:0.49312977099236643
 f_score:0.4124730276591385
 test_mae:1.4720598211736025
 test_corr:0.30760176895164704
epoch:1, train_loss:2.2608334400035717, valid_loss:2.63158917427063,
 test_acc_7:0.1591240875912409
 test_acc:0.42442748091603055
 f_score:0.25469631615227833
 test_mae:1.4866693714761552
 test_corr:0.3722041955540668
epoch:2, train_loss:2.1872810037047774, valid_loss:2.5365649461746216,
 test_acc_7:0.16058394160583941
 test_acc:0.5633587786259542
 f_score:0.522457522777641
 test_mae:1.43705866274086
 test_corr:0.43473933443612195
epoch:3, train_loss:2.011351810561286, valid_loss:2.2909951210021973,
 test_acc_7:0.18394160583941604
 test_acc:0.7206106870229008
 f_score:0.7222056099302274
 test_mae:1.3082077556712293
 test_corr:0.5137562347687213
epoch:4, train_loss:1.7503974923381098, valid_loss:1.6101422905921936,
 test_acc_7:0.27007299270072993
 test_acc:0.7480916030534351
 f_score:0.7492939651891454
 test_mae:1.1032365541764755
 test_corr:0.66509009657533
epoch:5, train_loss:1.3091001863832827, valid_loss:1.4905551075935364,
 test_acc_7:0.310948905109489
 test_acc:0.8366412213740458
 f_score:0.8331777758131071
 test_mae:0.9221809190122112
 test_corr:0.7352967728518817
epoch:6, train_loss:1.075318404921779, valid_loss:1.2800670862197876,
 test_acc_7:0.33138686131386863
 test_acc:0.8290076335877863
 f_score:0.8293774619238652
 test_mae:0.883034749532417
 test_corr:0.7586273796862012
epoch:7, train_loss:0.9079945970464636, valid_loss:1.2349204123020172,
 test_acc_7:0.381021897810219
 test_acc:0.8381679389312977
 f_score:0.8373323776996431
 test_mae:0.8291143566924538
 test_corr:0.7659605970014618
epoch:8, train_loss:0.7481666207313538, valid_loss:1.329641580581665,
 test_acc_7:0.42627737226277373
 test_acc:0.8519083969465648
 f_score:0.8506680825324552
 test_mae:0.7952092394765949
 test_corr:0.7754443777198682
epoch:9, train_loss:0.6719133224752214, valid_loss:1.2412593066692352,
 test_acc_7:0.4291970802919708
 test_acc:0.8366412213740458
 f_score:0.8371410276597319
 test_mae:0.8025075496622283
 test_corr:0.7783417664921238
epoch:10, train_loss:0.5734942422972785, valid_loss:1.309458076953888,
 test_acc_7:0.4043795620437956
 test_acc:0.8488549618320611
 f_score:0.8485811805040142
 test_mae:0.8093703400215688
 test_corr:0.7772236893973085
epoch:11, train_loss:0.5287756864671354, valid_loss:1.289186418056488,
 test_acc_7:0.40145985401459855
 test_acc:0.8427480916030534
 f_score:0.8430576889745468
 test_mae:0.8350999537762965
 test_corr:0.7736733085610125
epoch:12, train_loss:0.508719660617687, valid_loss:1.2692656517028809,
 test_acc_7:0.4058394160583942
 test_acc:0.8396946564885496
 f_score:0.8400102654594896
 test_mae:0.8114916300642809
 test_corr:0.7778680198967707
epoch:13, train_loss:0.44039500918653274, valid_loss:1.2485392093658447,
 test_acc_7:0.4233576642335766
 test_acc:0.8427480916030534
 f_score:0.843229213541611
 test_mae:0.7928032486706631
 test_corr:0.7786718019970419
epoch:14, train_loss:0.40615621816228936, valid_loss:1.215907633304596,
 test_acc_7:0.42627737226277373
 test_acc:0.8641221374045801
 f_score:0.8637994916434253
 test_mae:0.765406652736897
 test_corr:0.7760096599452336
epoch:15, train_loss:0.3613972724587829, valid_loss:1.25331449508667,
 test_acc_7:0.41605839416058393
 test_acc:0.8488549618320611
 f_score:0.8492104493602104
 test_mae:0.8018156977189094
 test_corr:0.7758107878540953
epoch:16, train_loss:0.3478519508132228, valid_loss:1.2310486137866974,
 test_acc_7:0.4321167883211679
 test_acc:0.8580152671755725
 f_score:0.8582948065498337
 test_mae:0.7783145153226744
 test_corr:0.7783796007514763
epoch:17, train_loss:0.32991787791252136, valid_loss:1.1760894656181335,
 test_acc_7:0.4321167883211679
 test_acc:0.8564885496183207
 f_score:0.8559328655511862
 test_mae:0.7592931242040287
 test_corr:0.7781069795370092
epoch:18, train_loss:0.3029922302122469, valid_loss:1.1864070296287537,
 test_acc_7:0.4072992700729927
 test_acc:0.8549618320610687
 f_score:0.8550634989336717
 test_mae:0.7936926407917253
 test_corr:0.7798535365192791
epoch:19, train_loss:0.2837548454602559, valid_loss:1.1638462245464325,
 test_acc_7:0.4467153284671533
 test_acc:0.8564885496183207
 f_score:0.8557475802242117
 test_mae:0.7488889062819818
 test_corr:0.7807905661763135
epoch:20, train_loss:0.28089627375205356, valid_loss:1.1741917133331299,
 test_acc_7:0.42773722627737226
 test_acc:0.8519083969465648
 f_score:0.8519437388958647
 test_mae:0.7701213984814195
 test_corr:0.7808134683727802
epoch:21, train_loss:0.2629729214089888, valid_loss:1.2275997996330261,
 test_acc_7:0.4116788321167883
 test_acc:0.8488549618320611
 f_score:0.8490277776085704
 test_mae:0.7839471898743712
 test_corr:0.7788380263834206
epoch:22, train_loss:0.23861329202298764, valid_loss:1.214879333972931,
 test_acc_7:0.4145985401459854
 test_acc:0.8534351145038168
 f_score:0.852957663164418
 test_mae:0.7704371276290248
 test_corr:0.7801724842798256
epoch:23, train_loss:0.24335808996801023, valid_loss:1.2695720493793488,
 test_acc_7:0.40145985401459855
 test_acc:0.850381679389313
 f_score:0.8505200247059761
 test_mae:0.7818175502683086
 test_corr:0.7795658521988192
epoch:24, train_loss:0.21801765814975457, valid_loss:1.2345381379127502,
 test_acc_7:0.4145985401459854
 test_acc:0.8473282442748091
 f_score:0.847093519896072
 test_mae:0.7761706336066709
 test_corr:0.7781123125413231
epoch:25, train_loss:0.21915222318084152, valid_loss:1.2261167764663696,
 test_acc_7:0.4233576642335766
 test_acc:0.8549618320610687
 f_score:0.8546174349002855
 test_mae:0.7615440262040791
 test_corr:0.780060750847616
epoch:26, train_loss:0.21034244889462436, valid_loss:1.211934506893158,
 test_acc_7:0.41751824817518246
 test_acc:0.8549618320610687
 f_score:0.8545327920258672
 test_mae:0.7716106766877511
 test_corr:0.7770016896511903
epoch:27, train_loss:0.206679653790262, valid_loss:1.176433116197586,
 test_acc_7:0.3897810218978102
 test_acc:0.8473282442748091
 f_score:0.8475984494869516
 test_mae:0.796534023680973
 test_corr:0.7756429662126407
epoch:28, train_loss:0.2060274346559136, valid_loss:1.252907544374466,
 test_acc_7:0.40875912408759124
 test_acc:0.8488549618320611
 f_score:0.8492654002892052
 test_mae:0.7941430158241304
 test_corr:0.7755717620785166
epoch:29, train_loss:0.1978815907129535, valid_loss:1.2070363759994507,
 test_acc_7:0.4058394160583942
 test_acc:0.8549618320610687
 f_score:0.8547778391148504
 test_mae:0.7803902621275678
 test_corr:0.7733964892320473
epoch:30, train_loss:0.2028466910123825, valid_loss:1.2424429953098297,
 test_acc_7:0.4072992700729927
 test_acc:0.8580152671755725
 f_score:0.8576781204813321
 test_mae:0.7740124769732782
 test_corr:0.7727900840272621
epoch:31, train_loss:0.1961886430228198, valid_loss:1.2144383788108826,
 test_acc_7:0.4116788321167883
 test_acc:0.8549618320610687
 f_score:0.8544451696051208
 test_mae:0.7714123875841157
 test_corr:0.7722227655849734
epoch:32, train_loss:0.18092900100681517, valid_loss:1.2196704149246216,
 test_acc_7:0.41751824817518246
 test_acc:0.8534351145038168
 f_score:0.8531287345003823
 test_mae:0.7754939327841155
 test_corr:0.7739218646277086
epoch:33, train_loss:0.19296656686950614, valid_loss:1.209318995475769,
 test_acc_7:0.4072992700729927
 test_acc:0.8549618320610687
 f_score:0.8546174349002855
 test_mae:0.7716694136512757
 test_corr:0.7744068306772803
epoch:34, train_loss:0.19875553084744346, valid_loss:1.2256810665130615,
 test_acc_7:0.4072992700729927
 test_acc:0.8519083969465648
 f_score:0.8517205304646367
 test_mae:0.7758743556550498
 test_corr:0.7752513177118203
epoch:35, train_loss:0.1733344801598125, valid_loss:1.2038671970367432,
 test_acc_7:0.41021897810218977
 test_acc:0.8534351145038168
 f_score:0.8531287345003823
 test_mae:0.7725431049015117
 test_corr:0.7756098991489094
epoch:36, train_loss:0.17211266745019843, valid_loss:1.1980767250061035,
 test_acc_7:0.4072992700729927
 test_acc:0.8549618320610687
 f_score:0.854853628009035
 test_mae:0.7783684342587722
 test_corr:0.7755044594853127
epoch:37, train_loss:0.16322051595758508, valid_loss:1.193203330039978,
 test_acc_7:0.4043795620437956
 test_acc:0.8534351145038168
 f_score:0.8533629557756318
 test_mae:0.7800327049916653
 test_corr:0.7753643943557891
epoch:38, train_loss:0.16121108967948844, valid_loss:1.206413447856903,
 test_acc_7:0.4072992700729927
 test_acc:0.8534351145038168
 f_score:0.8533629557756318
 test_mae:0.778751942831383
 test_corr:0.7753327837155132
epoch:39, train_loss:0.168579389375669, valid_loss:1.1943579316139221,
 test_acc_7:0.4072992700729927
 test_acc:0.8534351145038168
 f_score:0.8533629557756318
 test_mae:0.7787527575395745
 test_corr:0.7753327277366185

Experiment 2
epoch:0, train_loss:2.4180146190855236, valid_loss:2.705811023712158,
 test_acc_7:0.15474452554744525
 test_acc:0.48244274809160304
 f_score:0.3897621695073774
 test_mae:1.4728975967602838
 test_corr:0.3140130189837049
epoch:1, train_loss:2.259972687120791, valid_loss:2.632012724876404,
 test_acc_7:0.15766423357664233
 test_acc:0.42442748091603055
 f_score:0.25469631615227833
 test_mae:1.4869963151800893
 test_corr:0.37803004482364355
epoch:2, train_loss:2.186513966984219, valid_loss:2.53483510017395,
 test_acc_7:0.1591240875912409
 test_acc:0.5603053435114503
 f_score:0.5162615037293536
 test_mae:1.4368629722095287
 test_corr:0.43885700561000124
epoch:3, train_loss:2.0081960006996438, valid_loss:2.2838549613952637,
 test_acc_7:0.1854014598540146
 test_acc:0.7251908396946565
 f_score:0.7268126642472781
 test_mae:1.3041323904065372
 test_corr:0.5171748617871437
epoch:4, train_loss:1.7406374127776534, valid_loss:1.602015495300293,
 test_acc_7:0.2671532846715328
 test_acc:0.7541984732824427
 f_score:0.7554665305322912
 test_mae:1.0975986277016292
 test_corr:0.6684687487494277
epoch:5, train_loss:1.3077896171145968, valid_loss:1.4812490344047546,
 test_acc_7:0.30656934306569344
 test_acc:0.8381679389312977
 f_score:0.8349936660282008
 test_mae:0.9213137992513424
 test_corr:0.7365116140603807
epoch:6, train_loss:1.0687561454596344, valid_loss:1.2805969715118408,
 test_acc_7:0.3343065693430657
 test_acc:0.8290076335877863
 f_score:0.8293102634253856
 test_mae:0.8802467827500001
 test_corr:0.7598676917885634
epoch:7, train_loss:0.9018384770110801, valid_loss:1.2391939759254456,
 test_acc_7:0.3854014598540146
 test_acc:0.8396946564885496
 f_score:0.8388131462486796
 test_mae:0.8257773033030444
 test_corr:0.7671945525838967
epoch:8, train_loss:0.7440524918061716, valid_loss:1.3324159383773804,
 test_acc_7:0.4291970802919708
 test_acc:0.8519083969465648
 f_score:0.8505536979025577
 test_mae:0.791986580158918
 test_corr:0.7761938043931002
epoch:9, train_loss:0.6696505149205526, valid_loss:1.2434248328208923,
 test_acc_7:0.43795620437956206
 test_acc:0.8366412213740458
 f_score:0.8371410276597319
 test_mae:0.7986204981717694
 test_corr:0.778863636420941
epoch:10, train_loss:0.5726301890832407, valid_loss:1.3173195123672485,
 test_acc_7:0.40875912408759124
 test_acc:0.8519083969465648
 f_score:0.8515567493192389
 test_mae:0.8112864389133156
 test_corr:0.7774794159534388
epoch:11, train_loss:0.5293224718835619, valid_loss:1.2911620140075684,
 test_acc_7:0.4058394160583942
 test_acc:0.8442748091603054
 f_score:0.8444861504907306
 test_mae:0.8340438672373398
 test_corr:0.7737790154157623
epoch:12, train_loss:0.5065403668968765, valid_loss:1.2665151059627533,
 test_acc_7:0.4043795620437956
 test_acc:0.8412213740458016
 f_score:0.8415647860721603
 test_mae:0.8091005281470574
 test_corr:0.7780003692822366
epoch:13, train_loss:0.44280461304717594, valid_loss:1.249034821987152,
 test_acc_7:0.4291970802919708
 test_acc:0.8458015267175573
 f_score:0.8463233551453501
 test_mae:0.7903966434594983
 test_corr:0.7789285250850936
epoch:14, train_loss:0.40428858664300704, valid_loss:1.2191259860992432,
 test_acc_7:0.42773722627737226
 test_acc:0.8610687022900764
 f_score:0.8606577270984621
 test_mae:0.7632545343052795
 test_corr:0.7765349971128904
epoch:15, train_loss:0.35754791454032614, valid_loss:1.2484900951385498,
 test_acc_7:0.4131386861313869
 test_acc:0.8473282442748091
 f_score:0.847658448146308
 test_mae:0.800310370679376
 test_corr:0.7762437317554688
epoch:16, train_loss:0.344146799158167, valid_loss:1.23279669880867,
 test_acc_7:0.42773722627737226
 test_acc:0.8580152671755725
 f_score:0.8582948065498337
 test_mae:0.7785478111228529
 test_corr:0.7783812669075996
epoch:17, train_loss:0.329209687533202, valid_loss:1.1782450079917908,
 test_acc_7:0.4335766423357664
 test_acc:0.8580152671755725
 f_score:0.8574207727953023
 test_mae:0.7585310439607627
 test_corr:0.7778694639229241
epoch:18, train_loss:0.3010659416516622, valid_loss:1.1864131689071655,
 test_acc_7:0.4058394160583942
 test_acc:0.8580152671755725
 f_score:0.8580491517249013
 test_mae:0.7935598703845314
 test_corr:0.7796148759591163
epoch:19, train_loss:0.2829273541768392, valid_loss:1.1630742847919464,
 test_acc_7:0.44963503649635034
 test_acc:0.8534351145038168
 f_score:0.8525791764779743
 test_mae:0.7484103059460132
 test_corr:0.7806122584201005
epoch:20, train_loss:0.2799276132826452, valid_loss:1.172442376613617,
 test_acc_7:0.42773722627737226
 test_acc:0.8580152671755725
 f_score:0.8580491517249013
 test_mae:0.77046683367683
 test_corr:0.7803979938071223
epoch:21, train_loss:0.2633233608471023, valid_loss:1.2277900576591492,
 test_acc_7:0.4072992700729927
 test_acc:0.8488549618320611
 f_score:0.8489609094150894
 test_mae:0.7816359720941995
 test_corr:0.7787154057930937
epoch:22, train_loss:0.23695109729413633, valid_loss:1.2164640426635742,
 test_acc_7:0.41021897810218977
 test_acc:0.8564885496183207
 f_score:0.8560210451818258
 test_mae:0.7707883404631821
 test_corr:0.7799309120303725
epoch:23, train_loss:0.2428727740490878, valid_loss:1.2686384320259094,
 test_acc_7:0.4
 test_acc:0.850381679389313
 f_score:0.8505200247059761
 test_mae:0.7824606936474736
 test_corr:0.7793261098048578
epoch:24, train_loss:0.21669467786947885, valid_loss:1.2356828451156616,
 test_acc_7:0.4131386861313869
 test_acc:0.8473282442748091
 f_score:0.847093519896072
 test_mae:0.775958470585365
 test_corr:0.7778340124772223
epoch:25, train_loss:0.21946661643407964, valid_loss:1.2251288890838623,
 test_acc_7:0.42627737226277373
 test_acc:0.8564885496183207
 f_score:0.8561885525316244
 test_mae:0.7617818354678746
 test_corr:0.7800259768066566
epoch:26, train_loss:0.20988779570217486, valid_loss:1.2109602689743042,
 test_acc_7:0.41897810218978104
 test_acc:0.8549618320610687
 f_score:0.8545327920258672
 test_mae:0.7719013423936172
 test_corr:0.7769961583577584
epoch:27, train_loss:0.20523365945727737, valid_loss:1.1764571964740753,
 test_acc_7:0.3927007299270073
 test_acc:0.8458015267175573
 f_score:0.8461051124896043
 test_mae:0.7976725884706123
 test_corr:0.7755685919520605
epoch:28, train_loss:0.2056688498015757, valid_loss:1.2515757977962494,
 test_acc_7:0.41021897810218977
 test_acc:0.8488549618320611
 f_score:0.8492654002892052
 test_mae:0.7942875971033003
 test_corr:0.7753173529699796
epoch:29, train_loss:0.1961324350149543, valid_loss:1.2068721055984497,
 test_acc_7:0.40145985401459855
 test_acc:0.8519083969465648
 f_score:0.8516401465544381
 test_mae:0.7807842185533292
 test_corr:0.7731760153509005
epoch:30, train_loss:0.2023694043358167, valid_loss:1.2415958642959595,
 test_acc_7:0.4072992700729927
 test_acc:0.8549618320610687
 f_score:0.8546174349002855
 test_mae:0.7747056042029031
 test_corr:0.7726215164887503
epoch:31, train_loss:0.19500938223467934, valid_loss:1.2137656807899475,
 test_acc_7:0.4145985401459854
 test_acc:0.8534351145038168
 f_score:0.8528676073714242
 test_mae:0.7722932546491955
 test_corr:0.7721101461684609
epoch:32, train_loss:0.1798430206599059, valid_loss:1.2209721803665161,
 test_acc_7:0.41605839416058393
 test_acc:0.8534351145038168
 f_score:0.8531287345003823
 test_mae:0.776017726383364
 test_corr:0.7737376470748845
epoch:33, train_loss:0.19330648746755388, valid_loss:1.2097123861312866,
 test_acc_7:0.4072992700729927
 test_acc:0.8549618320610687
 f_score:0.8546174349002855
 test_mae:0.7721980153064009
 test_corr:0.7742413327782127
epoch:34, train_loss:0.19744530651304457, valid_loss:1.2265396118164062,
 test_acc_7:0.4029197080291971
 test_acc:0.8534351145038168
 f_score:0.853287848350926
 test_mae:0.7761840785180845
 test_corr:0.7750895885511371
epoch:35, train_loss:0.17265219048217492, valid_loss:1.203520119190216,
 test_acc_7:0.4072992700729927
 test_acc:0.8549618320610687
 f_score:0.8546174349002855
 test_mae:0.7726009939022306
 test_corr:0.7754062411099191
epoch:36, train_loss:0.1712628898245317, valid_loss:1.1976932287216187,
 test_acc_7:0.4029197080291971
 test_acc:0.8564885496183207
 f_score:0.8563443515102817
 test_mae:0.7789000635561426
 test_corr:0.7752743791910636
epoch:37, train_loss:0.16280755511036626, valid_loss:1.1931451559066772,
 test_acc_7:0.4043795620437956
 test_acc:0.850381679389313
 f_score:0.850381679389313
 test_mae:0.7805223881204805
 test_corr:0.7751352789634849
epoch:38, train_loss:0.16019414641239024, valid_loss:1.2061733603477478,
 test_acc_7:0.4029197080291971
 test_acc:0.8534351145038168
 f_score:0.8533629557756318
 test_mae:0.7792473795969495
 test_corr:0.7751091230227144
epoch:39, train_loss:0.16841035694987685, valid_loss:1.1944412589073181,
 test_acc_7:0.4029197080291971
 test_acc:0.8534351145038168
 f_score:0.8533629557756318
 test_mae:0.7792480522407688
 test_corr:0.7751090401725919

Experiment 3
epoch:0, train_loss:2.3634618609039872, valid_loss:2.7478790283203125,
 test_acc_7:0.15474452554744525
 test_acc:0.48854961832061067
 f_score:0.4308814347361013
 test_mae:1.4795079988154418
 test_corr:0.1751091880614562
epoch:1, train_loss:2.2778896358278065, valid_loss:2.653088927268982,
 test_acc_7:0.15182481751824817
 test_acc:0.4717557251908397
 f_score:0.36205442626520007
 test_mae:1.476982672173416
 test_corr:0.26684546398790515
epoch:2, train_loss:2.2075481370643333, valid_loss:2.593652606010437,
 test_acc_7:0.15328467153284672
 test_acc:0.5740458015267176
 f_score:0.5460637617777815
 test_mae:1.4441893624792317
 test_corr:0.3495499144627648
epoch:3, train_loss:2.0962219105826483, valid_loss:2.433318614959717,
 test_acc_7:0.181021897810219
 test_acc:0.6687022900763359
 f_score:0.6678449363244788
 test_mae:1.3525274379797838
 test_corr:0.42088352317663147
epoch:4, train_loss:1.793435149722629, valid_loss:2.045888662338257,
 test_acc_7:0.24525547445255474
 test_acc:0.7435114503816794
 f_score:0.7450251532974597
 test_mae:1.1605987148288324
 test_corr:0.540147592373975
epoch:5, train_loss:1.455267890735909, valid_loss:1.5011258125305176,
 test_acc_7:0.310948905109489
 test_acc:0.7816793893129771
 f_score:0.7829711999465726
 test_mae:1.022845897505074
 test_corr:0.6970242663986904
epoch:6, train_loss:1.1348197725084093, valid_loss:1.3133357763290405,
 test_acc_7:0.32554744525547447
 test_acc:0.8396946564885496
 f_score:0.8400716887153747
 test_mae:0.911490435317116
 test_corr:0.7517943987019549
epoch:7, train_loss:0.9639173900639569, valid_loss:1.2409475445747375,
 test_acc_7:0.38248175182481753
 test_acc:0.8427480916030534
 f_score:0.8420896730958725
 test_mae:0.8078936388858289
 test_corr:0.7733459448350776
epoch:8, train_loss:0.777996114006749, valid_loss:1.2628781199455261,
 test_acc_7:0.4072992700729927
 test_acc:0.8610687022900764
 f_score:0.8597977990632243
 test_mae:0.7791636632655868
 test_corr:0.7818389131140613
epoch:9, train_loss:0.6796839888449069, valid_loss:1.2468950152397156,
 test_acc_7:0.4364963503649635
 test_acc:0.833587786259542
 f_score:0.834334824542224
 test_mae:0.7972278681903623
 test_corr:0.7717768747632637
epoch:10, train_loss:0.5757920245329539, valid_loss:1.2324150204658508,
 test_acc_7:0.42043795620437957
 test_acc:0.8519083969465648
 f_score:0.8516401465544381
 test_mae:0.7733522310653943
 test_corr:0.7756704338090322
epoch:11, train_loss:0.5446835491392348, valid_loss:1.244463324546814,
 test_acc_7:0.4291970802919708
 test_acc:0.8412213740458016
 f_score:0.8413681894838931
 test_mae:0.7832329930247071
 test_corr:0.7821381308024856
epoch:12, train_loss:0.5459209222484518, valid_loss:1.2938485741615295,
 test_acc_7:0.4248175182481752
 test_acc:0.8442748091603054
 f_score:0.8447769102971996
 test_mae:0.7796665314666728
 test_corr:0.7881135122579962
epoch:13, train_loss:0.4542001110536081, valid_loss:1.2362117767333984,
 test_acc_7:0.4394160583941606
 test_acc:0.8534351145038168
 f_score:0.853287848350926
 test_mae:0.7545691299660998
 test_corr:0.7788294646670907
epoch:14, train_loss:0.41373160150316024, valid_loss:1.3224543035030365,
 test_acc_7:0.4058394160583942
 test_acc:0.8381679389312977
 f_score:0.8389132684520438
 test_mae:0.8374308063570438
 test_corr:0.777500410639311
epoch:15, train_loss:0.38589768829169097, valid_loss:1.0827416062355042,
 test_acc_7:0.4594744525547445
 test_acc:0.8625954198473282
 f_score:0.8611737259203932
 test_mae:0.7350674312824795
 test_corr:0.7890883532040196
epoch:16, train_loss:0.3606713855708087, valid_loss:1.244279384613037,
 test_acc_7:0.4481751824817518
 test_acc:0.850381679389313
 f_score:0.8499831318930617
 test_mae:0.7485603398067578
 test_corr:0.7781452801474645
epoch:17, train_loss:0.33456785535370864, valid_loss:1.237960398197174,
 test_acc_7:0.4364963503649635
 test_acc:0.8458015267175573
 f_score:0.8461641958119318
 test_mae:0.768064681321155
 test_corr:0.7758919289972099
epoch:18, train_loss:0.29173621756059154, valid_loss:1.205223262310028,
 test_acc_7:0.43795620437956206
 test_acc:0.8458015267175573
 f_score:0.8457639551569456
 test_mae:0.7590649457835017
 test_corr:0.7760553036501363
epoch:19, train_loss:0.2722032141906244, valid_loss:1.2778308987617493,
 test_acc_7:0.4394160583941606
 test_acc:0.8519083969465648
 f_score:0.8514703244895697
 test_mae:0.750598548241013
 test_corr:0.7754756709002167
epoch:20, train_loss:0.26517698499891496, valid_loss:1.2886212468147278,
 test_acc_7:0.4321167883211679
 test_acc:0.8259541984732824
 f_score:0.8267938325937854
 test_mae:0.7929650272043663
 test_corr:0.7737625345266564
epoch:21, train_loss:0.27102598271988054, valid_loss:1.1745089888572693,
 test_acc_7:0.43795620437956206
 test_acc:0.8290076335877863
 f_score:0.8297105569075535
 test_mae:0.7767773657043656
 test_corr:0.7719775960876588
epoch:22, train_loss:0.23978768703010347, valid_loss:1.2360569834709167,
 test_acc_7:0.42627737226277373
 test_acc:0.8412213740458016
 f_score:0.841624066902006
 test_mae:0.769755147840785
 test_corr:0.7706755059857534
epoch:23, train_loss:0.21970528364181519, valid_loss:1.2663043439388275,
 test_acc_7:0.4291970802919708
 test_acc:0.8351145038167939
 f_score:0.8355910198335339
 test_mae:0.7744756744811951
 test_corr:0.7709975666180633
epoch:24, train_loss:0.22963359676025533, valid_loss:1.19674551486969,
 test_acc_7:0.4364963503649635
 test_acc:0.8244274809160306
 f_score:0.8252924171063645
 test_mae:0.7978808530684532
 test_corr:0.7694783331213899
epoch:25, train_loss:0.21806292429014487, valid_loss:1.1886632442474365,
 test_acc_7:0.4321167883211679
 test_acc:0.8381679389312977
 f_score:0.8383875681570341
 test_mae:0.765341432118177
 test_corr:0.7698965928630322
epoch:26, train_loss:0.21437031748118224, valid_loss:1.242102026939392,
 test_acc_7:0.4248175182481752
 test_acc:0.8427480916030534
 f_score:0.8429943421134789
 test_mae:0.7671470433363392
 test_corr:0.7696066948862645
epoch:27, train_loss:0.2244255299921389, valid_loss:1.2094451189041138,
 test_acc_7:0.4291970802919708
 test_acc:0.8381679389312977
 f_score:0.8385179550350865
 test_mae:0.7749232562795594
 test_corr:0.7664039785574668
epoch:28, train_loss:0.19568094969899566, valid_loss:1.1818256080150604,
 test_acc_7:0.4364963503649635
 test_acc:0.8366412213740458
 f_score:0.8370848265752014
 test_mae:0.7849302354034122
 test_corr:0.764638278892523
epoch:29, train_loss:0.17610695764974313, valid_loss:1.1479292809963226,
 test_acc_7:0.4306569343065693
 test_acc:0.8396946564885496
 f_score:0.8401299700037024
 test_mae:0.783111507379457
 test_corr:0.7657852549369316
epoch:30, train_loss:0.191286393613727, valid_loss:1.160188615322113,
 test_acc_7:0.4291970802919708
 test_acc:0.8381679389312977
 f_score:0.8386356305773572
 test_mae:0.7813758353208625
 test_corr:0.7661136086172746
epoch:31, train_loss:0.18565638335766615, valid_loss:1.1785937249660492,
 test_acc_7:0.4248175182481752
 test_acc:0.8366412213740458
 f_score:0.8370848265752014
 test_mae:0.7793804120954894
 test_corr:0.7663377775346621
epoch:32, train_loss:0.1833711294112382, valid_loss:1.1464458405971527,
 test_acc_7:0.42773722627737226
 test_acc:0.8366412213740458
 f_score:0.837025435167096
 test_mae:0.7839815188199282
 test_corr:0.765536411466928
epoch:33, train_loss:0.19403510430344828, valid_loss:1.1533663272857666,
 test_acc_7:0.42627737226277373
 test_acc:0.8396946564885496
 f_score:0.8401299700037024
 test_mae:0.7798298485886362
 test_corr:0.7663410458023117
epoch:34, train_loss:0.17162657142789275, valid_loss:1.2028602957725525,
 test_acc_7:0.4291970802919708
 test_acc:0.8366412213740458
 f_score:0.8371410276597319
 test_mae:0.7821360787702013
 test_corr:0.7665475584192067
epoch:35, train_loss:0.17736554007839272, valid_loss:1.2056300640106201,
 test_acc_7:0.42043795620437957
 test_acc:0.8381679389312977
 f_score:0.8385179550350865
 test_mae:0.7766749622513992
 test_corr:0.766502926405827
epoch:36, train_loss:0.17885370028239708, valid_loss:1.204597532749176,
 test_acc_7:0.4233576642335766
 test_acc:0.8366412213740458
 f_score:0.8369628419444322
 test_mae:0.7741105614706362
 test_corr:0.7677539426033027
epoch:37, train_loss:0.170702269507779, valid_loss:1.1916042566299438,
 test_acc_7:0.4306569343065693
 test_acc:0.8366412213740458
 f_score:0.8370848265752014
 test_mae:0.7798987590811646
 test_corr:0.7676722177924464
epoch:38, train_loss:0.16564029344805964, valid_loss:1.2019168138504028,
 test_acc_7:0.42627737226277373
 test_acc:0.8366412213740458
 f_score:0.8370848265752014
 test_mae:0.7786177428183324
 test_corr:0.7677118863952348
epoch:39, train_loss:0.16208567359933146, valid_loss:1.1850313544273376,
 test_acc_7:0.42627737226277373
 test_acc:0.8366412213740458
 f_score:0.8370848265752014
 test_mae:0.7786182501659025
 test_corr:0.7677118848490607

Experiment 4
epoch:0, train_loss:2.304436105268973, valid_loss:2.7356369495391846,
 test_acc_7:0.15474452554744525
 test_acc:0.5053435114503817
 f_score:0.4972818864542448
 test_mae:1.479717385044094
 test_corr:0.10602313632308268
epoch:1, train_loss:2.274138432961923, valid_loss:2.643998622894287,
 test_acc_7:0.15474452554744525
 test_acc:0.5221374045801527
 f_score:0.4923881985053909
 test_mae:1.4677864703150707
 test_corr:0.2568757558129946
epoch:2, train_loss:2.1969286600748696, valid_loss:2.605998396873474,
 test_acc_7:0.15328467153284672
 test_acc:0.683969465648855
 f_score:0.6830346099932053
 test_mae:1.4170296495287138
 test_corr:0.36373492795050244
epoch:3, train_loss:2.0598309437433877, valid_loss:2.2761192321777344,
 test_acc_7:0.18248175182481752
 test_acc:0.7312977099236642
 f_score:0.7311654189219918
 test_mae:1.3112028064863857
 test_corr:0.48800690049012
epoch:4, train_loss:1.6803999521114208, valid_loss:1.5759284496307373,
 test_acc_7:0.2948905109489051
 test_acc:0.7343511450381679
 f_score:0.7356465573122378
 test_mae:1.0842972249923921
 test_corr:0.6470159112744339
epoch:5, train_loss:1.3471569374755576, valid_loss:1.431266963481903,
 test_acc_7:0.3051094890510949
 test_acc:0.8229007633587786
 f_score:0.8206175584890705
 test_mae:0.9477308971103536
 test_corr:0.7184186993604255
epoch:6, train_loss:1.1170762953934845, valid_loss:1.2962482571601868,
 test_acc_7:0.362043795620438
 test_acc:0.8290076335877863
 f_score:0.8278897069987121
 test_mae:0.8502116427209427
 test_corr:0.7505171101813904
epoch:7, train_loss:0.884479425571583, valid_loss:1.1957675218582153,
 test_acc_7:0.39124087591240875
 test_acc:0.8519083969465648
 f_score:0.8515567493192389
 test_mae:0.8038877255290405
 test_corr:0.7704636429401911
epoch:8, train_loss:0.7772129509184096, valid_loss:1.275583267211914,
 test_acc_7:0.41605839416058393
 test_acc:0.8305343511450382
 f_score:0.8304079232526621
 test_mae:0.8154185932549072
 test_corr:0.7632802692440018
epoch:9, train_loss:0.7001501984066434, valid_loss:1.2539265155792236,
 test_acc_7:0.4233576642335766
 test_acc:0.8412213740458016
 f_score:0.8415023874664296
 test_mae:0.8060408796613879
 test_corr:0.7673476677458008
epoch:10, train_loss:0.5732539671438711, valid_loss:1.2685478329658508,
 test_acc_7:0.43795620437956206
 test_acc:0.8488549618320611
 f_score:0.848663221814423
 test_mae:0.7701171304262776
 test_corr:0.778383034303473
epoch:11, train_loss:0.5332642241760537, valid_loss:1.261993944644928,
 test_acc_7:0.41897810218978104
 test_acc:0.833587786259542
 f_score:0.834334824542224
 test_mae:0.825742529095897
 test_corr:0.7719420308945534
epoch:12, train_loss:0.4784303290976418, valid_loss:1.3152199387550354,
 test_acc_7:0.4291970802919708
 test_acc:0.8381679389312977
 f_score:0.8383175777431988
 test_mae:0.8073836016546906
 test_corr:0.7682566549026347
epoch:13, train_loss:0.42491864992512596, valid_loss:1.283533751964569,
 test_acc_7:0.4233576642335766
 test_acc:0.8396946564885496
 f_score:0.8399456885622845
 test_mae:0.784922953607614
 test_corr:0.7697015975062715
epoch:14, train_loss:0.3744251518337815, valid_loss:1.2731083035469055,
 test_acc_7:0.4248175182481752
 test_acc:0.8458015267175573
 f_score:0.8456864887253951
 test_mae:0.790240071748227
 test_corr:0.7655881418513307
epoch:15, train_loss:0.35263638805460046, valid_loss:1.1200110852718353,
 test_acc_7:0.4569343065693431
 test_acc:0.8549618320610687
 f_score:0.8543545528554163
 test_mae:0.755378317079713
 test_corr:0.7804624126818579
epoch:16, train_loss:0.34754762881331974, valid_loss:1.2516317963600159,
 test_acc_7:0.43795620437956206
 test_acc:0.8427480916030534
 f_score:0.8427097760511425
 test_mae:0.7691653218582443
 test_corr:0.7688841580713446
epoch:17, train_loss:0.3094888599934401, valid_loss:1.258513867855072,
 test_acc_7:0.4233576642335766
 test_acc:0.8396946564885496
 f_score:0.8398070251372163
 test_mae:0.7805673169356039
 test_corr:0.7716577158097827
epoch:18, train_loss:0.273733115306607, valid_loss:1.3263382315635681,
 test_acc_7:0.44525547445255476
 test_acc:0.8488549618320611
 f_score:0.8482221129756443
 test_mae:0.7590038064270074
 test_corr:0.7698214098042714
epoch:19, train_loss:0.2748283440316165, valid_loss:1.3232188522815704,
 test_acc_7:0.4321167883211679
 test_acc:0.8366412213740458
 f_score:0.8368970350110899
 test_mae:0.7780382384237734
 test_corr:0.7670390460799028
epoch:20, train_loss:0.24923731552229988, valid_loss:1.2540600299835205,
 test_acc_7:0.42773722627737226
 test_acc:0.8351145038167939
 f_score:0.8352669660025043
 test_mae:0.7758887970052262
 test_corr:0.7675074649760927
epoch:21, train_loss:0.25024706070069913, valid_loss:1.2156522274017334,
 test_acc_7:0.4321167883211679
 test_acc:0.8305343511450382
 f_score:0.8309945397181998
 test_mae:0.7876493152260304
 test_corr:0.7657519480905894
epoch:22, train_loss:0.2475473682085673, valid_loss:1.2128084897994995,
 test_acc_7:0.43795620437956206
 test_acc:0.8381679389312977
 f_score:0.8379191310898363
 test_mae:0.7756888902497314
 test_corr:0.76674000619426
epoch:23, train_loss:0.21325853246229667, valid_loss:1.2417770028114319,
 test_acc_7:0.43795620437956206
 test_acc:0.8412213740458016
 f_score:0.8411432020902679
 test_mae:0.7706424363248516
 test_corr:0.7675654808171873
epoch:24, train_loss:0.20550284810640193, valid_loss:1.262142300605774,
 test_acc_7:0.42773722627737226
 test_acc:0.8427480916030534
 f_score:0.8429943421134789
 test_mae:0.7941293307636929
 test_corr:0.7662079990062768
epoch:25, train_loss:0.20735570567625541, valid_loss:1.285697877407074,
 test_acc_7:0.4291970802919708
 test_acc:0.8473282442748091
 f_score:0.8473282442748091
 test_mae:0.7720652234914734
 test_corr:0.7673775165336559
epoch:26, train_loss:0.19123559086411088, valid_loss:1.233838051557541,
 test_acc_7:0.41897810218978104
 test_acc:0.8442748091603054
 f_score:0.8440353902939934
 test_mae:0.7755579806494688
 test_corr:0.7683534782130867
epoch:27, train_loss:0.19110337534436472, valid_loss:1.3288641273975372,
 test_acc_7:0.41897810218978104
 test_acc:0.8442748091603054
 f_score:0.8444188012245875
 test_mae:0.7837505286017376
 test_corr:0.7682420706902547
epoch:28, train_loss:0.2087711211707857, valid_loss:1.226178765296936,
 test_acc_7:0.4233576642335766
 test_acc:0.8427480916030534
 f_score:0.8429943421134789
 test_mae:0.7847608027546062
 test_corr:0.7688150495075348
epoch:29, train_loss:0.18337082200580174, valid_loss:1.2648244500160217,
 test_acc_7:0.4233576642335766
 test_acc:0.8442748091603054
 f_score:0.8444188012245875
 test_mae:0.7855845540143436
 test_corr:0.769391308331821
epoch:30, train_loss:0.19669629909374095, valid_loss:1.287988305091858,
 test_acc_7:0.4116788321167883
 test_acc:0.8366412213740458
 f_score:0.8370848265752014
 test_mae:0.8024154436155151
 test_corr:0.7660081719847923
epoch:31, train_loss:0.1962757902564826, valid_loss:1.2281684279441833,
 test_acc_7:0.4248175182481752
 test_acc:0.8442748091603054
 f_score:0.8444861504907306
 test_mae:0.7820150235340796
 test_corr:0.7679048816717681
epoch:32, train_loss:0.17455873417633552, valid_loss:1.2550457119941711,
 test_acc_7:0.4248175182481752
 test_acc:0.8488549618320611
 f_score:0.8488910324813465
 test_mae:0.7849813983875206
 test_corr:0.7692314697726533
epoch:33, train_loss:0.16931689530611038, valid_loss:1.302772045135498,
 test_acc_7:0.42773722627737226
 test_acc:0.8473282442748091
 f_score:0.8473282442748091
 test_mae:0.7778362792298084
 test_corr:0.768782272345356
epoch:34, train_loss:0.16928902240814986, valid_loss:1.284739077091217,
 test_acc_7:0.43503649635036495
 test_acc:0.850381679389313
 f_score:0.8503080173542908
 test_mae:0.7670054964239545
 test_corr:0.7692044618138479
epoch:35, train_loss:0.16657356945452867, valid_loss:1.2393792867660522,
 test_acc_7:0.4248175182481752
 test_acc:0.8488549618320611
 f_score:0.8490277776085704
 test_mae:0.7782153824998336
 test_corr:0.769437076979726
epoch:36, train_loss:0.17829019052010994, valid_loss:1.2471990585327148,
 test_acc_7:0.4306569343065693
 test_acc:0.8488549618320611
 f_score:0.8488910324813465
 test_mae:0.7756755298175956
 test_corr:0.7694724826381902
epoch:37, train_loss:0.17700581638901322, valid_loss:1.2953265309333801,
 test_acc_7:0.4291970802919708
 test_acc:0.8488549618320611
 f_score:0.8488181342627487
 test_mae:0.7763579242130499
 test_corr:0.7694854752703797
epoch:38, train_loss:0.16921570317612755, valid_loss:1.239608347415924,
 test_acc_7:0.42773722627737226
 test_acc:0.8488549618320611
 f_score:0.8488181342627487
 test_mae:0.7770667294626842
 test_corr:0.7694812907969355
epoch:39, train_loss:0.15894707568265773, valid_loss:1.268017590045929,
 test_acc_7:0.42773722627737226
 test_acc:0.8488549618320611
 f_score:0.8488181342627487
 test_mae:0.7770667962392238
 test_corr:0.7694812625193689

Experiment 5
epoch:0, train_loss:2.4449274716553866, valid_loss:2.6458152532577515,
 test_acc_7:0.15474452554744525
 test_acc:0.47480916030534354
 f_score:0.38488977491851106
 test_mae:1.4837622816956118
 test_corr:0.18121075767300548
epoch:1, train_loss:2.328122518680714, valid_loss:2.632701873779297,
 test_acc_7:0.1562043795620438
 test_acc:0.4381679389312977
 f_score:0.28629477392836167
 test_mae:1.4833046940332173
 test_corr:0.2732718932742221
epoch:2, train_loss:2.234661676265575, valid_loss:2.5331469774246216,
 test_acc_7:0.16204379562043797
 test_acc:0.5236641221374045
 f_score:0.4585628547079835
 test_mae:1.4530765842191362
 test_corr:0.3396406599843967
epoch:3, train_loss:2.1030902906700417, valid_loss:2.368721604347229,
 test_acc_7:0.18686131386861313
 test_acc:0.5725190839694656
 f_score:0.5409746906745915
 test_mae:1.3960130364986008
 test_corr:0.4068634113991926
epoch:4, train_loss:1.8277442146230627, valid_loss:1.9791829586029053,
 test_acc_7:0.25401459854014596
 test_acc:0.7175572519083969
 f_score:0.7184531238986868
 test_mae:1.2033484453874825
 test_corr:0.5216632259683377
epoch:5, train_loss:1.4735857645670574, valid_loss:1.5593475699424744,
 test_acc_7:0.2832116788321168
 test_acc:0.7694656488549618
 f_score:0.7706125993202206
 test_mae:1.0816833200964024
 test_corr:0.6738546348353178
epoch:6, train_loss:1.2418419497984428, valid_loss:1.3687090277671814,
 test_acc_7:0.32408759124087594
 test_acc:0.8091603053435115
 f_score:0.8101693611063611
 test_mae:0.9705319769335697
 test_corr:0.7272185874194578
epoch:7, train_loss:0.9572181856190717, valid_loss:1.314466655254364,
 test_acc_7:0.3635036496350365
 test_acc:0.8274809160305343
 f_score:0.8270712646708659
 test_mae:0.89144061289813
 test_corr:0.7526924731166691
epoch:8, train_loss:0.846326262862594, valid_loss:1.2382937669754028,
 test_acc_7:0.3970802919708029
 test_acc:0.8396946564885496
 f_score:0.8397329132377915
 test_mae:0.8203336773283837
 test_corr:0.7716754129578973
epoch:9, train_loss:0.679583348609783, valid_loss:1.194504201412201,
 test_acc_7:0.41751824817518246
 test_acc:0.8351145038167939
 f_score:0.8357923227322835
 test_mae:0.8221774913148443
 test_corr:0.7663366371431805
epoch:10, train_loss:0.5903942540839866, valid_loss:1.2803225815296173,
 test_acc_7:0.39124087591240875
 test_acc:0.815267175572519
 f_score:0.8163602461086382
 test_mae:0.8796846168755575
 test_corr:0.7644407287704523
epoch:11, train_loss:0.552356876708843, valid_loss:1.209376037120819,
 test_acc_7:0.40875912408759124
 test_acc:0.833587786259542
 f_score:0.834334824542224
 test_mae:0.8047102467704366
 test_corr:0.7731349282947736
epoch:12, train_loss:0.4990818390139827, valid_loss:1.2304945588111877,
 test_acc_7:0.4116788321167883
 test_acc:0.8259541984732824
 f_score:0.8268881035740934
 test_mae:0.8215535331005586
 test_corr:0.7733003640783264
epoch:13, train_loss:0.4986422569663436, valid_loss:1.1993910074234009,
 test_acc_7:0.42627737226277373
 test_acc:0.8442748091603054
 f_score:0.8440353902939934
 test_mae:0.7686495863780102
 test_corr:0.77261198372681
epoch:14, train_loss:0.3871822213685071, valid_loss:1.280632197856903,
 test_acc_7:0.37664233576642336
 test_acc:0.8030534351145038
 f_score:0.8041019903377361
 test_mae:0.9062945803897526
 test_corr:0.7689961828384646
epoch:15, train_loss:0.39128218094507855, valid_loss:1.1689809560775757,
 test_acc_7:0.42773722627737226
 test_acc:0.8442748091603054
 f_score:0.8445504184766905
 test_mae:0.7972368905217678
 test_corr:0.7696448053251639
epoch:16, train_loss:0.343025599916776, valid_loss:1.1604164838790894,
 test_acc_7:0.42627737226277373
 test_acc:0.8366412213740458
 f_score:0.837411830771529
 test_mae:0.8108468590961869
 test_corr:0.7772921922780568
epoch:17, train_loss:0.3064457685859115, valid_loss:1.140312671661377,
 test_acc_7:0.4218978102189781
 test_acc:0.8427480916030534
 f_score:0.843229213541611
 test_mae:0.7895432834596048
 test_corr:0.7759250062551578
epoch:18, train_loss:0.3044408797113984, valid_loss:1.150865525007248,
 test_acc_7:0.41897810218978104
 test_acc:0.8351145038167939
 f_score:0.8358346911902187
 test_mae:0.8172625024561265
 test_corr:0.7732659274317156
epoch:19, train_loss:0.27969912191232044, valid_loss:1.2017138600349426,
 test_acc_7:0.41751824817518246
 test_acc:0.8427480916030534
 f_score:0.8431751134322033
 test_mae:0.7952686705676313
 test_corr:0.7722574327669831
epoch:20, train_loss:0.2697179863850276, valid_loss:1.2087763547897339,
 test_acc_7:0.4394160583941606
 test_acc:0.8427480916030534
 f_score:0.8429943421134789
 test_mae:0.7788822802921174
 test_corr:0.7761500610007172
epoch:21, train_loss:0.24417427789281915, valid_loss:1.217124104499817,
 test_acc_7:0.4306569343065693
 test_acc:0.8366412213740458
 f_score:0.837290597885354
 test_mae:0.7992116794075447
 test_corr:0.775313945591912
epoch:22, train_loss:0.23456857049906696, valid_loss:1.1915459632873535,
 test_acc_7:0.4248175182481752
 test_acc:0.8412213740458016
 f_score:0.8417833144327279
 test_mae:0.7951259990480466
 test_corr:0.7751168346867698
epoch:23, train_loss:0.22638659869079236, valid_loss:1.17057466506958,
 test_acc_7:0.43503649635036495
 test_acc:0.8534351145038168
 f_score:0.8536340239912761
 test_mae:0.7710507346310063
 test_corr:0.779260711902296
epoch:24, train_loss:0.2301088908204326, valid_loss:1.1742455959320068,
 test_acc_7:0.44233576642335765
 test_acc:0.8519083969465648
 f_score:0.8520122041743807
 test_mae:0.7735551235798563
 test_corr:0.7748681789688662
epoch:25, train_loss:0.2214066877409264, valid_loss:1.2020841836929321,
 test_acc_7:0.4233576642335766
 test_acc:0.8320610687022901
 f_score:0.8328345238653286
 test_mae:0.8020945606266241
 test_corr:0.7738996556284123
epoch:26, train_loss:0.20882499107608088, valid_loss:1.1738294959068298,
 test_acc_7:0.44233576642335765
 test_acc:0.8442748091603054
 f_score:0.8445504184766905
 test_mae:0.779162165430154
 test_corr:0.773626547294746
epoch:27, train_loss:0.2082744754023022, valid_loss:1.1983042657375336,
 test_acc_7:0.4306569343065693
 test_acc:0.8396946564885496
 f_score:0.8401851206006714
 test_mae:0.7805068703769984
 test_corr:0.7770098469572958
epoch:28, train_loss:0.18707199891408285, valid_loss:1.1273615658283234,
 test_acc_7:0.4510948905109489
 test_acc:0.8549618320610687
 f_score:0.8546174349002855
 test_mae:0.7510068461935938
 test_corr:0.7768148571829535
epoch:29, train_loss:0.2030522177616755, valid_loss:1.1456890106201172,
 test_acc_7:0.4408759124087591
 test_acc:0.8427480916030534
 f_score:0.843229213541611
 test_mae:0.7836120507064922
 test_corr:0.7765169898677018
epoch:30, train_loss:0.19549562671670206, valid_loss:1.1302694082260132,
 test_acc_7:0.4467153284671533
 test_acc:0.8458015267175573
 f_score:0.8459778337218749
 test_mae:0.7683734134806477
 test_corr:0.7770705321279904
epoch:31, train_loss:0.1860259379501696, valid_loss:1.1628221273422241,
 test_acc_7:0.4291970802919708
 test_acc:0.8290076335877863
 f_score:0.829897530314914
 test_mae:0.7976885251537363
 test_corr:0.7756303780026735
epoch:32, train_loss:0.18555825176062407, valid_loss:1.1679259538650513,
 test_acc_7:0.41897810218978104
 test_acc:0.8274809160305343
 f_score:0.8284423123834302
 test_mae:0.8101195929816369
 test_corr:0.7750918517868225
epoch:33, train_loss:0.1816535594838637, valid_loss:1.1736149787902832,
 test_acc_7:0.4291970802919708
 test_acc:0.8351145038167939
 f_score:0.8359726185179529
 test_mae:0.7911377765464006
 test_corr:0.7757942878926677
epoch:34, train_loss:0.17077494854176486, valid_loss:1.151131272315979,
 test_acc_7:0.4481751824817518
 test_acc:0.8396946564885496
 f_score:0.8400716887153747
 test_mae:0.773016444305029
 test_corr:0.7758917624779107
epoch:35, train_loss:0.17416763912748406, valid_loss:1.1597266793251038,
 test_acc_7:0.4481751824817518
 test_acc:0.8427480916030534
 f_score:0.8430576889745468
 test_mae:0.7749733477016868
 test_corr:0.7763641921144183
epoch:36, train_loss:0.1671736295576449, valid_loss:1.183275818824768,
 test_acc_7:0.44233576642335765
 test_acc:0.8427480916030534
 f_score:0.843229213541611
 test_mae:0.7798507987286981
 test_corr:0.77636172052886
epoch:37, train_loss:0.16963338493197053, valid_loss:1.1608012914657593,
 test_acc_7:0.4394160583941606
 test_acc:0.8412213740458016
 f_score:0.8417333203030268
 test_mae:0.7804286430954208
 test_corr:0.7763057606897843
epoch:38, train_loss:0.16775976866483688, valid_loss:1.1282993257045746,
 test_acc_7:0.4467153284671533
 test_acc:0.8427480916030534
 f_score:0.8431751134322033
 test_mae:0.7780406332752519
 test_corr:0.7763358768920502
epoch:39, train_loss:0.17393038477058764, valid_loss:1.1989104747772217,
 test_acc_7:0.4467153284671533
 test_acc:0.8427480916030534
 f_score:0.8431751134322033
 test_mae:0.7780406699778925
 test_corr:0.7763355193094774

-------------------Final Result-------------------
test_acc_7_all:[0.44963503649635034, 0.4467153284671533, 0.4594744525547445, 0.4569343065693431, 0.4510948905109489]
test_acc_all:[0.8534351145038168, 0.8564885496183207, 0.8625954198473282, 0.8549618320610687, 0.8549618320610687]
test_f_score_all:[0.8525791764779743, 0.8557475802242117, 0.8611737259203932, 0.8543545528554163, 0.8546174349002855]
test_mae_all:[0.7484103059460132, 0.7488889062819818, 0.7350674312824795, 0.755378317079713, 0.7510068461935938]
test_corr_all:[0.7806122584201005, 0.7807905661763135, 0.7890883532040196, 0.7804624126818579, 0.7768148571829535]

-------------------Average-------------------
test_acc_7_ave 0.452770802919708
test_acc_ave 0.8564885496183207
test_f_score_ave 0.8556944940756562
test_mae_ave 0.7477503613567562
test_corr_ave 0.781553689533049
