Experiment 1
epoch:0, train_loss:1.2323487873977617, valid_loss:0.8816181699434916,
 test_acc_7:0.4249407710531984
 test_acc:0.7488950276243094
 f_score:0.7487603196695667
 test_mae:0.8863425753755768
 test_corr:0.5373675980595801
epoch:1, train_loss:0.8787785690266826, valid_loss:0.6192635118961334,
 test_acc_7:0.46306267499461556
 test_acc:0.8204419889502762
 f_score:0.8186984351791539
 test_mae:0.6786586385022271
 test_corr:0.7178950687429517
epoch:2, train_loss:0.7101123268801203, valid_loss:0.5740097979704539,
 test_acc_7:0.48718500969200945
 test_acc:0.8345303867403315
 f_score:0.832090852349356
 test_mae:0.6358614404402153
 test_corr:0.7493203826915307
epoch:3, train_loss:0.6403357105269193, valid_loss:0.5370403409004212,
 test_acc_7:0.5113073443894034
 test_acc:0.8359116022099448
 f_score:0.8360347555187774
 test_mae:0.6204238777310016
 test_corr:0.7605273025624478
epoch:4, train_loss:0.5856277332105467, valid_loss:0.5234931667645772,
 test_acc_7:0.5089381865173379
 test_acc:0.8450276243093923
 f_score:0.8449683859210328
 test_mae:0.6013665426104748
 test_corr:0.7723309708296585
epoch:5, train_loss:0.542550165612789, valid_loss:0.513040558497111,
 test_acc_7:0.5240146457032091
 test_acc:0.8447513812154697
 f_score:0.8442040395016706
 test_mae:0.6024804374024986
 test_corr:0.7750528680785186
epoch:6, train_loss:0.4844707385980274, valid_loss:0.5369499524434408,
 test_acc_7:0.5203532199009261
 test_acc:0.8397790055248618
 f_score:0.840905272326014
 test_mae:0.6110097639470503
 test_corr:0.7708785552144616
epoch:7, train_loss:0.45636160526655417, valid_loss:0.4921957810719808,
 test_acc_7:0.5268145595520138
 test_acc:0.850828729281768
 f_score:0.8504025131849995
 test_mae:0.5843640494704172
 test_corr:0.7869402786484849
epoch:8, train_loss:0.4023225929884784, valid_loss:0.5120755513509114,
 test_acc_7:0.521430109842774
 test_acc:0.8433701657458563
 f_score:0.8425890915874797
 test_mae:0.6031415855758361
 test_corr:0.7784116133073189
epoch:9, train_loss:0.35785887480485407, valid_loss:0.5350563585758209,
 test_acc_7:0.5156149041567952
 test_acc:0.8389502762430939
 f_score:0.8396415807685493
 test_mae:0.5981810254007929
 test_corr:0.7824419865270289
epoch:10, train_loss:0.3206076920032501, valid_loss:0.5110934356848399,
 test_acc_7:0.5190609519707086
 test_acc:0.8441988950276244
 f_score:0.8438812211256962
 test_mae:0.6049698629280091
 test_corr:0.7757786341926857
epoch:11, train_loss:0.28024643877175004, valid_loss:0.5584183891614278,
 test_acc_7:0.5085074305405988
 test_acc:0.8287292817679558
 f_score:0.8302817539191009
 test_mae:0.6275307172145123
 test_corr:0.769340823656543
epoch:12, train_loss:0.26231109350919724, valid_loss:0.547998293240865,
 test_acc_7:0.5091535645057075
 test_acc:0.8441988950276244
 f_score:0.8444072957959036
 test_mae:0.6064898341391184
 test_corr:0.7761433899714975
epoch:13, train_loss:0.23103546032511732, valid_loss:0.5658567766348521,
 test_acc_7:0.4949386172733147
 test_acc:0.8461325966850829
 f_score:0.8451736587056616
 test_mae:0.609814559922744
 test_corr:0.778754041885442
epoch:14, train_loss:0.20493987989460824, valid_loss:0.5834152738253275,
 test_acc_7:0.5009692009476632
 test_acc:0.8430939226519337
 f_score:0.8432116854118947
 test_mae:0.6233663229687343
 test_corr:0.7742771939592341
epoch:15, train_loss:0.18200492643501204, valid_loss:0.5821827948093414,
 test_acc_7:0.48998492354081413
 test_acc:0.8400552486187846
 f_score:0.8387932527240151
 test_mae:0.628169376635924
 test_corr:0.7657517524778172
epoch:16, train_loss:0.16437278679162703, valid_loss:0.6228750546773275,
 test_acc_7:0.48567736377342235
 test_acc:0.8408839779005525
 f_score:0.8412780174402766
 test_mae:0.6479928167905316
 test_corr:0.7687451660640081
epoch:17, train_loss:0.1517615126868968, valid_loss:0.558053990205129,
 test_acc_7:0.4940771053198363
 test_acc:0.837292817679558
 f_score:0.8376156239874277
 test_mae:0.6304546458078085
 test_corr:0.7710517637071092
epoch:18, train_loss:0.13880947972908836, valid_loss:0.5867121616999308,
 test_acc_7:0.4882618996338574
 test_acc:0.8383977900552486
 f_score:0.8391123598617788
 test_mae:0.6350983726894343
 test_corr:0.7706186106423611
epoch:19, train_loss:0.1197570454669913, valid_loss:0.5896650652090708,
 test_acc_7:0.4930002153779884
 test_acc:0.8408839779005525
 f_score:0.8404556294658837
 test_mae:0.6314964626793589
 test_corr:0.7698340454699417

Experiment 2
epoch:0, train_loss:1.2508413735392523, valid_loss:0.9628562251726787,
 test_acc_7:0.41632565151841483
 test_acc:0.6657458563535912
 f_score:0.6699884665099395
 test_mae:0.9654772612349132
 test_corr:0.479779609089659
epoch:1, train_loss:0.910816851618719, valid_loss:0.635071212053299,
 test_acc_7:0.45983200516907174
 test_acc:0.8096685082872929
 f_score:0.8115517239999154
 test_mae:0.7114411894886077
 test_corr:0.7061270776236943
epoch:2, train_loss:0.7238331554913591, valid_loss:0.5562207579612732,
 test_acc_7:0.49644626319190177
 test_acc:0.831767955801105
 f_score:0.8302809358785725
 test_mae:0.6508470865673044
 test_corr:0.7429426783276396
epoch:3, train_loss:0.6437509942547058, valid_loss:0.5362464487552643,
 test_acc_7:0.5024768468662503
 test_acc:0.838121546961326
 f_score:0.8384770517628652
 test_mae:0.6199670136095802
 test_corr:0.7616859436908069
epoch:4, train_loss:0.5934779649287198, valid_loss:0.535440985361735,
 test_acc_7:0.5020460908895111
 test_acc:0.8417127071823205
 f_score:0.8430911224346012
 test_mae:0.6165216828203394
 test_corr:0.7689284492051444
epoch:5, train_loss:0.5409787128017364, valid_loss:0.5344695429007212,
 test_acc_7:0.5022614688778807
 test_acc:0.8383977900552486
 f_score:0.8372131777568446
 test_mae:0.6046064325286402
 test_corr:0.7714736815043199
epoch:6, train_loss:0.4918348919325522, valid_loss:0.49826329747835796,
 test_acc_7:0.5291837174240792
 test_acc:0.8516574585635359
 f_score:0.8509436422613249
 test_mae:0.5828302704563795
 test_corr:0.787045188464927
epoch:7, train_loss:0.4484817104793228, valid_loss:0.5477481186389923,
 test_acc_7:0.5102304544475554
 test_acc:0.8375690607734807
 f_score:0.8391838983624494
 test_mae:0.6066922073909747
 test_corr:0.7754192436619819
epoch:8, train_loss:0.39558426881961767, valid_loss:0.5000281592210134,
 test_acc_7:0.5158302821451648
 test_acc:0.8475138121546961
 f_score:0.8473247762430043
 test_mae:0.596068430668167
 test_corr:0.7809064756293495
epoch:9, train_loss:0.35339176975696135, valid_loss:0.5655127068360647,
 test_acc_7:0.4906310575059229
 test_acc:0.8466850828729282
 f_score:0.8455327342729302
 test_mae:0.6177368009118048
 test_corr:0.7799538612091801
epoch:10, train_loss:0.3111696641529556, valid_loss:0.5511315047740937,
 test_acc_7:0.5044152487615766
 test_acc:0.8290055248618785
 f_score:0.8311818171219069
 test_mae:0.6298793007381059
 test_corr:0.7753010988572383
epoch:11, train_loss:0.2788959010160778, valid_loss:0.5736860235532125,
 test_acc_7:0.4925694594012492
 test_acc:0.8458563535911602
 f_score:0.8460848763842365
 test_mae:0.6287997410082189
 test_corr:0.7777693868533129
epoch:12, train_loss:0.24888531057092644, valid_loss:0.5723222076892853,
 test_acc_7:0.4942924833082059
 test_acc:0.8430939226519337
 f_score:0.8421018576554017
 test_mae:0.6229747282823507
 test_corr:0.7789918340273934
epoch:13, train_loss:0.21946227080174954, valid_loss:0.5656147082646688,
 test_acc_7:0.4996769330174456
 test_acc:0.8353591160220994
 f_score:0.836222613347346
 test_mae:0.628080806398927
 test_corr:0.77519868535147
epoch:14, train_loss:0.19537683057661956, valid_loss:0.5456586201985677,
 test_acc_7:0.5029076028429894
 test_acc:0.8392265193370165
 f_score:0.839488052544496
 test_mae:0.6194765172746658
 test_corr:0.7762130882723826
epoch:15, train_loss:0.17662775415410686, valid_loss:0.6084535042444865,
 test_acc_7:0.4770622442386388
 test_acc:0.8419889502762431
 f_score:0.8419648788485964
 test_mae:0.6475220483614875
 test_corr:0.7742692401298316
epoch:16, train_loss:0.161763930061398, valid_loss:0.5697291731834412,
 test_acc_7:0.4962308852035322
 test_acc:0.842817679558011
 f_score:0.842006251601804
 test_mae:0.6275104443186017
 test_corr:0.772747254317872
epoch:17, train_loss:0.14779898882527617, valid_loss:0.5838192403316498,
 test_acc_7:0.4979539091104889
 test_acc:0.830939226519337
 f_score:0.8324374374234788
 test_mae:0.6457402978786543
 test_corr:0.7753762785407845
epoch:18, train_loss:0.13515344291793563, valid_loss:0.6009427885214488,
 test_acc_7:0.4854619857850528
 test_acc:0.8414364640883978
 f_score:0.8412897507440199
 test_mae:0.6416967538261282
 test_corr:0.7756386946404888
epoch:19, train_loss:0.1221887114894601, valid_loss:0.5655470887819926,
 test_acc_7:0.49364634934309715
 test_acc:0.8422651933701657
 f_score:0.8421805748419391
 test_mae:0.6268390304287729
 test_corr:0.7709792357756763

Experiment 3
epoch:0, train_loss:1.2480371827397023, valid_loss:0.905170202255249,
 test_acc_7:0.4221408572043937
 test_acc:0.7331491712707182
 f_score:0.7332699341799769
 test_mae:0.9258881146226566
 test_corr:0.49903874398935744
epoch:1, train_loss:0.8959313608200501, valid_loss:0.6241775751113892,
 test_acc_7:0.4505707516691794
 test_acc:0.817403314917127
 f_score:0.8162322683226452
 test_mae:0.6918257853238475
 test_corr:0.7076101239159494
epoch:2, train_loss:0.7195834030443939, valid_loss:0.5798727711041768,
 test_acc_7:0.4742623303898342
 test_acc:0.8339779005524862
 f_score:0.8319837920830556
 test_mae:0.637846625627672
 test_corr:0.7447174809483791
epoch:3, train_loss:0.6416808550512545, valid_loss:0.5406834244728088,
 test_acc_7:0.5059228946801637
 test_acc:0.8439226519337016
 f_score:0.8433592143477328
 test_mae:0.6105928746256537
 test_corr:0.7661850249778364
epoch:4, train_loss:0.5817361511839526, valid_loss:0.5521246453126272,
 test_acc_7:0.4904156795175533
 test_acc:0.8469613259668508
 f_score:0.8462382435898961
 test_mae:0.6055328343223262
 test_corr:0.7756672950706582
epoch:5, train_loss:0.5332545324236946, valid_loss:0.5318801939487457,
 test_acc_7:0.5097996984708163
 test_acc:0.8461325966850829
 f_score:0.8468327482086232
 test_mae:0.6096130581936651
 test_corr:0.7748044969798052
epoch:6, train_loss:0.4968835903567902, valid_loss:0.5517403105894725,
 test_acc_7:0.4962308852035322
 test_acc:0.8472375690607735
 f_score:0.8465818846721975
 test_mae:0.6088251594964894
 test_corr:0.7778328927804091
epoch:7, train_loss:0.4424412626344546, valid_loss:0.5463960587978363,
 test_acc_7:0.5009692009476632
 test_acc:0.8516574585635359
 f_score:0.8516461731427062
 test_mae:0.6032902150658649
 test_corr:0.7830779977161922
epoch:8, train_loss:0.39768934843287, valid_loss:0.5020226617654164,
 test_acc_7:0.5270299375403834
 test_acc:0.8560773480662983
 f_score:0.8545233839509996
 test_mae:0.585039792958575
 test_corr:0.7843697633790364
epoch:9, train_loss:0.35037293951068305, valid_loss:0.5400742093722025,
 test_acc_7:0.5173379280637519
 test_acc:0.8475138121546961
 f_score:0.8476508071173182
 test_mae:0.6007837376782644
 test_corr:0.7775176564660403
epoch:10, train_loss:0.3081607123215993, valid_loss:0.5323964873949687,
 test_acc_7:0.506784406633642
 test_acc:0.8450276243093923
 f_score:0.8453570317198528
 test_mae:0.6085719833904472
 test_corr:0.7736409708987599
epoch:11, train_loss:0.2742089109171105, valid_loss:0.5591665069262187,
 test_acc_7:0.49213870342451
 test_acc:0.8453038674033149
 f_score:0.8446531792762458
 test_mae:0.6201975325346463
 test_corr:0.775388654983668
epoch:12, train_loss:0.24352476031555187, valid_loss:0.5315125127633412,
 test_acc_7:0.4996769330174456
 test_acc:0.8425414364640884
 f_score:0.8422962522954605
 test_mae:0.6184878661781404
 test_corr:0.7726969987590632
epoch:13, train_loss:0.2148319914453501, valid_loss:0.5579435884952545,
 test_acc_7:0.5048460047383158
 test_acc:0.8392265193370165
 f_score:0.8393232905638537
 test_mae:0.6237204939736701
 test_corr:0.768499403090808
epoch:14, train_loss:0.19836626957915174, valid_loss:0.6109981656074523,
 test_acc_7:0.48373896187809606
 test_acc:0.8430939226519337
 f_score:0.8429976064172648
 test_mae:0.6376452628701674
 test_corr:0.7753914844199821
epoch:15, train_loss:0.17630318205001433, valid_loss:0.5488277673721313,
 test_acc_7:0.4979539091104889
 test_acc:0.8395027624309392
 f_score:0.8400647652643219
 test_mae:0.6272810555410665
 test_corr:0.7684063559452611
epoch:16, train_loss:0.1592020386703598, valid_loss:0.56090473930041,
 test_acc_7:0.4940771053198363
 test_acc:0.837292817679558
 f_score:0.8376156239874277
 test_mae:0.6282189557845936
 test_corr:0.770242701207592
epoch:17, train_loss:0.14343829288155632, valid_loss:0.5532870133717854,
 test_acc_7:0.4996769330174456
 test_acc:0.8284530386740332
 f_score:0.8298388281178661
 test_mae:0.6337562374871218
 test_corr:0.7670503238194936
epoch:18, train_loss:0.13165826429571725, valid_loss:0.5596799492835999,
 test_acc_7:0.49558475123842344
 test_acc:0.8359116022099448
 f_score:0.8364971569141427
 test_mae:0.6285307055486666
 test_corr:0.7694840677572723
epoch:19, train_loss:0.12019840441094738, valid_loss:0.5484159211317698,
 test_acc_7:0.4942924833082059
 test_acc:0.8306629834254143
 f_score:0.8317055812055851
 test_mae:0.6294186300807117
 test_corr:0.7632089497933133

Experiment 4
epoch:0, train_loss:1.2578853785464195, valid_loss:0.9451106588045756,
 test_acc_7:0.41955632134395865
 test_acc:0.7107734806629834
 f_score:0.7116295753334265
 test_mae:0.941208081261624
 test_corr:0.47425871242150563
epoch:1, train_loss:0.9253924530340155, valid_loss:0.6316450715065003,
 test_acc_7:0.45660133534352787
 test_acc:0.8185082872928177
 f_score:0.8193804196443316
 test_mae:0.708522044506066
 test_corr:0.7061204546330563
epoch:2, train_loss:0.7228254073664854, valid_loss:0.570322064558665,
 test_acc_7:0.48610811975016155
 test_acc:0.831767955801105
 f_score:0.8331981019041782
 test_mae:0.642306253792913
 test_corr:0.7469565718716769
epoch:3, train_loss:0.6419306333261957, valid_loss:0.5647904555002848,
 test_acc_7:0.4930002153779884
 test_acc:0.8279005524861879
 f_score:0.8301275794357234
 test_mae:0.6342013383427239
 test_corr:0.7656383127919195
epoch:4, train_loss:0.5897254250218383, valid_loss:0.5475430647532146,
 test_acc_7:0.4986000430755977
 test_acc:0.8364640883977901
 f_score:0.8379952745099426
 test_mae:0.6150904635224718
 test_corr:0.7697648035079513
epoch:5, train_loss:0.5425895913160657, valid_loss:0.520580933491389,
 test_acc_7:0.5048460047383158
 test_acc:0.8430939226519337
 f_score:0.844232349950582
 test_mae:0.6149029315706911
 test_corr:0.7760674276294224
epoch:6, train_loss:0.49203307684895564, valid_loss:0.5434171517690023,
 test_acc_7:0.5044152487615766
 test_acc:0.8325966850828729
 f_score:0.834413329691131
 test_mae:0.6318871429759253
 test_corr:0.7813000841025025
epoch:7, train_loss:0.44403650723727406, valid_loss:0.543315468231837,
 test_acc_7:0.5059228946801637
 test_acc:0.8480662983425414
 f_score:0.8483785024966956
 test_mae:0.5963214100724425
 test_corr:0.7820198054910963
epoch:8, train_loss:0.4005001596117442, valid_loss:0.511672047773997,
 test_acc_7:0.510445832435925
 test_acc:0.8533149171270719
 f_score:0.8523741822682671
 test_mae:0.5945627510278789
 test_corr:0.7838109335838009
epoch:9, train_loss:0.35455042664456154, valid_loss:0.5021575530370076,
 test_acc_7:0.5296144734008185
 test_acc:0.8552486187845304
 f_score:0.8554211547294934
 test_mae:0.5816531773687457
 test_corr:0.787652611763048
epoch:10, train_loss:0.31681236932411305, valid_loss:0.5541626632213592,
 test_acc_7:0.5080766745638595
 test_acc:0.8334254143646409
 f_score:0.8354459710683487
 test_mae:0.6252932824458778
 test_corr:0.7794355767978326
epoch:11, train_loss:0.28124360326996245, valid_loss:0.5486123442649842,
 test_acc_7:0.5082920525522292
 test_acc:0.8306629834254143
 f_score:0.8328660686815418
 test_mae:0.6231384625741685
 test_corr:0.7734090087057167
epoch:12, train_loss:0.24815281737694697, valid_loss:0.5536357522010803,
 test_acc_7:0.5059228946801637
 test_acc:0.8455801104972376
 f_score:0.8461414650636478
 test_mae:0.6128403517041511
 test_corr:0.7784797684548183
epoch:13, train_loss:0.22323940632793404, valid_loss:0.5599071224530537,
 test_acc_7:0.5074305405987508
 test_acc:0.8312154696132596
 f_score:0.8330544856369432
 test_mae:0.6261636511656168
 test_corr:0.7766968745752105
epoch:14, train_loss:0.2020517900190522, valid_loss:0.5731748799482982,
 test_acc_7:0.4867542537152703
 test_acc:0.8469613259668508
 f_score:0.8470761861235733
 test_mae:0.6193935328898842
 test_corr:0.7819976415321898
epoch:15, train_loss:0.18040958679882826, valid_loss:0.5564816176891327,
 test_acc_7:0.5022614688778807
 test_acc:0.8392265193370165
 f_score:0.8404818861196651
 test_mae:0.6234903796036336
 test_corr:0.7766265721212173
epoch:16, train_loss:0.16682683645711888, valid_loss:0.5985669215520223,
 test_acc_7:0.48998492354081413
 test_acc:0.8441988950276244
 f_score:0.8446493810730438
 test_mae:0.6344079342371017
 test_corr:0.7736020659241156
epoch:17, train_loss:0.14908315162215613, valid_loss:0.5554913918177287,
 test_acc_7:0.4996769330174456
 test_acc:0.842817679558011
 f_score:0.8440019002770464
 test_mae:0.6184441519266982
 test_corr:0.7809678167328128
epoch:18, train_loss:0.13545258167394847, valid_loss:0.5449235081672669,
 test_acc_7:0.5022614688778807
 test_acc:0.842817679558011
 f_score:0.8432178735038061
 test_mae:0.6230100953342961
 test_corr:0.7714154790020714
epoch:19, train_loss:0.12376860492920454, valid_loss:0.5460552235444387,
 test_acc_7:0.5007538229592936
 test_acc:0.8400552486187846
 f_score:0.841096599442804
 test_mae:0.6258390650237377
 test_corr:0.7741753600504448

Experiment 5
epoch:0, train_loss:1.2556714392692994, valid_loss:0.9147977789243062,
 test_acc_7:0.4107258238208055
 test_acc:0.7276243093922652
 f_score:0.7258031070221566
 test_mae:0.9255309376831536
 test_corr:0.4864239332170383
epoch:1, train_loss:0.9093850634794319, valid_loss:0.6184510827064514,
 test_acc_7:0.454447555459832
 test_acc:0.8187845303867404
 f_score:0.8185023535189859
 test_mae:0.7005261485709585
 test_corr:0.7081315847184197
epoch:2, train_loss:0.7205337671931162, valid_loss:0.564095143477122,
 test_acc_7:0.48007753607581305
 test_acc:0.8320441988950277
 f_score:0.8311623603960279
 test_mae:0.6408824766124855
 test_corr:0.7473291708707859
epoch:3, train_loss:0.6363840402930887, valid_loss:0.5230344275633494,
 test_acc_7:0.5039844927848374
 test_acc:0.843646408839779
 f_score:0.844225195907312
 test_mae:0.623689365477844
 test_corr:0.7648948206283263
epoch:4, train_loss:0.594518070727323, valid_loss:0.5336082597573598,
 test_acc_7:0.5095843204824467
 test_acc:0.8480662983425414
 f_score:0.8485263978546675
 test_mae:0.6131536879390221
 test_corr:0.7664285987075639
epoch:5, train_loss:0.5406969648107315, valid_loss:0.5232949475447337,
 test_acc_7:0.5102304544475554
 test_acc:0.8447513812154697
 f_score:0.8422764902063478
 test_mae:0.6044551422276613
 test_corr:0.7726494696062363
epoch:6, train_loss:0.49693992193293784, valid_loss:0.5410825471083324,
 test_acc_7:0.4977385311221193
 test_acc:0.85
 f_score:0.8476252793953414
 test_mae:0.6037239426176948
 test_corr:0.775968912041827
epoch:7, train_loss:0.4425454023225469, valid_loss:0.5439667423566182,
 test_acc_7:0.5121688563428818
 test_acc:0.8430939226519337
 f_score:0.8437775979710795
 test_mae:0.6187661062891001
 test_corr:0.7748900791009572
epoch:8, train_loss:0.39621932677111443, valid_loss:0.5639874617258708,
 test_acc_7:0.5072151626103812
 test_acc:0.85
 f_score:0.8495589848924068
 test_mae:0.6187403691946789
 test_corr:0.7729626742889931
epoch:9, train_loss:0.36041178099349536, valid_loss:0.5151696741580963,
 test_acc_7:0.5281068274822314
 test_acc:0.8566298342541436
 f_score:0.8568111788055063
 test_mae:0.582037969649025
 test_corr:0.7866195592109984
epoch:10, train_loss:0.3139899940089842, valid_loss:0.5394093294938406,
 test_acc_7:0.506784406633642
 test_acc:0.8433701657458563
 f_score:0.8432861399919079
 test_mae:0.6126748095156538
 test_corr:0.7730529133879026
epoch:11, train_loss:0.281934918907188, valid_loss:0.588248610496521,
 test_acc_7:0.49709239715701053
 test_acc:0.8320441988950277
 f_score:0.8340353876051809
 test_mae:0.6325001286582033
 test_corr:0.7761887287305945
epoch:12, train_loss:0.24929597943054188, valid_loss:0.5730622053146363,
 test_acc_7:0.49838466508722806
 test_acc:0.8511049723756906
 f_score:0.8510480570613844
 test_mae:0.6174609467698257
 test_corr:0.7769603502958495
epoch:13, train_loss:0.22419050302916924, valid_loss:0.5855168223381042,
 test_acc_7:0.4945078612965755
 test_acc:0.8458563535911602
 f_score:0.8465279923729971
 test_mae:0.624111161239716
 test_corr:0.773316579631117
epoch:14, train_loss:0.20061041608145103, valid_loss:0.5635475158691406,
 test_acc_7:0.4986000430755977
 test_acc:0.8447513812154697
 f_score:0.8448448269705944
 test_mae:0.6214781221783481
 test_corr:0.7715575665767145
epoch:15, train_loss:0.17896586669757303, valid_loss:0.5847048123677572,
 test_acc_7:0.4990307990523368
 test_acc:0.8461325966850829
 f_score:0.8464159620687197
 test_mae:0.6332870900745116
 test_corr:0.7696989527753577
epoch:16, train_loss:0.16408518461131416, valid_loss:0.5761362115542094,
 test_acc_7:0.49084643549429247
 test_acc:0.8475138121546961
 f_score:0.8476508071173182
 test_mae:0.6299341091714394
 test_corr:0.7788369395985544
epoch:17, train_loss:0.14875899908025708, valid_loss:0.601401158173879,
 test_acc_7:0.4925694594012492
 test_acc:0.8345303867403315
 f_score:0.836087812885559
 test_mae:0.6420969552404855
 test_corr:0.7764492569481826
epoch:18, train_loss:0.13576981396713791, valid_loss:0.5835822025934855,
 test_acc_7:0.4962308852035322
 test_acc:0.8359116022099448
 f_score:0.8371569105971309
 test_mae:0.6405821256475904
 test_corr:0.7715833094961497
epoch:19, train_loss:0.12053447111254245, valid_loss:0.564273848136266,
 test_acc_7:0.5016153349127719
 test_acc:0.8425414364640884
 f_score:0.8425414364640884
 test_mae:0.6272537361034941
 test_corr:0.774317401363191

-------------------Final Result-------------------
test_acc_7_all:[0.5268145595520138, 0.5291837174240792, 0.5270299375403834, 0.5296144734008185, 0.5281068274822314]
test_acc_all:[0.850828729281768, 0.8516574585635359, 0.8560773480662983, 0.8552486187845304, 0.8566298342541436]
test_f_score_all:[0.8504025131849995, 0.8509436422613249, 0.8545233839509996, 0.8554211547294934, 0.8568111788055063]
test_mae_all:[0.5843640494704172, 0.5828302704563795, 0.585039792958575, 0.5816531773687457, 0.582037969649025]
test_corr_all:[0.7869402786484849, 0.787045188464927, 0.7843697633790364, 0.787652611763048, 0.7866195592109984]

-------------------Average-------------------
test_acc_7_ave 0.5281499030799053
test_acc_ave 0.8540883977900553
test_f_score_ave 0.8536203745864647
test_mae_ave 0.5831850519806284
test_corr_ave 0.7865254802932989




