Experiment 1
epoch:0, train_loss:1.2963820159611097, valid_loss:0.8036917606989543,
 test_acc_7:0.42106396726254575
 test_acc:0.7524861878453039
 f_score:0.7554789540327649
 test_mae:0.8375782084151552
 test_corr:0.5617727119357236
epoch:1, train_loss:0.9063914870090541, valid_loss:0.5952035228411356,
 test_acc_7:0.4822313159595089
 test_acc:0.8337016574585635
 f_score:0.8326200329170238
 test_mae:0.6478466216771277
 test_corr:0.7334350279475473
epoch:2, train_loss:0.7318712911598801, valid_loss:0.5866160372893016,
 test_acc_7:0.48955416756407494
 test_acc:0.8320441988950277
 f_score:0.8340879872430522
 test_mae:0.6286162489819426
 test_corr:0.7579815392782778
epoch:3, train_loss:0.6609300931470584, valid_loss:0.5349615355332692,
 test_acc_7:0.49644626319190177
 test_acc:0.8535911602209945
 f_score:0.8526388994119977
 test_mae:0.5934869372668915
 test_corr:0.7811249430594036
epoch:4, train_loss:0.604731741028901, valid_loss:0.5571238100528717,
 test_acc_7:0.5080766745638595
 test_acc:0.8502762430939227
 f_score:0.8494370854516823
 test_mae:0.5940038189564039
 test_corr:0.7794716734972182
epoch:5, train_loss:0.5413068313162587, valid_loss:0.5770831048488617,
 test_acc_7:0.5005384449709239
 test_acc:0.843646408839779
 f_score:0.8440769779352545
 test_mae:0.6051956649020042
 test_corr:0.7790556191964747
epoch:6, train_loss:0.5095580305937117, valid_loss:0.5386564016342164,
 test_acc_7:0.5158302821451648
 test_acc:0.8488950276243094
 f_score:0.850361281697969
 test_mae:0.59746657395253
 test_corr:0.7884484569241484
epoch:7, train_loss:0.4673479772159132, valid_loss:0.5975179115931193,
 test_acc_7:0.48567736377342235
 test_acc:0.8566298342541436
 f_score:0.855889709281786
 test_mae:0.615997262050022
 test_corr:0.7915694297437381
epoch:8, train_loss:0.4366775107594718, valid_loss:0.5197706401348114,
 test_acc_7:0.5283222054706009
 test_acc:0.861049723756906
 f_score:0.860910274687757
 test_mae:0.5784695251122052
 test_corr:0.7966033802722883
epoch:9, train_loss:0.4030354823422643, valid_loss:0.5769540290037791,
 test_acc_7:0.4923540814128796
 test_acc:0.85
 f_score:0.8514983208442303
 test_mae:0.6157489466825333
 test_corr:0.7936205285220433
epoch:10, train_loss:0.3780873351040843, valid_loss:0.5558260997136434,
 test_acc_7:0.5033383588197287
 test_acc:0.8613259668508287
 f_score:0.8613259668508287
 test_mae:0.6059334895476115
 test_corr:0.7957993319412849
epoch:11, train_loss:0.3443030468833833, valid_loss:0.5766691227753957,
 test_acc_7:0.4942924833082059
 test_acc:0.843646408839779
 f_score:0.845356794378649
 test_mae:0.6226548118889846
 test_corr:0.7865285640808961
epoch:12, train_loss:0.3231907173507685, valid_loss:0.5850236237049102,
 test_acc_7:0.49709239715701053
 test_acc:0.8632596685082873
 f_score:0.8622063834706556
 test_mae:0.6030956337395724
 test_corr:0.7936358521979899
epoch:13, train_loss:0.29754060854074876, valid_loss:0.6412641346454621,
 test_acc_7:0.4904156795175533
 test_acc:0.856353591160221
 f_score:0.8559905049441509
 test_mae:0.6258840249286636
 test_corr:0.7875950150083173
epoch:14, train_loss:0.274994630025903, valid_loss:0.6126698076725006,
 test_acc_7:0.4878311436571182
 test_acc:0.8580110497237569
 f_score:0.8573401754606618
 test_mae:0.616476974738236
 test_corr:0.7916029976115573
epoch:15, train_loss:0.25147830202604116, valid_loss:0.6726249774297078,
 test_acc_7:0.47684686625026923
 test_acc:0.8519337016574585
 f_score:0.8527102697217742
 test_mae:0.6542716114290167
 test_corr:0.7818372005891743
epoch:16, train_loss:0.23966074963498607, valid_loss:0.5558782100677491,
 test_acc_7:0.5005384449709239
 test_acc:0.8544198895027625
 f_score:0.8546671626061727
 test_mae:0.6192557321697376
 test_corr:0.7796665281366066
epoch:17, train_loss:0.2188943832409417, valid_loss:0.6095657229423523,
 test_acc_7:0.48998492354081413
 test_acc:0.8475138121546961
 f_score:0.848818043447639
 test_mae:0.6376054519270636
 test_corr:0.7813732887963731
epoch:18, train_loss:0.2032101802022408, valid_loss:0.6132231056690216,
 test_acc_7:0.49515399526168424
 test_acc:0.8513812154696132
 f_score:0.8515366034711905
 test_mae:0.6332379014987563
 test_corr:0.7718312229141007
epoch:19, train_loss:0.19027939010246664, valid_loss:0.5926861584186554,
 test_acc_7:0.5033383588197287
 test_acc:0.8414364640883978
 f_score:0.8427088666833523
 test_mae:0.6322571175768509
 test_corr:0.7750890882300161

Experiment 2
epoch:0, train_loss:1.3272003079585972, valid_loss:0.781090788046519,
 test_acc_7:0.41524876157656687
 test_acc:0.7720994475138122
 f_score:0.7667315575534726
 test_mae:0.8144868689109431
 test_corr:0.5817143591683004
epoch:1, train_loss:0.9204827946195911, valid_loss:0.6103758792082469,
 test_acc_7:0.4746930863665733
 test_acc:0.8284530386740332
 f_score:0.8284137903956412
 test_mae:0.6567032357383885
 test_corr:0.7282367412496877
epoch:2, train_loss:0.743653253907651, valid_loss:0.6556294520696004,
 test_acc_7:0.46737023476200734
 test_acc:0.8339779005524862
 f_score:0.8330029404119524
 test_mae:0.6458116962589858
 test_corr:0.7480762990904539
epoch:3, train_loss:0.6700380262547889, valid_loss:0.5798416117827098,
 test_acc_7:0.4947232392849451
 test_acc:0.842817679558011
 f_score:0.8436126287982441
 test_mae:0.6100350628930856
 test_corr:0.7704491931435621
epoch:4, train_loss:0.603900242256204, valid_loss:0.5660276707013448,
 test_acc_7:0.5231531337497308
 test_acc:0.8414364640883978
 f_score:0.842809109132257
 test_mae:0.5999314000053567
 test_corr:0.7784640198181947
epoch:5, train_loss:0.564421932561911, valid_loss:0.5626105427742004,
 test_acc_7:0.5039844927848374
 test_acc:0.8558011049723757
 f_score:0.8559093306074103
 test_mae:0.5930820450815758
 test_corr:0.7923380413269266
epoch:6, train_loss:0.5165009076176843, valid_loss:0.6105893611907959,
 test_acc_7:0.49536937325005387
 test_acc:0.8546961325966851
 f_score:0.8552340159845337
 test_mae:0.6034521286059498
 test_corr:0.7845377658230057
epoch:7, train_loss:0.4819991981561205, valid_loss:0.5937761227289836,
 test_acc_7:0.5048460047383158
 test_acc:0.8441988950276244
 f_score:0.8457914711089647
 test_mae:0.6069593241388905
 test_corr:0.7870138256115283
epoch:8, train_loss:0.43859517798487063, valid_loss:0.5901216030120849,
 test_acc_7:0.4979539091104889
 test_acc:0.8549723756906077
 f_score:0.8557777477553955
 test_mae:0.6130222264635158
 test_corr:0.7896880153122808
epoch:9, train_loss:0.41168338244995184, valid_loss:0.5078937351703643,
 test_acc_7:0.5263536506569029
 test_acc:0.8657458563535911
 f_score:0.8654503496075808
 test_mae:0.5853684217218523
 test_corr:0.8011387742603179
epoch:10, train_loss:0.38008566073260125, valid_loss:0.6494833131631216,
 test_acc_7:0.47576997630842127
 test_acc:0.8486187845303867
 f_score:0.8500510247797431
 test_mae:0.6414091557145983
 test_corr:0.7773182025196301
epoch:11, train_loss:0.3676002488902888, valid_loss:0.6027873277664184,
 test_acc_7:0.49170794744777085
 test_acc:0.8552486187845304
 f_score:0.8553786647273092
 test_mae:0.6177132020931972
 test_corr:0.7850074045594572
epoch:12, train_loss:0.33943537152358566, valid_loss:0.631303612391154,
 test_acc_7:0.5069997846220117
 test_acc:0.838121546961326
 f_score:0.8401759750986972
 test_mae:0.6311960052952263
 test_corr:0.7895790837431416
epoch:13, train_loss:0.3095598454672327, valid_loss:0.559149875164032,
 test_acc_7:0.5095843204824467
 test_acc:0.8533149171270719
 f_score:0.8531214732978043
 test_mae:0.6009630058629655
 test_corr:0.7889137930854185
epoch:14, train_loss:0.28348801326786877, valid_loss:0.6707590421040853,
 test_acc_7:0.4867542537152703
 test_acc:0.8458563535911602
 f_score:0.847093288517963
 test_mae:0.6607917784855672
 test_corr:0.7797356384247869
epoch:15, train_loss:0.2662523588863446, valid_loss:0.6032133400440216,
 test_acc_7:0.5031229808313591
 test_acc:0.8486187845303867
 f_score:0.849613212806664
 test_mae:0.6208048408431756
 test_corr:0.7811305726411335
epoch:16, train_loss:0.24542351994542597, valid_loss:0.5734906474749247,
 test_acc_7:0.5076459185871204
 test_acc:0.8524861878453038
 f_score:0.8528514953352565
 test_mae:0.6162829489911391
 test_corr:0.780405535683669
epoch:17, train_loss:0.22699641678097676, valid_loss:0.610979958375295,
 test_acc_7:0.4981692870988585
 test_acc:0.8472375690607735
 f_score:0.8479909603668115
 test_mae:0.633406476577897
 test_corr:0.7764824127961124
epoch:18, train_loss:0.21434251616838057, valid_loss:0.5962638775507609,
 test_acc_7:0.5041998707732069
 test_acc:0.844475138121547
 f_score:0.844935483202215
 test_mae:0.6273823332485697
 test_corr:0.7786457901881383
epoch:19, train_loss:0.1976052507274622, valid_loss:0.6289146323998769,
 test_acc_7:0.48933878957570537
 test_acc:0.8497237569060774
 f_score:0.8501168025093488
 test_mae:0.6399707700999632
 test_corr:0.7762383499710053

Experiment 3
epoch:0, train_loss:1.260663252137052, valid_loss:0.7426986972490947,
 test_acc_7:0.4413094981692871
 test_acc:0.7814917127071823
 f_score:0.7826241316246283
 test_mae:0.7974204264978929
 test_corr:0.6132083660781454
epoch:1, train_loss:0.8889775899483391, valid_loss:0.6476748327414195,
 test_acc_7:0.4451863019599397
 test_acc:0.8303867403314917
 f_score:0.8272632614034634
 test_mae:0.6540770527466099
 test_corr:0.7392163624206907
epoch:2, train_loss:0.7274117849569405, valid_loss:0.5875038305918375,
 test_acc_7:0.48373896187809606
 test_acc:0.8461325966850829
 f_score:0.8460500528668303
 test_mae:0.6114229046020062
 test_corr:0.7685438733107022
epoch:3, train_loss:0.6521750715805718, valid_loss:0.5567239085833232,
 test_acc_7:0.48158518199440015
 test_acc:0.8513812154696132
 f_score:0.8523574972444987
 test_mae:0.6023642963869771
 test_corr:0.7750271954093659
epoch:4, train_loss:0.6101943240404832, valid_loss:0.555091651280721,
 test_acc_7:0.4986000430755977
 test_acc:0.8538674033149172
 f_score:0.852903637968796
 test_mae:0.5969330349552461
 test_corr:0.7791812536067371
epoch:5, train_loss:0.548503992919725, valid_loss:0.5455916027228037,
 test_acc_7:0.5046306267499462
 test_acc:0.8552486187845304
 f_score:0.8552923978686515
 test_mae:0.5816858856948749
 test_corr:0.797270582377849
epoch:6, train_loss:0.5122855620837845, valid_loss:0.6016168872515361,
 test_acc_7:0.477493000215378
 test_acc:0.8580110497237569
 f_score:0.8572152433988276
 test_mae:0.6119007813328754
 test_corr:0.790094475815097
epoch:7, train_loss:0.47993904519221775, valid_loss:0.5252772072950999,
 test_acc_7:0.5231531337497308
 test_acc:0.8624309392265194
 f_score:0.8629034281809378
 test_mae:0.5788734529467134
 test_corr:0.7956171436525632
epoch:8, train_loss:0.44064226636668574, valid_loss:0.5271166222890218,
 test_acc_7:0.499461555029076
 test_acc:0.8577348066298343
 f_score:0.8571241783113593
 test_mae:0.5872249089604634
 test_corr:0.7951734379015292
epoch:9, train_loss:0.4136527240012599, valid_loss:0.5311582108338674,
 test_acc_7:0.5048460047383158
 test_acc:0.8582872928176796
 f_score:0.8576545933624959
 test_mae:0.5919180884924592
 test_corr:0.7907631271461424
epoch:10, train_loss:0.3819412040499459, valid_loss:0.5482857863108317,
 test_acc_7:0.4977385311221193
 test_acc:0.8541436464088398
 f_score:0.8549979703995053
 test_mae:0.6100273084404843
 test_corr:0.7818209718172423
epoch:11, train_loss:0.3451918931485629, valid_loss:0.637421981493632,
 test_acc_7:0.4714624165410295
 test_acc:0.8657458563535911
 f_score:0.8646991565588157
 test_mae:0.6231928211951999
 test_corr:0.7963568455492229
epoch:12, train_loss:0.3255221650751643, valid_loss:0.5852027714252472,
 test_acc_7:0.4878311436571182
 test_acc:0.8588397790055249
 f_score:0.8572304850638505
 test_mae:0.6116650537591883
 test_corr:0.7883614813079292
epoch:13, train_loss:0.3029186863199448, valid_loss:0.5579218447208405,
 test_acc_7:0.5033383588197287
 test_acc:0.8588397790055249
 f_score:0.8577787877720132
 test_mae:0.5954665977347638
 test_corr:0.790217064172966
epoch:14, train_loss:0.27721903875338294, valid_loss:0.6346548636754353,
 test_acc_7:0.47620073228516047
 test_acc:0.850828729281768
 f_score:0.8510498803718415
 test_mae:0.6427399190457587
 test_corr:0.7796053221381595
epoch:15, train_loss:0.26144538791218336, valid_loss:0.6708232680956523,
 test_acc_7:0.47576997630842127
 test_acc:0.8527624309392265
 f_score:0.8530125192961862
 test_mae:0.6521374210980243
 test_corr:0.7827829028654582
epoch:16, train_loss:0.23991165659596433, valid_loss:0.5831650714079539,
 test_acc_7:0.4940771053198363
 test_acc:0.8519337016574585
 f_score:0.8525209503760767
 test_mae:0.6134813070767404
 test_corr:0.7808706677414383
epoch:17, train_loss:0.21800214984072344, valid_loss:0.5586395661036173,
 test_acc_7:0.5044152487615766
 test_acc:0.8560773480662983
 f_score:0.8562172510625694
 test_mae:0.6051476219174059
 test_corr:0.7855953343510195
epoch:18, train_loss:0.20531201558215076, valid_loss:0.5761292994022369,
 test_acc_7:0.5065690286452724
 test_acc:0.8538674033149172
 f_score:0.853833969596287
 test_mae:0.610001658627703
 test_corr:0.7845235106095579
epoch:19, train_loss:0.17611184061276877, valid_loss:0.596062030394872,
 test_acc_7:0.4904156795175533
 test_acc:0.8530386740331491
 f_score:0.8528098354757631
 test_mae:0.6180921197508864
 test_corr:0.7851704385573393

Experiment 4
epoch:0, train_loss:1.3100614644433193, valid_loss:0.7676750858624776,
 test_acc_7:0.42860219685548134
 test_acc:0.7643646408839779
 f_score:0.7630649135379665
 test_mae:0.8121934491595593
 test_corr:0.5845767319609476
epoch:1, train_loss:0.9088491816787945, valid_loss:0.585015086332957,
 test_acc_7:0.4755545983200517
 test_acc:0.8328729281767956
 f_score:0.8310349502471015
 test_mae:0.6369497417994544
 test_corr:0.7441337675767287
epoch:2, train_loss:0.7412012032175486, valid_loss:0.7177697499593099,
 test_acc_7:0.44389403402972216
 test_acc:0.8411602209944752
 f_score:0.8421381879171475
 test_mae:0.6704792126268405
 test_corr:0.7573108204775167
epoch:3, train_loss:0.6623846108758695, valid_loss:0.5991042971611023,
 test_acc_7:0.5031229808313591
 test_acc:0.8533149171270719
 f_score:0.8537490969456061
 test_mae:0.6072132331701362
 test_corr:0.7777540173760495
epoch:4, train_loss:0.6146717538348342, valid_loss:0.6562852223714193,
 test_acc_7:0.46650872280852895
 test_acc:0.861049723756906
 f_score:0.8604771822529036
 test_mae:0.6177122081968284
 test_corr:0.7881791328950839
epoch:5, train_loss:0.5467856456044853, valid_loss:0.5399840394655864,
 test_acc_7:0.5048460047383158
 test_acc:0.8549723756906077
 f_score:0.8555188597528974
 test_mae:0.5745921734444545
 test_corr:0.7951378157029093
epoch:6, train_loss:0.5144643333457564, valid_loss:0.5791347245375316,
 test_acc_7:0.5106612104242947
 test_acc:0.8588397790055249
 f_score:0.8597916234768445
 test_mae:0.6116465956877142
 test_corr:0.7946776368877143
epoch:7, train_loss:0.46985717434271246, valid_loss:0.5582901040712992,
 test_acc_7:0.5037691147964678
 test_acc:0.856353591160221
 f_score:0.8575971023497798
 test_mae:0.604982932922001
 test_corr:0.7963393559704106
epoch:8, train_loss:0.4392036365724243, valid_loss:0.598041025797526,
 test_acc_7:0.4942924833082059
 test_acc:0.86353591160221
 f_score:0.8634309460982379
 test_mae:0.6085230584526486
 test_corr:0.7925915243507583
epoch:9, train_loss:0.4101043025300918, valid_loss:0.5781145751476288,
 test_acc_7:0.4940771053198363
 test_acc:0.8638121546961326
 f_score:0.863036733006773
 test_mae:0.5981397594974251
 test_corr:0.7973030922590764
epoch:10, train_loss:0.37363286791122063, valid_loss:0.5589960614840189,
 test_acc_7:0.5044152487615766
 test_acc:0.8580110497237569
 f_score:0.8589602731036391
 test_mae:0.6081648189980888
 test_corr:0.7973476577857155
epoch:11, train_loss:0.34969304691022124, valid_loss:0.5693639715512594,
 test_acc_7:0.48976954555244456
 test_acc:0.8613259668508287
 f_score:0.8610655923456111
 test_mae:0.6155309307867627
 test_corr:0.791040627583202
epoch:12, train_loss:0.32749162368190676, valid_loss:0.5342923243840535,
 test_acc_7:0.5258762438078829
 test_acc:0.862707182320442
 f_score:0.8622577527395272
 test_mae:0.5878781655657964
 test_corr:0.7858951245902445
epoch:13, train_loss:0.30525350399249424, valid_loss:0.5455500682195028,
 test_acc_7:0.5158302821451648
 test_acc:0.850828729281768
 f_score:0.8517912080282801
 test_mae:0.597636360729443
 test_corr:0.7947220906433531
epoch:14, train_loss:0.2815408465784911, valid_loss:0.5743321498235067,
 test_acc_7:0.5048460047383158
 test_acc:0.8560773480662983
 f_score:0.8543191476804676
 test_mae:0.6037028416187261
 test_corr:0.7841080270735845
epoch:15, train_loss:0.26194952430538726, valid_loss:0.6395447810490926,
 test_acc_7:0.4830928279129873
 test_acc:0.8585635359116022
 f_score:0.8578952720542
 test_mae:0.6362995809044764
 test_corr:0.7820032464524129
epoch:16, train_loss:0.23668414380698077, valid_loss:0.5940652012825012,
 test_acc_7:0.4990307990523368
 test_acc:0.8533149171270719
 f_score:0.8541652268293486
 test_mae:0.6214360564531716
 test_corr:0.7878565321288467
epoch:17, train_loss:0.21940279356410017, valid_loss:0.5952183504899343,
 test_acc_7:0.5005384449709239
 test_acc:0.855524861878453
 f_score:0.8552652110946561
 test_mae:0.6191090540024284
 test_corr:0.7835068649525659
epoch:18, train_loss:0.2122204663523179, valid_loss:0.6098595956961314,
 test_acc_7:0.4947232392849451
 test_acc:0.8439226519337016
 f_score:0.8448649864733164
 test_mae:0.6395588387817837
 test_corr:0.7800106032057099
epoch:19, train_loss:0.18158712725987478, valid_loss:0.603230106830597,
 test_acc_7:0.4835235838897265
 test_acc:0.8558011049723757
 f_score:0.8545403292904642
 test_mae:0.62902975020871
 test_corr:0.7799475757645788

Experiment 5
epoch:0, train_loss:1.3957750783205736, valid_loss:0.842790154616038,
 test_acc_7:0.43312513461124275
 test_acc:0.7497237569060774
 f_score:0.7429686691037128
 test_mae:0.8622005102644282
 test_corr:0.5288533166981053
epoch:1, train_loss:0.9646826352165864, valid_loss:0.610624760389328,
 test_acc_7:0.46500107688994186
 test_acc:0.8259668508287292
 f_score:0.8273446319886366
 test_mae:0.6665980357663559
 test_corr:0.7201382963990691
epoch:2, train_loss:0.7607636740074045, valid_loss:0.5947447995344798,
 test_acc_7:0.4981692870988585
 test_acc:0.8422651933701657
 f_score:0.8426886707810904
 test_mae:0.6331491838361443
 test_corr:0.7508075445126732
epoch:3, train_loss:0.6801097777213319, valid_loss:0.59617786804835,
 test_acc_7:0.48524660779668316
 test_acc:0.8549723756906077
 f_score:0.8529890208427713
 test_mae:0.6083770166671195
 test_corr:0.7761883792528311
epoch:4, train_loss:0.6151037610913448, valid_loss:0.5506898860136668,
 test_acc_7:0.5164764161102735
 test_acc:0.8533149171270719
 f_score:0.8541474121221073
 test_mae:0.6023125917230362
 test_corr:0.7849510596860689
epoch:5, train_loss:0.5619190374834347, valid_loss:0.5312017103036245,
 test_acc_7:0.522506999784622
 test_acc:0.8466850828729282
 f_score:0.848328568937006
 test_mae:0.5933607809271876
 test_corr:0.7902874784701539
epoch:6, train_loss:0.5179368485215843, valid_loss:0.5149308522542317,
 test_acc_7:0.5242300236915787
 test_acc:0.862707182320442
 f_score:0.8626335301163638
 test_mae:0.5758469526697095
 test_corr:0.7960002519906872
epoch:7, train_loss:0.48059197222940336, valid_loss:0.5341753284136455,
 test_acc_7:0.5218608658195133
 test_acc:0.8599447513812155
 f_score:0.8599340964308232
 test_mae:0.5791653087608662
 test_corr:0.7967652820915849
epoch:8, train_loss:0.4415005583502902, valid_loss:0.5984108606974284,
 test_acc_7:0.49170794744777085
 test_acc:0.8522099447513812
 f_score:0.8516262414192416
 test_mae:0.6090289089274953
 test_corr:0.7847499925283772
epoch:9, train_loss:0.41603853982106775, valid_loss:0.5316056589285533,
 test_acc_7:0.5250915356450571
 test_acc:0.8461325966850829
 f_score:0.8472576037540476
 test_mae:0.5906210932605038
 test_corr:0.7939657503415936
epoch:10, train_loss:0.38585795519274596, valid_loss:0.6250762462615966,
 test_acc_7:0.5041998707732069
 test_acc:0.8502762430939227
 f_score:0.8512771751404133
 test_mae:0.6155356192429265
 test_corr:0.7897780660172723
epoch:11, train_loss:0.35900284956514306, valid_loss:0.5683970332145691,
 test_acc_7:0.5125996123196209
 test_acc:0.8574585635359117
 f_score:0.8582588481093256
 test_mae:0.6030680232663888
 test_corr:0.7915747778351706
epoch:12, train_loss:0.33153217564993553, valid_loss:0.5669716278711955,
 test_acc_7:0.5119534783545122
 test_acc:0.8591160220994475
 f_score:0.8588514981997244
 test_mae:0.5945503672723497
 test_corr:0.7901442634871125
epoch:13, train_loss:0.3070266150091953, valid_loss:0.6772517124811809,
 test_acc_7:0.4714624165410295
 test_acc:0.8585635359116022
 f_score:0.8584326696532026
 test_mae:0.6422745070659629
 test_corr:0.7909217930707195
epoch:14, train_loss:0.289480783836504, valid_loss:0.5536326169967651,
 test_acc_7:0.511522722377773
 test_acc:0.8486187845303867
 f_score:0.8495777251293711
 test_mae:0.6085110037868934
 test_corr:0.7871766713928536
epoch:15, train_loss:0.2660495723682871, valid_loss:0.5824471851189931,
 test_acc_7:0.5100150764591859
 test_acc:0.8383977900552486
 f_score:0.8402141209658369
 test_mae:0.6098394133914995
 test_corr:0.787410469635133
epoch:16, train_loss:0.24432379046900082, valid_loss:0.5797748943169911,
 test_acc_7:0.49515399526168424
 test_acc:0.8530386740331491
 f_score:0.8534026133302556
 test_mae:0.6130539759484317
 test_corr:0.7853369178431977
epoch:17, train_loss:0.22612893489082303, valid_loss:0.5982146342595418,
 test_acc_7:0.4945078612965755
 test_acc:0.8541436464088398
 f_score:0.8544844603249279
 test_mae:0.6219667696705324
 test_corr:0.7856916644561318
epoch:18, train_loss:0.21137592240420766, valid_loss:0.587500677506129,
 test_acc_7:0.4902003015291837
 test_acc:0.8516574585635359
 f_score:0.8517134710426733
 test_mae:0.6204848580263062
 test_corr:0.7744431267099474
epoch:19, train_loss:0.1910914918709997, valid_loss:0.596000881989797,
 test_acc_7:0.49687701916864097
 test_acc:0.8469613259668508
 f_score:0.8470988172880332
 test_mae:0.6207134966691892
 test_corr:0.7825400232595988

-------------------Final Result-------------------
test_acc_7_all:[0.5283222054706009, 0.5263536506569029, 0.5231531337497308, 0.5258762438078829, 0.5242300236915787]
test_acc_all:[0.861049723756906, 0.8657458563535911, 0.8624309392265194, 0.862707182320442, 0.862707182320442]
test_f_score_all:[0.860910274687757, 0.8654503496075808, 0.8629034281809378, 0.8622577527395272, 0.8626335301163638]
test_mae_all:[0.5784695251122052, 0.5853684217218523, 0.5788734529467134, 0.5878781655657964, 0.5758469526697095]
test_corr_all:[0.7966033802722883, 0.8011387742603179, 0.7956171436525632, 0.7858951245902445, 0.7960002519906872]

-------------------Average-------------------
test_acc_7_ave 0.5255870514753392
test_acc_ave 0.8629281767955801
test_f_score_ave 0.8628310670664334
test_mae_ave 0.5812873036032553
test_corr_ave 0.7950509349532202
